CRITICAL - 2023-02-07 06:13:19 --> Too few arguments to function App\Models\DashboardModel::count_pegawai_all(), 0 passed in D:\xampp7\htdocs\dashboardpeg2\app\Controllers\Dashboard1.php on line 37 and exactly 1 expected
#0 D:\xampp7\htdocs\dashboardpeg2\app\Controllers\Dashboard1.php(37): App\Models\DashboardModel->count_pegawai_all()
#1 D:\xampp7\htdocs\dashboardpeg2\system\CodeIgniter.php(832): App\Controllers\Dashboard1->index()
#2 D:\xampp7\htdocs\dashboardpeg2\system\CodeIgniter.php(419): CodeIgniter\CodeIgniter->runController(Object(App\Controllers\Dashboard1))
#3 D:\xampp7\htdocs\dashboardpeg2\system\CodeIgniter.php(326): CodeIgniter\CodeIgniter->handleRequest(NULL, Object(Config\Cache), false)
#4 D:\xampp7\htdocs\dashboardpeg2\index.php(47): CodeIgniter\CodeIgniter->run()
#5 {main}
CRITICAL - 2023-02-07 06:20:34 --> Trying to get property 'jumlah_status' of non-object
#0 D:\xampp7\htdocs\dashboardpeg2\app\Views\themes\modern\dashboard1.php(8): CodeIgniter\Debug\Exceptions->errorHandler(8, 'Trying to get p...', 'D:\\xampp7\\htdoc...', 8, Array)
#1 D:\xampp7\htdocs\dashboardpeg2\system\View\View.php(210): include('D:\\xampp7\\htdoc...')
#2 D:\xampp7\htdocs\dashboardpeg2\system\View\View.php(213): CodeIgniter\View\View->CodeIgniter\View\{closure}()
#3 D:\xampp7\htdocs\dashboardpeg2\system\Common.php(1089): CodeIgniter\View\View->render('themes/modern/d...', Array, true)
#4 D:\xampp7\htdocs\dashboardpeg2\app\Controllers\BaseController.php(247): view('themes/modern/d...', Array)
#5 D:\xampp7\htdocs\dashboardpeg2\app\Controllers\Dashboard1.php(42): App\Controllers\BaseController->view('dashboard1.php', Array)
#6 D:\xampp7\htdocs\dashboardpeg2\system\CodeIgniter.php(832): App\Controllers\Dashboard1->index()
#7 D:\xampp7\htdocs\dashboardpeg2\system\CodeIgniter.php(419): CodeIgniter\CodeIgniter->runController(Object(App\Controllers\Dashboard1))
#8 D:\xampp7\htdocs\dashboardpeg2\system\CodeIgniter.php(326): CodeIgniter\CodeIgniter->handleRequest(NULL, Object(Config\Cache), false)
#9 D:\xampp7\htdocs\dashboardpeg2\index.php(47): CodeIgniter\CodeIgniter->run()
#10 {main}
CRITICAL - 2023-02-07 06:21:47 --> Trying to get property 'jumlah_status' of non-object
#0 D:\xampp7\htdocs\dashboardpeg2\app\Views\themes\modern\dashboard1.php(8): CodeIgniter\Debug\Exceptions->errorHandler(8, 'Trying to get p...', 'D:\\xampp7\\htdoc...', 8, Array)
#1 D:\xampp7\htdocs\dashboardpeg2\system\View\View.php(210): include('D:\\xampp7\\htdoc...')
#2 D:\xampp7\htdocs\dashboardpeg2\system\View\View.php(213): CodeIgniter\View\View->CodeIgniter\View\{closure}()
#3 D:\xampp7\htdocs\dashboardpeg2\system\Common.php(1089): CodeIgniter\View\View->render('themes/modern/d...', Array, true)
#4 D:\xampp7\htdocs\dashboardpeg2\app\Controllers\BaseController.php(247): view('themes/modern/d...', Array)
#5 D:\xampp7\htdocs\dashboardpeg2\app\Controllers\Dashboard1.php(42): App\Controllers\BaseController->view('dashboard1.php', Array)
#6 D:\xampp7\htdocs\dashboardpeg2\system\CodeIgniter.php(832): App\Controllers\Dashboard1->index()
#7 D:\xampp7\htdocs\dashboardpeg2\system\CodeIgniter.php(419): CodeIgniter\CodeIgniter->runController(Object(App\Controllers\Dashboard1))
#8 D:\xampp7\htdocs\dashboardpeg2\system\CodeIgniter.php(326): CodeIgniter\CodeIgniter->handleRequest(NULL, Object(Config\Cache), false)
#9 D:\xampp7\htdocs\dashboardpeg2\index.php(47): CodeIgniter\CodeIgniter->run()
#10 {main}
CRITICAL - 2023-02-07 06:22:32 --> Trying to get property 'jumlah_status' of non-object
#0 D:\xampp7\htdocs\dashboardpeg2\app\Views\themes\modern\dashboard1.php(8): CodeIgniter\Debug\Exceptions->errorHandler(8, 'Trying to get p...', 'D:\\xampp7\\htdoc...', 8, Array)
#1 D:\xampp7\htdocs\dashboardpeg2\system\View\View.php(210): include('D:\\xampp7\\htdoc...')
#2 D:\xampp7\htdocs\dashboardpeg2\system\View\View.php(213): CodeIgniter\View\View->CodeIgniter\View\{closure}()
#3 D:\xampp7\htdocs\dashboardpeg2\system\Common.php(1089): CodeIgniter\View\View->render('themes/modern/d...', Array, true)
#4 D:\xampp7\htdocs\dashboardpeg2\app\Controllers\BaseController.php(247): view('themes/modern/d...', Array)
#5 D:\xampp7\htdocs\dashboardpeg2\app\Controllers\Dashboard1.php(42): App\Controllers\BaseController->view('dashboard1.php', Array)
#6 D:\xampp7\htdocs\dashboardpeg2\system\CodeIgniter.php(832): App\Controllers\Dashboard1->index()
#7 D:\xampp7\htdocs\dashboardpeg2\system\CodeIgniter.php(419): CodeIgniter\CodeIgniter->runController(Object(App\Controllers\Dashboard1))
#8 D:\xampp7\htdocs\dashboardpeg2\system\CodeIgniter.php(326): CodeIgniter\CodeIgniter->handleRequest(NULL, Object(Config\Cache), false)
#9 D:\xampp7\htdocs\dashboardpeg2\index.php(47): CodeIgniter\CodeIgniter->run()
#10 {main}
CRITICAL - 2023-02-07 06:23:00 --> Trying to get property 'jumlah_status' of non-object
#0 D:\xampp7\htdocs\dashboardpeg2\app\Views\themes\modern\dashboard1.php(8): CodeIgniter\Debug\Exceptions->errorHandler(8, 'Trying to get p...', 'D:\\xampp7\\htdoc...', 8, Array)
#1 D:\xampp7\htdocs\dashboardpeg2\system\View\View.php(210): include('D:\\xampp7\\htdoc...')
#2 D:\xampp7\htdocs\dashboardpeg2\system\View\View.php(213): CodeIgniter\View\View->CodeIgniter\View\{closure}()
#3 D:\xampp7\htdocs\dashboardpeg2\system\Common.php(1089): CodeIgniter\View\View->render('themes/modern/d...', Array, true)
#4 D:\xampp7\htdocs\dashboardpeg2\app\Controllers\BaseController.php(247): view('themes/modern/d...', Array)
#5 D:\xampp7\htdocs\dashboardpeg2\app\Controllers\Dashboard1.php(42): App\Controllers\BaseController->view('dashboard1.php', Array)
#6 D:\xampp7\htdocs\dashboardpeg2\system\CodeIgniter.php(832): App\Controllers\Dashboard1->index()
#7 D:\xampp7\htdocs\dashboardpeg2\system\CodeIgniter.php(419): CodeIgniter\CodeIgniter->runController(Object(App\Controllers\Dashboard1))
#8 D:\xampp7\htdocs\dashboardpeg2\system\CodeIgniter.php(326): CodeIgniter\CodeIgniter->handleRequest(NULL, Object(Config\Cache), false)
#9 D:\xampp7\htdocs\dashboardpeg2\index.php(47): CodeIgniter\CodeIgniter->run()
#10 {main}
CRITICAL - 2023-02-07 06:23:22 --> Array to string conversion
#0 D:\xampp7\htdocs\dashboardpeg2\app\Views\themes\modern\dashboard1.php(8): CodeIgniter\Debug\Exceptions->errorHandler(8, 'Array to string...', 'D:\\xampp7\\htdoc...', 8, Array)
#1 D:\xampp7\htdocs\dashboardpeg2\system\View\View.php(210): include('D:\\xampp7\\htdoc...')
#2 D:\xampp7\htdocs\dashboardpeg2\system\View\View.php(213): CodeIgniter\View\View->CodeIgniter\View\{closure}()
#3 D:\xampp7\htdocs\dashboardpeg2\system\Common.php(1089): CodeIgniter\View\View->render('themes/modern/d...', Array, true)
#4 D:\xampp7\htdocs\dashboardpeg2\app\Controllers\BaseController.php(247): view('themes/modern/d...', Array)
#5 D:\xampp7\htdocs\dashboardpeg2\app\Controllers\Dashboard1.php(42): App\Controllers\BaseController->view('dashboard1.php', Array)
#6 D:\xampp7\htdocs\dashboardpeg2\system\CodeIgniter.php(832): App\Controllers\Dashboard1->index()
#7 D:\xampp7\htdocs\dashboardpeg2\system\CodeIgniter.php(419): CodeIgniter\CodeIgniter->runController(Object(App\Controllers\Dashboard1))
#8 D:\xampp7\htdocs\dashboardpeg2\system\CodeIgniter.php(326): CodeIgniter\CodeIgniter->handleRequest(NULL, Object(Config\Cache), false)
#9 D:\xampp7\htdocs\dashboardpeg2\index.php(47): CodeIgniter\CodeIgniter->run()
#10 {main}
CRITICAL - 2023-02-07 06:23:35 --> Trying to get property 'jumlah_status' of non-object
#0 D:\xampp7\htdocs\dashboardpeg2\app\Views\themes\modern\dashboard1.php(8): CodeIgniter\Debug\Exceptions->errorHandler(8, 'Trying to get p...', 'D:\\xampp7\\htdoc...', 8, Array)
#1 D:\xampp7\htdocs\dashboardpeg2\system\View\View.php(210): include('D:\\xampp7\\htdoc...')
#2 D:\xampp7\htdocs\dashboardpeg2\system\View\View.php(213): CodeIgniter\View\View->CodeIgniter\View\{closure}()
#3 D:\xampp7\htdocs\dashboardpeg2\system\Common.php(1089): CodeIgniter\View\View->render('themes/modern/d...', Array, true)
#4 D:\xampp7\htdocs\dashboardpeg2\app\Controllers\BaseController.php(247): view('themes/modern/d...', Array)
#5 D:\xampp7\htdocs\dashboardpeg2\app\Controllers\Dashboard1.php(42): App\Controllers\BaseController->view('dashboard1.php', Array)
#6 D:\xampp7\htdocs\dashboardpeg2\system\CodeIgniter.php(832): App\Controllers\Dashboard1->index()
#7 D:\xampp7\htdocs\dashboardpeg2\system\CodeIgniter.php(419): CodeIgniter\CodeIgniter->runController(Object(App\Controllers\Dashboard1))
#8 D:\xampp7\htdocs\dashboardpeg2\system\CodeIgniter.php(326): CodeIgniter\CodeIgniter->handleRequest(NULL, Object(Config\Cache), false)
#9 D:\xampp7\htdocs\dashboardpeg2\index.php(47): CodeIgniter\CodeIgniter->run()
#10 {main}
CRITICAL - 2023-02-07 06:24:36 --> Trying to get property 'jumlah_status' of non-object
#0 D:\xampp7\htdocs\dashboardpeg2\app\Views\themes\modern\dashboard1.php(8): CodeIgniter\Debug\Exceptions->errorHandler(8, 'Trying to get p...', 'D:\\xampp7\\htdoc...', 8, Array)
#1 D:\xampp7\htdocs\dashboardpeg2\system\View\View.php(210): include('D:\\xampp7\\htdoc...')
#2 D:\xampp7\htdocs\dashboardpeg2\system\View\View.php(213): CodeIgniter\View\View->CodeIgniter\View\{closure}()
#3 D:\xampp7\htdocs\dashboardpeg2\system\Common.php(1089): CodeIgniter\View\View->render('themes/modern/d...', Array, true)
#4 D:\xampp7\htdocs\dashboardpeg2\app\Controllers\BaseController.php(247): view('themes/modern/d...', Array)
#5 D:\xampp7\htdocs\dashboardpeg2\app\Controllers\Dashboard1.php(42): App\Controllers\BaseController->view('dashboard1.php', Array)
#6 D:\xampp7\htdocs\dashboardpeg2\system\CodeIgniter.php(832): App\Controllers\Dashboard1->index()
#7 D:\xampp7\htdocs\dashboardpeg2\system\CodeIgniter.php(419): CodeIgniter\CodeIgniter->runController(Object(App\Controllers\Dashboard1))
#8 D:\xampp7\htdocs\dashboardpeg2\system\CodeIgniter.php(326): CodeIgniter\CodeIgniter->handleRequest(NULL, Object(Config\Cache), false)
#9 D:\xampp7\htdocs\dashboardpeg2\index.php(47): CodeIgniter\CodeIgniter->run()
#10 {main}
CRITICAL - 2023-02-07 06:29:03 --> Undefined variable: count_usulan_kp_by_status_MS
#0 D:\xampp7\htdocs\dashboardpeg2\app\Views\themes\modern\dashboard2.php(14): CodeIgniter\Debug\Exceptions->errorHandler(8, 'Undefined varia...', 'D:\\xampp7\\htdoc...', 14, Array)
#1 D:\xampp7\htdocs\dashboardpeg2\system\View\View.php(210): include('D:\\xampp7\\htdoc...')
#2 D:\xampp7\htdocs\dashboardpeg2\system\View\View.php(213): CodeIgniter\View\View->CodeIgniter\View\{closure}()
#3 D:\xampp7\htdocs\dashboardpeg2\system\Common.php(1089): CodeIgniter\View\View->render('themes/modern/d...', Array, true)
#4 D:\xampp7\htdocs\dashboardpeg2\app\Controllers\BaseController.php(247): view('themes/modern/d...', Array)
#5 D:\xampp7\htdocs\dashboardpeg2\app\Controllers\Dashboard2.php(53): App\Controllers\BaseController->view('dashboard2.php', Array)
#6 D:\xampp7\htdocs\dashboardpeg2\system\CodeIgniter.php(832): App\Controllers\Dashboard2->index()
#7 D:\xampp7\htdocs\dashboardpeg2\system\CodeIgniter.php(419): CodeIgniter\CodeIgniter->runController(Object(App\Controllers\Dashboard2))
#8 D:\xampp7\htdocs\dashboardpeg2\system\CodeIgniter.php(326): CodeIgniter\CodeIgniter->handleRequest(NULL, Object(Config\Cache), false)
#9 D:\xampp7\htdocs\dashboardpeg2\index.php(47): CodeIgniter\CodeIgniter->run()
#10 {main}
CRITICAL - 2023-02-07 06:30:23 --> You must set the database table to be used with your query.
#0 D:\xampp7\htdocs\dashboardpeg2\system\Model.php(545): CodeIgniter\Database\BaseConnection->table(NULL)
#1 D:\xampp7\htdocs\dashboardpeg2\system\Model.php(722): CodeIgniter\Model->builder()
#2 D:\xampp7\htdocs\dashboardpeg2\app\Controllers\Dashboard2.php(41): CodeIgniter\Model->__call('get_data_by_ins...', Array)
#3 D:\xampp7\htdocs\dashboardpeg2\system\CodeIgniter.php(832): App\Controllers\Dashboard2->index()
#4 D:\xampp7\htdocs\dashboardpeg2\system\CodeIgniter.php(419): CodeIgniter\CodeIgniter->runController(Object(App\Controllers\Dashboard2))
#5 D:\xampp7\htdocs\dashboardpeg2\system\CodeIgniter.php(326): CodeIgniter\CodeIgniter->handleRequest(NULL, Object(Config\Cache), false)
#6 D:\xampp7\htdocs\dashboardpeg2\index.php(47): CodeIgniter\CodeIgniter->run()
#7 {main}
CRITICAL - 2023-02-07 10:56:14 --> Unknown column 'waktu_update' in 'order clause'
#0 D:\xampp7\htdocs\dashboardpeg2\system\Database\MySQLi\Connection.php(292): mysqli->query('SELECT * FROM t...', 0)
#1 D:\xampp7\htdocs\dashboardpeg2\system\Database\BaseConnection.php(670): CodeIgniter\Database\MySQLi\Connection->execute('SELECT * FROM t...')
#2 D:\xampp7\htdocs\dashboardpeg2\system\Database\BaseConnection.php(598): CodeIgniter\Database\BaseConnection->simpleQuery('SELECT * FROM t...')
#3 D:\xampp7\htdocs\dashboardpeg2\app\Models\ImpordataModel.php(163): CodeIgniter\Database\BaseConnection->query('SELECT * FROM t...')
#4 D:\xampp7\htdocs\dashboardpeg2\app\Controllers\Impordata.php(58): App\Models\ImpordataModel->get_history_import()
#5 D:\xampp7\htdocs\dashboardpeg2\system\CodeIgniter.php(832): App\Controllers\Impordata->index()
#6 D:\xampp7\htdocs\dashboardpeg2\system\CodeIgniter.php(419): CodeIgniter\CodeIgniter->runController(Object(App\Controllers\Impordata))
#7 D:\xampp7\htdocs\dashboardpeg2\system\CodeIgniter.php(326): CodeIgniter\CodeIgniter->handleRequest(NULL, Object(Config\Cache), false)
#8 D:\xampp7\htdocs\dashboardpeg2\index.php(47): CodeIgniter\CodeIgniter->run()
#9 {main}
CRITICAL - 2023-02-07 19:21:23 --> Unknown column 'nama_file' in 'field list'
#0 D:\xampp7\htdocs\dashboardpeg2\system\Database\MySQLi\Connection.php(292): mysqli->query('INSERT INTO `us...', 0)
#1 D:\xampp7\htdocs\dashboardpeg2\system\Database\BaseConnection.php(670): CodeIgniter\Database\MySQLi\Connection->execute('INSERT INTO `us...')
#2 D:\xampp7\htdocs\dashboardpeg2\system\Database\BaseConnection.php(598): CodeIgniter\Database\BaseConnection->simpleQuery('INSERT INTO `us...')
#3 D:\xampp7\htdocs\dashboardpeg2\system\Database\BaseBuilder.php(1771): CodeIgniter\Database\BaseConnection->query('INSERT INTO `us...', Array, false)
#4 D:\xampp7\htdocs\dashboardpeg2\app\Models\ImpordataModel.php(96): CodeIgniter\Database\BaseBuilder->insert(Array)
#5 D:\xampp7\htdocs\dashboardpeg2\app\Controllers\Impordata.php(48): App\Models\ImpordataModel->impordatapegawai()
#6 D:\xampp7\htdocs\dashboardpeg2\system\CodeIgniter.php(832): App\Controllers\Impordata->index()
#7 D:\xampp7\htdocs\dashboardpeg2\system\CodeIgniter.php(419): CodeIgniter\CodeIgniter->runController(Object(App\Controllers\Impordata))
#8 D:\xampp7\htdocs\dashboardpeg2\system\CodeIgniter.php(326): CodeIgniter\CodeIgniter->handleRequest(NULL, Object(Config\Cache), false)
#9 D:\xampp7\htdocs\dashboardpeg2\index.php(47): CodeIgniter\CodeIgniter->run()
#10 {main}
CRITICAL - 2023-02-07 19:22:13 --> Table 'dashboardpeg2.history_import' doesn't exist
#0 D:\xampp7\htdocs\dashboardpeg2\system\Database\MySQLi\Connection.php(292): mysqli->query('INSERT INTO `hi...', 0)
#1 D:\xampp7\htdocs\dashboardpeg2\system\Database\BaseConnection.php(670): CodeIgniter\Database\MySQLi\Connection->execute('INSERT INTO `hi...')
#2 D:\xampp7\htdocs\dashboardpeg2\system\Database\BaseConnection.php(598): CodeIgniter\Database\BaseConnection->simpleQuery('INSERT INTO `hi...')
#3 D:\xampp7\htdocs\dashboardpeg2\system\Database\BaseBuilder.php(1771): CodeIgniter\Database\BaseConnection->query('INSERT INTO `hi...', Array, false)
#4 D:\xampp7\htdocs\dashboardpeg2\app\Models\ImpordataModel.php(96): CodeIgniter\Database\BaseBuilder->insert(Array)
#5 D:\xampp7\htdocs\dashboardpeg2\app\Controllers\Impordata.php(48): App\Models\ImpordataModel->impordatapegawai()
#6 D:\xampp7\htdocs\dashboardpeg2\system\CodeIgniter.php(832): App\Controllers\Impordata->index()
#7 D:\xampp7\htdocs\dashboardpeg2\system\CodeIgniter.php(419): CodeIgniter\CodeIgniter->runController(Object(App\Controllers\Impordata))
#8 D:\xampp7\htdocs\dashboardpeg2\system\CodeIgniter.php(326): CodeIgniter\CodeIgniter->handleRequest(NULL, Object(Config\Cache), false)
#9 D:\xampp7\htdocs\dashboardpeg2\index.php(47): CodeIgniter\CodeIgniter->run()
#10 {main}
