CRITICAL - 2023-02-03 19:27:08 --> Table 'dashboardpeg2.toko_penjualan' doesn't exist
#0 F:\xampp7\htdocs\dashboardpeg2\system\Database\MySQLi\Connection.php(292): mysqli->query('SELECT YEAR(tgl...', 0)
#1 F:\xampp7\htdocs\dashboardpeg2\system\Database\BaseConnection.php(670): CodeIgniter\Database\MySQLi\Connection->execute('SELECT YEAR(tgl...')
#2 F:\xampp7\htdocs\dashboardpeg2\system\Database\BaseConnection.php(598): CodeIgniter\Database\BaseConnection->simpleQuery('SELECT YEAR(tgl...')
#3 F:\xampp7\htdocs\dashboardpeg2\app\Models\DashboardModel.php(14): CodeIgniter\Database\BaseConnection->query('SELECT YEAR(tgl...')
#4 F:\xampp7\htdocs\dashboardpeg2\app\Controllers\Dashboard.php(30): App\Models\DashboardModel->getListTahun()
#5 F:\xampp7\htdocs\dashboardpeg2\system\CodeIgniter.php(832): App\Controllers\Dashboard->index()
#6 F:\xampp7\htdocs\dashboardpeg2\system\CodeIgniter.php(419): CodeIgniter\CodeIgniter->runController(Object(App\Controllers\Dashboard))
#7 F:\xampp7\htdocs\dashboardpeg2\system\CodeIgniter.php(326): CodeIgniter\CodeIgniter->handleRequest(NULL, Object(Config\Cache), false)
#8 F:\xampp7\htdocs\dashboardpeg2\index.php(47): CodeIgniter\CodeIgniter->run()
#9 {main}
CRITICAL - 2023-02-03 19:35:30 --> Undefined variable: message
#0 F:\xampp7\htdocs\dashboardpeg2\app\Views\themes\modern\dashboard1.php(4): CodeIgniter\Debug\Exceptions->errorHandler(8, 'Undefined varia...', 'F:\\xampp7\\htdoc...', 4, Array)
#1 F:\xampp7\htdocs\dashboardpeg2\system\View\View.php(210): include('F:\\xampp7\\htdoc...')
#2 F:\xampp7\htdocs\dashboardpeg2\system\View\View.php(213): CodeIgniter\View\View->CodeIgniter\View\{closure}()
#3 F:\xampp7\htdocs\dashboardpeg2\system\Common.php(1089): CodeIgniter\View\View->render('themes/modern/d...', Array, true)
#4 F:\xampp7\htdocs\dashboardpeg2\app\Controllers\BaseController.php(247): view('themes/modern/d...', Array)
#5 F:\xampp7\htdocs\dashboardpeg2\app\Controllers\Dashboard1.php(56): App\Controllers\BaseController->view('dashboard1.php', Array)
#6 F:\xampp7\htdocs\dashboardpeg2\system\CodeIgniter.php(832): App\Controllers\Dashboard1->index()
#7 F:\xampp7\htdocs\dashboardpeg2\system\CodeIgniter.php(419): CodeIgniter\CodeIgniter->runController(Object(App\Controllers\Dashboard1))
#8 F:\xampp7\htdocs\dashboardpeg2\system\CodeIgniter.php(326): CodeIgniter\CodeIgniter->handleRequest(NULL, Object(Config\Cache), false)
#9 F:\xampp7\htdocs\dashboardpeg2\index.php(47): CodeIgniter\CodeIgniter->run()
#10 {main}
CRITICAL - 2023-02-03 19:37:23 --> Table 'dashboardpeg2.toko_penjualan' doesn't exist
#0 F:\xampp7\htdocs\dashboardpeg2\system\Database\MySQLi\Connection.php(292): mysqli->query('SELECT YEAR(tgl...', 0)
#1 F:\xampp7\htdocs\dashboardpeg2\system\Database\BaseConnection.php(670): CodeIgniter\Database\MySQLi\Connection->execute('SELECT YEAR(tgl...')
#2 F:\xampp7\htdocs\dashboardpeg2\system\Database\BaseConnection.php(598): CodeIgniter\Database\BaseConnection->simpleQuery('SELECT YEAR(tgl...')
#3 F:\xampp7\htdocs\dashboardpeg2\app\Models\DashboardModel.php(14): CodeIgniter\Database\BaseConnection->query('SELECT YEAR(tgl...')
#4 F:\xampp7\htdocs\dashboardpeg2\app\Controllers\Dashboard1.php(33): App\Models\DashboardModel->getListTahun()
#5 F:\xampp7\htdocs\dashboardpeg2\system\CodeIgniter.php(832): App\Controllers\Dashboard1->index()
#6 F:\xampp7\htdocs\dashboardpeg2\system\CodeIgniter.php(419): CodeIgniter\CodeIgniter->runController(Object(App\Controllers\Dashboard1))
#7 F:\xampp7\htdocs\dashboardpeg2\system\CodeIgniter.php(326): CodeIgniter\CodeIgniter->handleRequest(NULL, Object(Config\Cache), false)
#8 F:\xampp7\htdocs\dashboardpeg2\index.php(47): CodeIgniter\CodeIgniter->run()
#9 {main}
CRITICAL - 2023-02-03 19:37:27 --> Table 'dashboardpeg2.toko_penjualan' doesn't exist
#0 F:\xampp7\htdocs\dashboardpeg2\system\Database\MySQLi\Connection.php(292): mysqli->query('SELECT YEAR(tgl...', 0)
#1 F:\xampp7\htdocs\dashboardpeg2\system\Database\BaseConnection.php(670): CodeIgniter\Database\MySQLi\Connection->execute('SELECT YEAR(tgl...')
#2 F:\xampp7\htdocs\dashboardpeg2\system\Database\BaseConnection.php(598): CodeIgniter\Database\BaseConnection->simpleQuery('SELECT YEAR(tgl...')
#3 F:\xampp7\htdocs\dashboardpeg2\app\Models\DashboardModel.php(14): CodeIgniter\Database\BaseConnection->query('SELECT YEAR(tgl...')
#4 F:\xampp7\htdocs\dashboardpeg2\app\Controllers\Dashboard1.php(33): App\Models\DashboardModel->getListTahun()
#5 F:\xampp7\htdocs\dashboardpeg2\system\CodeIgniter.php(832): App\Controllers\Dashboard1->index()
#6 F:\xampp7\htdocs\dashboardpeg2\system\CodeIgniter.php(419): CodeIgniter\CodeIgniter->runController(Object(App\Controllers\Dashboard1))
#7 F:\xampp7\htdocs\dashboardpeg2\system\CodeIgniter.php(326): CodeIgniter\CodeIgniter->handleRequest(NULL, Object(Config\Cache), false)
#8 F:\xampp7\htdocs\dashboardpeg2\index.php(47): CodeIgniter\CodeIgniter->run()
#9 {main}
CRITICAL - 2023-02-03 19:45:31 --> Table 'dashboardpeg2.toko_penjualan' doesn't exist
#0 F:\xampp7\htdocs\dashboardpeg2\system\Database\MySQLi\Connection.php(292): mysqli->query('SELECT YEAR(tgl...', 0)
#1 F:\xampp7\htdocs\dashboardpeg2\system\Database\BaseConnection.php(670): CodeIgniter\Database\MySQLi\Connection->execute('SELECT YEAR(tgl...')
#2 F:\xampp7\htdocs\dashboardpeg2\system\Database\BaseConnection.php(598): CodeIgniter\Database\BaseConnection->simpleQuery('SELECT YEAR(tgl...')
#3 F:\xampp7\htdocs\dashboardpeg2\app\Models\DashboardModel.php(14): CodeIgniter\Database\BaseConnection->query('SELECT YEAR(tgl...')
#4 F:\xampp7\htdocs\dashboardpeg2\app\Controllers\Dashboard.php(30): App\Models\DashboardModel->getListTahun()
#5 F:\xampp7\htdocs\dashboardpeg2\system\CodeIgniter.php(832): App\Controllers\Dashboard->index()
#6 F:\xampp7\htdocs\dashboardpeg2\system\CodeIgniter.php(419): CodeIgniter\CodeIgniter->runController(Object(App\Controllers\Dashboard))
#7 F:\xampp7\htdocs\dashboardpeg2\system\CodeIgniter.php(326): CodeIgniter\CodeIgniter->handleRequest(NULL, Object(Config\Cache), false)
#8 F:\xampp7\htdocs\dashboardpeg2\index.php(47): CodeIgniter\CodeIgniter->run()
#9 {main}
CRITICAL - 2023-02-03 19:46:37 --> Table 'dashboardpeg2.toko_penjualan' doesn't exist
#0 F:\xampp7\htdocs\dashboardpeg2\system\Database\MySQLi\Connection.php(292): mysqli->query('SELECT YEAR(tgl...', 0)
#1 F:\xampp7\htdocs\dashboardpeg2\system\Database\BaseConnection.php(670): CodeIgniter\Database\MySQLi\Connection->execute('SELECT YEAR(tgl...')
#2 F:\xampp7\htdocs\dashboardpeg2\system\Database\BaseConnection.php(598): CodeIgniter\Database\BaseConnection->simpleQuery('SELECT YEAR(tgl...')
#3 F:\xampp7\htdocs\dashboardpeg2\app\Models\DashboardModel.php(14): CodeIgniter\Database\BaseConnection->query('SELECT YEAR(tgl...')
#4 F:\xampp7\htdocs\dashboardpeg2\app\Controllers\Dashboard.php(30): App\Models\DashboardModel->getListTahun()
#5 F:\xampp7\htdocs\dashboardpeg2\system\CodeIgniter.php(832): App\Controllers\Dashboard->index()
#6 F:\xampp7\htdocs\dashboardpeg2\system\CodeIgniter.php(419): CodeIgniter\CodeIgniter->runController(Object(App\Controllers\Dashboard))
#7 F:\xampp7\htdocs\dashboardpeg2\system\CodeIgniter.php(326): CodeIgniter\CodeIgniter->handleRequest(NULL, Object(Config\Cache), false)
#8 F:\xampp7\htdocs\dashboardpeg2\index.php(47): CodeIgniter\CodeIgniter->run()
#9 {main}
CRITICAL - 2023-02-03 19:46:38 --> Table 'dashboardpeg2.toko_penjualan' doesn't exist
#0 F:\xampp7\htdocs\dashboardpeg2\system\Database\MySQLi\Connection.php(292): mysqli->query('SELECT YEAR(tgl...', 0)
#1 F:\xampp7\htdocs\dashboardpeg2\system\Database\BaseConnection.php(670): CodeIgniter\Database\MySQLi\Connection->execute('SELECT YEAR(tgl...')
#2 F:\xampp7\htdocs\dashboardpeg2\system\Database\BaseConnection.php(598): CodeIgniter\Database\BaseConnection->simpleQuery('SELECT YEAR(tgl...')
#3 F:\xampp7\htdocs\dashboardpeg2\app\Models\DashboardModel.php(14): CodeIgniter\Database\BaseConnection->query('SELECT YEAR(tgl...')
#4 F:\xampp7\htdocs\dashboardpeg2\app\Controllers\Dashboard.php(30): App\Models\DashboardModel->getListTahun()
#5 F:\xampp7\htdocs\dashboardpeg2\system\CodeIgniter.php(832): App\Controllers\Dashboard->index()
#6 F:\xampp7\htdocs\dashboardpeg2\system\CodeIgniter.php(419): CodeIgniter\CodeIgniter->runController(Object(App\Controllers\Dashboard))
#7 F:\xampp7\htdocs\dashboardpeg2\system\CodeIgniter.php(326): CodeIgniter\CodeIgniter->handleRequest(NULL, Object(Config\Cache), false)
#8 F:\xampp7\htdocs\dashboardpeg2\index.php(47): CodeIgniter\CodeIgniter->run()
#9 {main}
CRITICAL - 2023-02-03 19:47:17 --> Undefined variable: message
#0 F:\xampp7\htdocs\dashboardpeg2\app\Views\themes\modern\dashboard1.php(4): CodeIgniter\Debug\Exceptions->errorHandler(8, 'Undefined varia...', 'F:\\xampp7\\htdoc...', 4, Array)
#1 F:\xampp7\htdocs\dashboardpeg2\system\View\View.php(210): include('F:\\xampp7\\htdoc...')
#2 F:\xampp7\htdocs\dashboardpeg2\system\View\View.php(213): CodeIgniter\View\View->CodeIgniter\View\{closure}()
#3 F:\xampp7\htdocs\dashboardpeg2\system\Common.php(1089): CodeIgniter\View\View->render('themes/modern/d...', Array, true)
#4 F:\xampp7\htdocs\dashboardpeg2\app\Controllers\BaseController.php(247): view('themes/modern/d...', Array)
#5 F:\xampp7\htdocs\dashboardpeg2\app\Controllers\Dashboard1.php(32): App\Controllers\BaseController->view('dashboard1.php', Array)
#6 F:\xampp7\htdocs\dashboardpeg2\system\CodeIgniter.php(832): App\Controllers\Dashboard1->index()
#7 F:\xampp7\htdocs\dashboardpeg2\system\CodeIgniter.php(419): CodeIgniter\CodeIgniter->runController(Object(App\Controllers\Dashboard1))
#8 F:\xampp7\htdocs\dashboardpeg2\system\CodeIgniter.php(326): CodeIgniter\CodeIgniter->handleRequest(NULL, Object(Config\Cache), false)
#9 F:\xampp7\htdocs\dashboardpeg2\index.php(47): CodeIgniter\CodeIgniter->run()
#10 {main}
CRITICAL - 2023-02-03 19:48:03 --> Undefined variable: total_item_terjual
#0 F:\xampp7\htdocs\dashboardpeg2\app\Views\themes\modern\dashboard1.php(13): CodeIgniter\Debug\Exceptions->errorHandler(8, 'Undefined varia...', 'F:\\xampp7\\htdoc...', 13, Array)
#1 F:\xampp7\htdocs\dashboardpeg2\system\View\View.php(210): include('F:\\xampp7\\htdoc...')
#2 F:\xampp7\htdocs\dashboardpeg2\system\View\View.php(213): CodeIgniter\View\View->CodeIgniter\View\{closure}()
#3 F:\xampp7\htdocs\dashboardpeg2\system\Common.php(1089): CodeIgniter\View\View->render('themes/modern/d...', Array, true)
#4 F:\xampp7\htdocs\dashboardpeg2\app\Controllers\BaseController.php(247): view('themes/modern/d...', Array)
#5 F:\xampp7\htdocs\dashboardpeg2\app\Controllers\Dashboard1.php(32): App\Controllers\BaseController->view('dashboard1.php', Array)
#6 F:\xampp7\htdocs\dashboardpeg2\system\CodeIgniter.php(832): App\Controllers\Dashboard1->index()
#7 F:\xampp7\htdocs\dashboardpeg2\system\CodeIgniter.php(419): CodeIgniter\CodeIgniter->runController(Object(App\Controllers\Dashboard1))
#8 F:\xampp7\htdocs\dashboardpeg2\system\CodeIgniter.php(326): CodeIgniter\CodeIgniter->handleRequest(NULL, Object(Config\Cache), false)
#9 F:\xampp7\htdocs\dashboardpeg2\index.php(47): CodeIgniter\CodeIgniter->run()
#10 {main}
CRITICAL - 2023-02-03 19:56:43 --> Undefined variable: list_tahun
#0 F:\xampp7\htdocs\dashboardpeg2\app\Views\themes\modern\dashboard1.php(130): CodeIgniter\Debug\Exceptions->errorHandler(8, 'Undefined varia...', 'F:\\xampp7\\htdoc...', 130, Array)
#1 F:\xampp7\htdocs\dashboardpeg2\system\View\View.php(210): include('F:\\xampp7\\htdoc...')
#2 F:\xampp7\htdocs\dashboardpeg2\system\View\View.php(213): CodeIgniter\View\View->CodeIgniter\View\{closure}()
#3 F:\xampp7\htdocs\dashboardpeg2\system\Common.php(1089): CodeIgniter\View\View->render('themes/modern/d...', Array, true)
#4 F:\xampp7\htdocs\dashboardpeg2\app\Controllers\BaseController.php(247): view('themes/modern/d...', Array)
#5 F:\xampp7\htdocs\dashboardpeg2\app\Controllers\Dashboard1.php(32): App\Controllers\BaseController->view('dashboard1.php', Array)
#6 F:\xampp7\htdocs\dashboardpeg2\system\CodeIgniter.php(832): App\Controllers\Dashboard1->index()
#7 F:\xampp7\htdocs\dashboardpeg2\system\CodeIgniter.php(419): CodeIgniter\CodeIgniter->runController(Object(App\Controllers\Dashboard1))
#8 F:\xampp7\htdocs\dashboardpeg2\system\CodeIgniter.php(326): CodeIgniter\CodeIgniter->handleRequest(NULL, Object(Config\Cache), false)
#9 F:\xampp7\htdocs\dashboardpeg2\index.php(47): CodeIgniter\CodeIgniter->run()
#10 {main}
CRITICAL - 2023-02-03 19:56:47 --> Undefined variable: list_tahun
#0 F:\xampp7\htdocs\dashboardpeg2\app\Views\themes\modern\dashboard1.php(130): CodeIgniter\Debug\Exceptions->errorHandler(8, 'Undefined varia...', 'F:\\xampp7\\htdoc...', 130, Array)
#1 F:\xampp7\htdocs\dashboardpeg2\system\View\View.php(210): include('F:\\xampp7\\htdoc...')
#2 F:\xampp7\htdocs\dashboardpeg2\system\View\View.php(213): CodeIgniter\View\View->CodeIgniter\View\{closure}()
#3 F:\xampp7\htdocs\dashboardpeg2\system\Common.php(1089): CodeIgniter\View\View->render('themes/modern/d...', Array, true)
#4 F:\xampp7\htdocs\dashboardpeg2\app\Controllers\BaseController.php(247): view('themes/modern/d...', Array)
#5 F:\xampp7\htdocs\dashboardpeg2\app\Controllers\Dashboard1.php(32): App\Controllers\BaseController->view('dashboard1.php', Array)
#6 F:\xampp7\htdocs\dashboardpeg2\system\CodeIgniter.php(832): App\Controllers\Dashboard1->index()
#7 F:\xampp7\htdocs\dashboardpeg2\system\CodeIgniter.php(419): CodeIgniter\CodeIgniter->runController(Object(App\Controllers\Dashboard1))
#8 F:\xampp7\htdocs\dashboardpeg2\system\CodeIgniter.php(326): CodeIgniter\CodeIgniter->handleRequest(NULL, Object(Config\Cache), false)
#9 F:\xampp7\htdocs\dashboardpeg2\index.php(47): CodeIgniter\CodeIgniter->run()
#10 {main}
