CRITICAL - 2023-02-27 05:30:24 --> Trying to get property 'jumlah_status' of non-object
#0 D:\xampp7\htdocs\dashboardpegnew\app\Views\themes\modern\dashboard_admin.php(8): CodeIgniter\Debug\Exceptions->errorHandler(8, 'Trying to get p...', 'D:\\xampp7\\htdoc...', 8, Array)
#1 D:\xampp7\htdocs\dashboardpegnew\system\View\View.php(210): include('D:\\xampp7\\htdoc...')
#2 D:\xampp7\htdocs\dashboardpegnew\system\View\View.php(213): CodeIgniter\View\View->CodeIgniter\View\{closure}()
#3 D:\xampp7\htdocs\dashboardpegnew\system\Common.php(1089): CodeIgniter\View\View->render('themes/modern/d...', Array, true)
#4 D:\xampp7\htdocs\dashboardpegnew\app\Controllers\BaseController.php(248): view('themes/modern/d...', Array)
#5 D:\xampp7\htdocs\dashboardpegnew\app\Controllers\DashboardAdmin.php(42): App\Controllers\BaseController->view('dashboard_admin...', Array)
#6 D:\xampp7\htdocs\dashboardpegnew\system\CodeIgniter.php(832): App\Controllers\DashboardAdmin->index()
#7 D:\xampp7\htdocs\dashboardpegnew\system\CodeIgniter.php(419): CodeIgniter\CodeIgniter->runController(Object(App\Controllers\DashboardAdmin))
#8 D:\xampp7\htdocs\dashboardpegnew\system\CodeIgniter.php(326): CodeIgniter\CodeIgniter->handleRequest(NULL, Object(Config\Cache), false)
#9 D:\xampp7\htdocs\dashboardpegnew\index.php(47): CodeIgniter\CodeIgniter->run()
#10 {main}
CRITICAL - 2023-02-27 05:37:31 --> Trying to get property 'jumlah_status' of non-object
#0 D:\xampp7\htdocs\dashboardpegnew\app\Views\themes\modern\dashboard_admin.php(8): CodeIgniter\Debug\Exceptions->errorHandler(8, 'Trying to get p...', 'D:\\xampp7\\htdoc...', 8, Array)
#1 D:\xampp7\htdocs\dashboardpegnew\system\View\View.php(210): include('D:\\xampp7\\htdoc...')
#2 D:\xampp7\htdocs\dashboardpegnew\system\View\View.php(213): CodeIgniter\View\View->CodeIgniter\View\{closure}()
#3 D:\xampp7\htdocs\dashboardpegnew\system\Common.php(1089): CodeIgniter\View\View->render('themes/modern/d...', Array, true)
#4 D:\xampp7\htdocs\dashboardpegnew\app\Controllers\BaseController.php(248): view('themes/modern/d...', Array)
#5 D:\xampp7\htdocs\dashboardpegnew\app\Controllers\DashboardAdmin.php(42): App\Controllers\BaseController->view('dashboard_admin...', Array)
#6 D:\xampp7\htdocs\dashboardpegnew\system\CodeIgniter.php(832): App\Controllers\DashboardAdmin->index()
#7 D:\xampp7\htdocs\dashboardpegnew\system\CodeIgniter.php(419): CodeIgniter\CodeIgniter->runController(Object(App\Controllers\DashboardAdmin))
#8 D:\xampp7\htdocs\dashboardpegnew\system\CodeIgniter.php(326): CodeIgniter\CodeIgniter->handleRequest(NULL, Object(Config\Cache), false)
#9 D:\xampp7\htdocs\dashboardpegnew\index.php(47): CodeIgniter\CodeIgniter->run()
#10 {main}
CRITICAL - 2023-02-27 05:38:04 --> Undefined property: stdClass::$jumlah_pegawai
#0 D:\xampp7\htdocs\dashboardpegnew\app\Views\themes\modern\dashboard_admin.php(280): CodeIgniter\Debug\Exceptions->errorHandler(8, 'Undefined prope...', 'D:\\xampp7\\htdoc...', 280, Array)
#1 D:\xampp7\htdocs\dashboardpegnew\system\View\View.php(210): include('D:\\xampp7\\htdoc...')
#2 D:\xampp7\htdocs\dashboardpegnew\system\View\View.php(213): CodeIgniter\View\View->CodeIgniter\View\{closure}()
#3 D:\xampp7\htdocs\dashboardpegnew\system\Common.php(1089): CodeIgniter\View\View->render('themes/modern/d...', Array, true)
#4 D:\xampp7\htdocs\dashboardpegnew\app\Controllers\BaseController.php(248): view('themes/modern/d...', Array)
#5 D:\xampp7\htdocs\dashboardpegnew\app\Controllers\DashboardAdmin.php(42): App\Controllers\BaseController->view('dashboard_admin...', Array)
#6 D:\xampp7\htdocs\dashboardpegnew\system\CodeIgniter.php(832): App\Controllers\DashboardAdmin->index()
#7 D:\xampp7\htdocs\dashboardpegnew\system\CodeIgniter.php(419): CodeIgniter\CodeIgniter->runController(Object(App\Controllers\DashboardAdmin))
#8 D:\xampp7\htdocs\dashboardpegnew\system\CodeIgniter.php(326): CodeIgniter\CodeIgniter->handleRequest(NULL, Object(Config\Cache), false)
#9 D:\xampp7\htdocs\dashboardpegnew\index.php(47): CodeIgniter\CodeIgniter->run()
#10 {main}
CRITICAL - 2023-02-27 05:38:17 --> Undefined property: stdClass::$jumlah_pegawai
#0 D:\xampp7\htdocs\dashboardpegnew\app\Views\themes\modern\dashboard_admin.php(271): CodeIgniter\Debug\Exceptions->errorHandler(8, 'Undefined prope...', 'D:\\xampp7\\htdoc...', 271, Array)
#1 D:\xampp7\htdocs\dashboardpegnew\system\View\View.php(210): include('D:\\xampp7\\htdoc...')
#2 D:\xampp7\htdocs\dashboardpegnew\system\View\View.php(213): CodeIgniter\View\View->CodeIgniter\View\{closure}()
#3 D:\xampp7\htdocs\dashboardpegnew\system\Common.php(1089): CodeIgniter\View\View->render('themes/modern/d...', Array, true)
#4 D:\xampp7\htdocs\dashboardpegnew\app\Controllers\BaseController.php(248): view('themes/modern/d...', Array)
#5 D:\xampp7\htdocs\dashboardpegnew\app\Controllers\DashboardAdmin.php(42): App\Controllers\BaseController->view('dashboard_admin...', Array)
#6 D:\xampp7\htdocs\dashboardpegnew\system\CodeIgniter.php(832): App\Controllers\DashboardAdmin->index()
#7 D:\xampp7\htdocs\dashboardpegnew\system\CodeIgniter.php(419): CodeIgniter\CodeIgniter->runController(Object(App\Controllers\DashboardAdmin))
#8 D:\xampp7\htdocs\dashboardpegnew\system\CodeIgniter.php(326): CodeIgniter\CodeIgniter->handleRequest(NULL, Object(Config\Cache), false)
#9 D:\xampp7\htdocs\dashboardpegnew\index.php(47): CodeIgniter\CodeIgniter->run()
#10 {main}
CRITICAL - 2023-02-27 14:02:21 --> Object of class DateTime could not be converted to string
#0 D:\xampp7\htdocs\dashboardpegnew\system\Database\Query.php(318): strtr('INSERT INTO `tb...', Array)
#1 D:\xampp7\htdocs\dashboardpegnew\system\Database\Query.php(293): CodeIgniter\Database\Query->matchNamedBinds('INSERT INTO `tb...', Array)
#2 D:\xampp7\htdocs\dashboardpegnew\system\Database\Query.php(150): CodeIgniter\Database\Query->compileBinds()
#3 D:\xampp7\htdocs\dashboardpegnew\system\Database\BaseConnection.php(598): CodeIgniter\Database\Query->getQuery()
#4 D:\xampp7\htdocs\dashboardpegnew\system\Database\BaseBuilder.php(1771): CodeIgniter\Database\BaseConnection->query('INSERT INTO `tb...', Array, false)
#5 D:\xampp7\htdocs\dashboardpegnew\app\Models\ImpordataModel.php(259): CodeIgniter\Database\BaseBuilder->insert(Array)
#6 D:\xampp7\htdocs\dashboardpegnew\app\Controllers\Imporpindahinstansi.php(30): App\Models\ImpordataModel->imporpindahinstansi()
#7 D:\xampp7\htdocs\dashboardpegnew\system\CodeIgniter.php(832): App\Controllers\Imporpindahinstansi->index()
#8 D:\xampp7\htdocs\dashboardpegnew\system\CodeIgniter.php(419): CodeIgniter\CodeIgniter->runController(Object(App\Controllers\Imporpindahinstansi))
#9 D:\xampp7\htdocs\dashboardpegnew\system\CodeIgniter.php(326): CodeIgniter\CodeIgniter->handleRequest(NULL, Object(Config\Cache), false)
#10 D:\xampp7\htdocs\dashboardpegnew\index.php(47): CodeIgniter\CodeIgniter->run()
#11 {main}
CRITICAL - 2023-02-27 14:04:29 --> Object of class DateTime could not be converted to string
#0 D:\xampp7\htdocs\dashboardpegnew\system\Database\Query.php(318): strtr('INSERT INTO `tb...', Array)
#1 D:\xampp7\htdocs\dashboardpegnew\system\Database\Query.php(293): CodeIgniter\Database\Query->matchNamedBinds('INSERT INTO `tb...', Array)
#2 D:\xampp7\htdocs\dashboardpegnew\system\Database\Query.php(150): CodeIgniter\Database\Query->compileBinds()
#3 D:\xampp7\htdocs\dashboardpegnew\system\Database\BaseConnection.php(598): CodeIgniter\Database\Query->getQuery()
#4 D:\xampp7\htdocs\dashboardpegnew\system\Database\BaseBuilder.php(1771): CodeIgniter\Database\BaseConnection->query('INSERT INTO `tb...', Array, false)
#5 D:\xampp7\htdocs\dashboardpegnew\app\Models\ImpordataModel.php(259): CodeIgniter\Database\BaseBuilder->insert(Array)
#6 D:\xampp7\htdocs\dashboardpegnew\app\Controllers\Imporpindahinstansi.php(30): App\Models\ImpordataModel->imporpindahinstansi()
#7 D:\xampp7\htdocs\dashboardpegnew\system\CodeIgniter.php(832): App\Controllers\Imporpindahinstansi->index()
#8 D:\xampp7\htdocs\dashboardpegnew\system\CodeIgniter.php(419): CodeIgniter\CodeIgniter->runController(Object(App\Controllers\Imporpindahinstansi))
#9 D:\xampp7\htdocs\dashboardpegnew\system\CodeIgniter.php(326): CodeIgniter\CodeIgniter->handleRequest(NULL, Object(Config\Cache), false)
#10 D:\xampp7\htdocs\dashboardpegnew\index.php(47): CodeIgniter\CodeIgniter->run()
#11 {main}
CRITICAL - 2023-02-27 14:05:29 --> Object of class DateTime could not be converted to string
#0 D:\xampp7\htdocs\dashboardpegnew\system\Database\Query.php(318): strtr('INSERT INTO `tb...', Array)
#1 D:\xampp7\htdocs\dashboardpegnew\system\Database\Query.php(293): CodeIgniter\Database\Query->matchNamedBinds('INSERT INTO `tb...', Array)
#2 D:\xampp7\htdocs\dashboardpegnew\system\Database\Query.php(150): CodeIgniter\Database\Query->compileBinds()
#3 D:\xampp7\htdocs\dashboardpegnew\system\Database\BaseConnection.php(598): CodeIgniter\Database\Query->getQuery()
#4 D:\xampp7\htdocs\dashboardpegnew\system\Database\BaseBuilder.php(1771): CodeIgniter\Database\BaseConnection->query('INSERT INTO `tb...', Array, false)
#5 D:\xampp7\htdocs\dashboardpegnew\app\Models\ImpordataModel.php(259): CodeIgniter\Database\BaseBuilder->insert(Array)
#6 D:\xampp7\htdocs\dashboardpegnew\app\Controllers\Imporpindahinstansi.php(30): App\Models\ImpordataModel->imporpindahinstansi()
#7 D:\xampp7\htdocs\dashboardpegnew\system\CodeIgniter.php(832): App\Controllers\Imporpindahinstansi->index()
#8 D:\xampp7\htdocs\dashboardpegnew\system\CodeIgniter.php(419): CodeIgniter\CodeIgniter->runController(Object(App\Controllers\Imporpindahinstansi))
#9 D:\xampp7\htdocs\dashboardpegnew\system\CodeIgniter.php(326): CodeIgniter\CodeIgniter->handleRequest(NULL, Object(Config\Cache), false)
#10 D:\xampp7\htdocs\dashboardpegnew\index.php(47): CodeIgniter\CodeIgniter->run()
#11 {main}
CRITICAL - 2023-02-27 14:06:12 --> Object of class DateTime could not be converted to string
#0 D:\xampp7\htdocs\dashboardpegnew\system\Database\Query.php(318): strtr('INSERT INTO `tb...', Array)
#1 D:\xampp7\htdocs\dashboardpegnew\system\Database\Query.php(293): CodeIgniter\Database\Query->matchNamedBinds('INSERT INTO `tb...', Array)
#2 D:\xampp7\htdocs\dashboardpegnew\system\Database\Query.php(150): CodeIgniter\Database\Query->compileBinds()
#3 D:\xampp7\htdocs\dashboardpegnew\system\Database\BaseConnection.php(598): CodeIgniter\Database\Query->getQuery()
#4 D:\xampp7\htdocs\dashboardpegnew\system\Database\BaseBuilder.php(1771): CodeIgniter\Database\BaseConnection->query('INSERT INTO `tb...', Array, false)
#5 D:\xampp7\htdocs\dashboardpegnew\app\Models\ImpordataModel.php(259): CodeIgniter\Database\BaseBuilder->insert(Array)
#6 D:\xampp7\htdocs\dashboardpegnew\app\Controllers\Imporpindahinstansi.php(30): App\Models\ImpordataModel->imporpindahinstansi()
#7 D:\xampp7\htdocs\dashboardpegnew\system\CodeIgniter.php(832): App\Controllers\Imporpindahinstansi->index()
#8 D:\xampp7\htdocs\dashboardpegnew\system\CodeIgniter.php(419): CodeIgniter\CodeIgniter->runController(Object(App\Controllers\Imporpindahinstansi))
#9 D:\xampp7\htdocs\dashboardpegnew\system\CodeIgniter.php(326): CodeIgniter\CodeIgniter->handleRequest(NULL, Object(Config\Cache), false)
#10 D:\xampp7\htdocs\dashboardpegnew\index.php(47): CodeIgniter\CodeIgniter->run()
#11 {main}
CRITICAL - 2023-02-27 14:09:24 --> Object of class DateTime could not be converted to string
#0 D:\xampp7\htdocs\dashboardpegnew\system\Database\Query.php(318): strtr('INSERT INTO `tb...', Array)
#1 D:\xampp7\htdocs\dashboardpegnew\system\Database\Query.php(293): CodeIgniter\Database\Query->matchNamedBinds('INSERT INTO `tb...', Array)
#2 D:\xampp7\htdocs\dashboardpegnew\system\Database\Query.php(150): CodeIgniter\Database\Query->compileBinds()
#3 D:\xampp7\htdocs\dashboardpegnew\system\Database\BaseConnection.php(598): CodeIgniter\Database\Query->getQuery()
#4 D:\xampp7\htdocs\dashboardpegnew\system\Database\BaseBuilder.php(1771): CodeIgniter\Database\BaseConnection->query('INSERT INTO `tb...', Array, false)
#5 D:\xampp7\htdocs\dashboardpegnew\app\Models\ImpordataModel.php(257): CodeIgniter\Database\BaseBuilder->insert(Array)
#6 D:\xampp7\htdocs\dashboardpegnew\app\Controllers\Imporpindahinstansi.php(30): App\Models\ImpordataModel->imporpindahinstansi()
#7 D:\xampp7\htdocs\dashboardpegnew\system\CodeIgniter.php(832): App\Controllers\Imporpindahinstansi->index()
#8 D:\xampp7\htdocs\dashboardpegnew\system\CodeIgniter.php(419): CodeIgniter\CodeIgniter->runController(Object(App\Controllers\Imporpindahinstansi))
#9 D:\xampp7\htdocs\dashboardpegnew\system\CodeIgniter.php(326): CodeIgniter\CodeIgniter->handleRequest(NULL, Object(Config\Cache), false)
#10 D:\xampp7\htdocs\dashboardpegnew\index.php(47): CodeIgniter\CodeIgniter->run()
#11 {main}
