CRITICAL - 2023-02-10 00:10:10 --> Column 'id_menu_kategori' cannot be null
#0 D:\xampp7\htdocs\dashboardpeg2\system\Database\MySQLi\Connection.php(292): mysqli->query('INSERT INTO `me...', 0)
#1 D:\xampp7\htdocs\dashboardpeg2\system\Database\BaseConnection.php(670): CodeIgniter\Database\MySQLi\Connection->execute('INSERT INTO `me...')
#2 D:\xampp7\htdocs\dashboardpeg2\system\Database\BaseConnection.php(598): CodeIgniter\Database\BaseConnection->simpleQuery('INSERT INTO `me...')
#3 D:\xampp7\htdocs\dashboardpeg2\system\Database\BaseBuilder.php(1771): CodeIgniter\Database\BaseConnection->query('INSERT INTO `me...', Array, false)
#4 D:\xampp7\htdocs\dashboardpeg2\app\Models\Builtin\MenuModel.php(234): CodeIgniter\Database\BaseBuilder->insert(Array)
#5 D:\xampp7\htdocs\dashboardpeg2\app\Controllers\Builtin\Menu.php(168): App\Models\Builtin\MenuModel->saveMenu()
#6 D:\xampp7\htdocs\dashboardpeg2\system\CodeIgniter.php(832): App\Controllers\Builtin\Menu->editMenu()
#7 D:\xampp7\htdocs\dashboardpeg2\system\CodeIgniter.php(419): CodeIgniter\CodeIgniter->runController(Object(App\Controllers\Builtin\Menu))
#8 D:\xampp7\htdocs\dashboardpeg2\system\CodeIgniter.php(326): CodeIgniter\CodeIgniter->handleRequest(NULL, Object(Config\Cache), false)
#9 D:\xampp7\htdocs\dashboardpeg2\index.php(47): CodeIgniter\CodeIgniter->run()
#10 {main}
CRITICAL - 2023-02-10 00:12:15 --> Column 'id_menu_kategori' cannot be null
#0 D:\xampp7\htdocs\dashboardpeg2\system\Database\MySQLi\Connection.php(292): mysqli->query('INSERT INTO `me...', 0)
#1 D:\xampp7\htdocs\dashboardpeg2\system\Database\BaseConnection.php(670): CodeIgniter\Database\MySQLi\Connection->execute('INSERT INTO `me...')
#2 D:\xampp7\htdocs\dashboardpeg2\system\Database\BaseConnection.php(598): CodeIgniter\Database\BaseConnection->simpleQuery('INSERT INTO `me...')
#3 D:\xampp7\htdocs\dashboardpeg2\system\Database\BaseBuilder.php(1771): CodeIgniter\Database\BaseConnection->query('INSERT INTO `me...', Array, false)
#4 D:\xampp7\htdocs\dashboardpeg2\app\Models\Builtin\MenuModel.php(234): CodeIgniter\Database\BaseBuilder->insert(Array)
#5 D:\xampp7\htdocs\dashboardpeg2\app\Controllers\Builtin\Menu.php(168): App\Models\Builtin\MenuModel->saveMenu()
#6 D:\xampp7\htdocs\dashboardpeg2\system\CodeIgniter.php(832): App\Controllers\Builtin\Menu->editMenu()
#7 D:\xampp7\htdocs\dashboardpeg2\system\CodeIgniter.php(419): CodeIgniter\CodeIgniter->runController(Object(App\Controllers\Builtin\Menu))
#8 D:\xampp7\htdocs\dashboardpeg2\system\CodeIgniter.php(326): CodeIgniter\CodeIgniter->handleRequest(NULL, Object(Config\Cache), false)
#9 D:\xampp7\htdocs\dashboardpeg2\index.php(47): CodeIgniter\CodeIgniter->run()
#10 {main}
CRITICAL - 2023-02-10 00:17:48 --> Column 'id_menu_kategori' cannot be null
#0 D:\xampp7\htdocs\dashboardpeg2\system\Database\MySQLi\Connection.php(292): mysqli->query('INSERT INTO `me...', 0)
#1 D:\xampp7\htdocs\dashboardpeg2\system\Database\BaseConnection.php(670): CodeIgniter\Database\MySQLi\Connection->execute('INSERT INTO `me...')
#2 D:\xampp7\htdocs\dashboardpeg2\system\Database\BaseConnection.php(598): CodeIgniter\Database\BaseConnection->simpleQuery('INSERT INTO `me...')
#3 D:\xampp7\htdocs\dashboardpeg2\system\Database\BaseBuilder.php(1771): CodeIgniter\Database\BaseConnection->query('INSERT INTO `me...', Array, false)
#4 D:\xampp7\htdocs\dashboardpeg2\app\Models\Builtin\MenuModel.php(234): CodeIgniter\Database\BaseBuilder->insert(Array)
#5 D:\xampp7\htdocs\dashboardpeg2\app\Controllers\Builtin\Menu.php(168): App\Models\Builtin\MenuModel->saveMenu()
#6 D:\xampp7\htdocs\dashboardpeg2\system\CodeIgniter.php(832): App\Controllers\Builtin\Menu->editMenu()
#7 D:\xampp7\htdocs\dashboardpeg2\system\CodeIgniter.php(419): CodeIgniter\CodeIgniter->runController(Object(App\Controllers\Builtin\Menu))
#8 D:\xampp7\htdocs\dashboardpeg2\system\CodeIgniter.php(326): CodeIgniter\CodeIgniter->handleRequest(NULL, Object(Config\Cache), false)
#9 D:\xampp7\htdocs\dashboardpeg2\index.php(47): CodeIgniter\CodeIgniter->run()
#10 {main}
CRITICAL - 2023-02-10 00:45:20 --> Trying to get property 'nama_module' of non-object
#0 D:\xampp7\htdocs\dashboardpeg2\app\Controllers\BaseController.php(272): CodeIgniter\Debug\Exceptions->errorHandler(8, 'Trying to get p...', 'D:\\xampp7\\htdoc...', 272, Array)
#1 D:\xampp7\htdocs\dashboardpeg2\app\Controllers\BaseController.php(128): App\Controllers\BaseController->redirectOnLoggedIn()
#2 D:\xampp7\htdocs\dashboardpeg2\app\Controllers\Login.php(12): App\Controllers\BaseController->__construct()
#3 D:\xampp7\htdocs\dashboardpeg2\system\CodeIgniter.php(809): App\Controllers\Login->__construct()
#4 D:\xampp7\htdocs\dashboardpeg2\system\CodeIgniter.php(410): CodeIgniter\CodeIgniter->createController()
#5 D:\xampp7\htdocs\dashboardpeg2\system\CodeIgniter.php(326): CodeIgniter\CodeIgniter->handleRequest(NULL, Object(Config\Cache), false)
#6 D:\xampp7\htdocs\dashboardpeg2\index.php(47): CodeIgniter\CodeIgniter->run()
#7 {main}
CRITICAL - 2023-02-10 01:13:25 --> Trying to get property 'nama_module' of non-object
#0 D:\xampp7\htdocs\dashboardpeg2\app\Controllers\BaseController.php(272): CodeIgniter\Debug\Exceptions->errorHandler(8, 'Trying to get p...', 'D:\\xampp7\\htdoc...', 272, Array)
#1 D:\xampp7\htdocs\dashboardpeg2\app\Controllers\BaseController.php(128): App\Controllers\BaseController->redirectOnLoggedIn()
#2 D:\xampp7\htdocs\dashboardpeg2\app\Controllers\Login.php(12): App\Controllers\BaseController->__construct()
#3 D:\xampp7\htdocs\dashboardpeg2\system\CodeIgniter.php(809): App\Controllers\Login->__construct()
#4 D:\xampp7\htdocs\dashboardpeg2\system\CodeIgniter.php(410): CodeIgniter\CodeIgniter->createController()
#5 D:\xampp7\htdocs\dashboardpeg2\system\CodeIgniter.php(326): CodeIgniter\CodeIgniter->handleRequest(NULL, Object(Config\Cache), false)
#6 D:\xampp7\htdocs\dashboardpeg2\index.php(47): CodeIgniter\CodeIgniter->run()
#7 {main}
CRITICAL - 2023-02-10 01:15:19 --> Trying to get property 'nama_module' of non-object
#0 D:\xampp7\htdocs\dashboardpeg2\app\Controllers\BaseController.php(272): CodeIgniter\Debug\Exceptions->errorHandler(8, 'Trying to get p...', 'D:\\xampp7\\htdoc...', 272, Array)
#1 D:\xampp7\htdocs\dashboardpeg2\app\Controllers\BaseController.php(128): App\Controllers\BaseController->redirectOnLoggedIn()
#2 D:\xampp7\htdocs\dashboardpeg2\app\Controllers\Login.php(12): App\Controllers\BaseController->__construct()
#3 D:\xampp7\htdocs\dashboardpeg2\system\CodeIgniter.php(809): App\Controllers\Login->__construct()
#4 D:\xampp7\htdocs\dashboardpeg2\system\CodeIgniter.php(410): CodeIgniter\CodeIgniter->createController()
#5 D:\xampp7\htdocs\dashboardpeg2\system\CodeIgniter.php(326): CodeIgniter\CodeIgniter->handleRequest(NULL, Object(Config\Cache), false)
#6 D:\xampp7\htdocs\dashboardpeg2\index.php(47): CodeIgniter\CodeIgniter->run()
#7 {main}
CRITICAL - 2023-02-10 01:15:32 --> Trying to get property 'nama_module' of non-object
#0 D:\xampp7\htdocs\dashboardpeg2\app\Controllers\BaseController.php(272): CodeIgniter\Debug\Exceptions->errorHandler(8, 'Trying to get p...', 'D:\\xampp7\\htdoc...', 272, Array)
#1 D:\xampp7\htdocs\dashboardpeg2\app\Controllers\BaseController.php(128): App\Controllers\BaseController->redirectOnLoggedIn()
#2 D:\xampp7\htdocs\dashboardpeg2\app\Controllers\Login.php(12): App\Controllers\BaseController->__construct()
#3 D:\xampp7\htdocs\dashboardpeg2\system\CodeIgniter.php(809): App\Controllers\Login->__construct()
#4 D:\xampp7\htdocs\dashboardpeg2\system\CodeIgniter.php(410): CodeIgniter\CodeIgniter->createController()
#5 D:\xampp7\htdocs\dashboardpeg2\system\CodeIgniter.php(326): CodeIgniter\CodeIgniter->handleRequest(NULL, Object(Config\Cache), false)
#6 D:\xampp7\htdocs\dashboardpeg2\index.php(47): CodeIgniter\CodeIgniter->run()
#7 {main}
CRITICAL - 2023-02-10 01:45:41 --> Invalid file: themes/modern/Impordatakenaikanpangkat.php
#0 D:\xampp7\htdocs\dashboardpeg2\system\View\View.php(198): CodeIgniter\Exceptions\FrameworkException::forInvalidFile('themes/modern/I...')
#1 D:\xampp7\htdocs\dashboardpeg2\system\Common.php(1089): CodeIgniter\View\View->render('themes/modern/I...', Array, true)
#2 D:\xampp7\htdocs\dashboardpeg2\app\Controllers\BaseController.php(247): view('themes/modern/I...', Array)
#3 D:\xampp7\htdocs\dashboardpeg2\app\Controllers\Impordatakenaikanpangkat.php(60): App\Controllers\BaseController->view('Impordatakenaik...', Array)
#4 D:\xampp7\htdocs\dashboardpeg2\system\CodeIgniter.php(832): App\Controllers\Impordatakenaikanpangkat->index()
#5 D:\xampp7\htdocs\dashboardpeg2\system\CodeIgniter.php(419): CodeIgniter\CodeIgniter->runController(Object(App\Controllers\Impordatakenaikanpangkat))
#6 D:\xampp7\htdocs\dashboardpeg2\system\CodeIgniter.php(326): CodeIgniter\CodeIgniter->handleRequest(NULL, Object(Config\Cache), false)
#7 D:\xampp7\htdocs\dashboardpeg2\index.php(47): CodeIgniter\CodeIgniter->run()
#8 {main}
CRITICAL - 2023-02-10 01:45:47 --> Invalid file: themes/modern/Impordatakenaikanpangkat.php
#0 D:\xampp7\htdocs\dashboardpeg2\system\View\View.php(198): CodeIgniter\Exceptions\FrameworkException::forInvalidFile('themes/modern/I...')
#1 D:\xampp7\htdocs\dashboardpeg2\system\Common.php(1089): CodeIgniter\View\View->render('themes/modern/I...', Array, true)
#2 D:\xampp7\htdocs\dashboardpeg2\app\Controllers\BaseController.php(247): view('themes/modern/I...', Array)
#3 D:\xampp7\htdocs\dashboardpeg2\app\Controllers\Impordatakenaikanpangkat.php(60): App\Controllers\BaseController->view('Impordatakenaik...', Array)
#4 D:\xampp7\htdocs\dashboardpeg2\system\CodeIgniter.php(832): App\Controllers\Impordatakenaikanpangkat->index()
#5 D:\xampp7\htdocs\dashboardpeg2\system\CodeIgniter.php(419): CodeIgniter\CodeIgniter->runController(Object(App\Controllers\Impordatakenaikanpangkat))
#6 D:\xampp7\htdocs\dashboardpeg2\system\CodeIgniter.php(326): CodeIgniter\CodeIgniter->handleRequest(NULL, Object(Config\Cache), false)
#7 D:\xampp7\htdocs\dashboardpeg2\index.php(47): CodeIgniter\CodeIgniter->run()
#8 {main}
CRITICAL - 2023-02-10 01:46:19 --> Invalid file: themes/modern/impordatakenaikanpangkat.php
#0 D:\xampp7\htdocs\dashboardpeg2\system\View\View.php(198): CodeIgniter\Exceptions\FrameworkException::forInvalidFile('themes/modern/i...')
#1 D:\xampp7\htdocs\dashboardpeg2\system\Common.php(1089): CodeIgniter\View\View->render('themes/modern/i...', Array, true)
#2 D:\xampp7\htdocs\dashboardpeg2\app\Controllers\BaseController.php(247): view('themes/modern/i...', Array)
#3 D:\xampp7\htdocs\dashboardpeg2\app\Controllers\Impordatakenaikanpangkat.php(60): App\Controllers\BaseController->view('impordatakenaik...', Array)
#4 D:\xampp7\htdocs\dashboardpeg2\system\CodeIgniter.php(832): App\Controllers\Impordatakenaikanpangkat->index()
#5 D:\xampp7\htdocs\dashboardpeg2\system\CodeIgniter.php(419): CodeIgniter\CodeIgniter->runController(Object(App\Controllers\Impordatakenaikanpangkat))
#6 D:\xampp7\htdocs\dashboardpeg2\system\CodeIgniter.php(326): CodeIgniter\CodeIgniter->handleRequest(NULL, Object(Config\Cache), false)
#7 D:\xampp7\htdocs\dashboardpeg2\index.php(47): CodeIgniter\CodeIgniter->run()
#8 {main}
CRITICAL - 2023-02-10 01:51:56 --> Undefined index: tabel
#0 D:\xampp7\htdocs\dashboardpeg2\app\Controllers\Imporkenaikanpangkat.php(21): CodeIgniter\Debug\Exceptions->errorHandler(8, 'Undefined index...', 'D:\\xampp7\\htdoc...', 21, Array)
#1 D:\xampp7\htdocs\dashboardpeg2\system\CodeIgniter.php(809): App\Controllers\Imporkenaikanpangkat->__construct()
#2 D:\xampp7\htdocs\dashboardpeg2\system\CodeIgniter.php(410): CodeIgniter\CodeIgniter->createController()
#3 D:\xampp7\htdocs\dashboardpeg2\system\CodeIgniter.php(326): CodeIgniter\CodeIgniter->handleRequest(NULL, Object(Config\Cache), false)
#4 D:\xampp7\htdocs\dashboardpeg2\index.php(47): CodeIgniter\CodeIgniter->run()
#5 {main}
CRITICAL - 2023-02-10 01:52:47 --> Undefined index: nama_tabel
#0 D:\xampp7\htdocs\dashboardpeg2\app\Models\ImpordataModel.php(161): CodeIgniter\Debug\Exceptions->errorHandler(8, 'Undefined index...', 'D:\\xampp7\\htdoc...', 161, Array)
#1 D:\xampp7\htdocs\dashboardpeg2\app\Controllers\Imporkenaikanpangkat.php(31): App\Models\ImpordataModel->imporkenaikanpangkat()
#2 D:\xampp7\htdocs\dashboardpeg2\system\CodeIgniter.php(832): App\Controllers\Imporkenaikanpangkat->index()
#3 D:\xampp7\htdocs\dashboardpeg2\system\CodeIgniter.php(419): CodeIgniter\CodeIgniter->runController(Object(App\Controllers\Imporkenaikanpangkat))
#4 D:\xampp7\htdocs\dashboardpeg2\system\CodeIgniter.php(326): CodeIgniter\CodeIgniter->handleRequest(NULL, Object(Config\Cache), false)
#5 D:\xampp7\htdocs\dashboardpeg2\index.php(47): CodeIgniter\CodeIgniter->run()
#6 {main}
CRITICAL - 2023-02-10 02:08:06 --> You have an error in your SQL syntax; check the manual that corresponds to your MariaDB server version for the right syntax to use near '"tbl_kenaikanpangkat"" ORDER BY waktu_upload ASC' at line 1
#0 D:\xampp7\htdocs\dashboardpeg2\system\Database\MySQLi\Connection.php(292): mysqli->query('SELECT * FROM t...', 0)
#1 D:\xampp7\htdocs\dashboardpeg2\system\Database\BaseConnection.php(670): CodeIgniter\Database\MySQLi\Connection->execute('SELECT * FROM t...')
#2 D:\xampp7\htdocs\dashboardpeg2\system\Database\BaseConnection.php(598): CodeIgniter\Database\BaseConnection->simpleQuery('SELECT * FROM t...')
#3 D:\xampp7\htdocs\dashboardpeg2\app\Models\ImpordataModel.php(190): CodeIgniter\Database\BaseConnection->query('SELECT * FROM t...')
#4 D:\xampp7\htdocs\dashboardpeg2\app\Controllers\Imporkenaikanpangkat.php(36): App\Models\ImpordataModel->get_history_import('tbl_kenaikanpan...')
#5 D:\xampp7\htdocs\dashboardpeg2\system\CodeIgniter.php(832): App\Controllers\Imporkenaikanpangkat->index()
#6 D:\xampp7\htdocs\dashboardpeg2\system\CodeIgniter.php(419): CodeIgniter\CodeIgniter->runController(Object(App\Controllers\Imporkenaikanpangkat))
#7 D:\xampp7\htdocs\dashboardpeg2\system\CodeIgniter.php(326): CodeIgniter\CodeIgniter->handleRequest(NULL, Object(Config\Cache), false)
#8 D:\xampp7\htdocs\dashboardpeg2\index.php(47): CodeIgniter\CodeIgniter->run()
#9 {main}
CRITICAL - 2023-02-10 02:08:26 --> You have an error in your SQL syntax; check the manual that corresponds to your MariaDB server version for the right syntax to use near '"tbl_kenaikanpangkat" ORDER BY waktu_upload ASC' at line 1
#0 D:\xampp7\htdocs\dashboardpeg2\system\Database\MySQLi\Connection.php(292): mysqli->query('SELECT * FROM t...', 0)
#1 D:\xampp7\htdocs\dashboardpeg2\system\Database\BaseConnection.php(670): CodeIgniter\Database\MySQLi\Connection->execute('SELECT * FROM t...')
#2 D:\xampp7\htdocs\dashboardpeg2\system\Database\BaseConnection.php(598): CodeIgniter\Database\BaseConnection->simpleQuery('SELECT * FROM t...')
#3 D:\xampp7\htdocs\dashboardpeg2\app\Models\ImpordataModel.php(190): CodeIgniter\Database\BaseConnection->query('SELECT * FROM t...')
#4 D:\xampp7\htdocs\dashboardpeg2\app\Controllers\Imporkenaikanpangkat.php(36): App\Models\ImpordataModel->get_history_import('tbl_kenaikanpan...')
#5 D:\xampp7\htdocs\dashboardpeg2\system\CodeIgniter.php(832): App\Controllers\Imporkenaikanpangkat->index()
#6 D:\xampp7\htdocs\dashboardpeg2\system\CodeIgniter.php(419): CodeIgniter\CodeIgniter->runController(Object(App\Controllers\Imporkenaikanpangkat))
#7 D:\xampp7\htdocs\dashboardpeg2\system\CodeIgniter.php(326): CodeIgniter\CodeIgniter->handleRequest(NULL, Object(Config\Cache), false)
#8 D:\xampp7\htdocs\dashboardpeg2\index.php(47): CodeIgniter\CodeIgniter->run()
#9 {main}
CRITICAL - 2023-02-10 02:08:37 --> Too few arguments to function App\Models\ImpordataModel::get_history_import(), 0 passed in D:\xampp7\htdocs\dashboardpeg2\app\Controllers\Impordatapegawai.php on line 58 and exactly 1 expected
#0 D:\xampp7\htdocs\dashboardpeg2\app\Controllers\Impordatapegawai.php(58): App\Models\ImpordataModel->get_history_import()
#1 D:\xampp7\htdocs\dashboardpeg2\system\CodeIgniter.php(832): App\Controllers\Impordatapegawai->index()
#2 D:\xampp7\htdocs\dashboardpeg2\system\CodeIgniter.php(419): CodeIgniter\CodeIgniter->runController(Object(App\Controllers\Impordatapegawai))
#3 D:\xampp7\htdocs\dashboardpeg2\system\CodeIgniter.php(326): CodeIgniter\CodeIgniter->handleRequest(NULL, Object(Config\Cache), false)
#4 D:\xampp7\htdocs\dashboardpeg2\index.php(47): CodeIgniter\CodeIgniter->run()
#5 {main}
CRITICAL - 2023-02-10 02:59:58 --> Undefined index: nama_tabel
#0 D:\xampp7\htdocs\dashboardpeg2\app\Controllers\Impordatapegawai.php(47): CodeIgniter\Debug\Exceptions->errorHandler(8, 'Undefined index...', 'D:\\xampp7\\htdoc...', 47, Array)
#1 D:\xampp7\htdocs\dashboardpeg2\system\CodeIgniter.php(832): App\Controllers\Impordatapegawai->index()
#2 D:\xampp7\htdocs\dashboardpeg2\system\CodeIgniter.php(419): CodeIgniter\CodeIgniter->runController(Object(App\Controllers\Impordatapegawai))
#3 D:\xampp7\htdocs\dashboardpeg2\system\CodeIgniter.php(326): CodeIgniter\CodeIgniter->handleRequest(NULL, Object(Config\Cache), false)
#4 D:\xampp7\htdocs\dashboardpeg2\index.php(47): CodeIgniter\CodeIgniter->run()
#5 {main}
CRITICAL - 2023-02-10 03:00:53 --> Undefined index: nama_tabel
#0 D:\xampp7\htdocs\dashboardpeg2\app\Models\ImpordataModel.php(105): CodeIgniter\Debug\Exceptions->errorHandler(8, 'Undefined index...', 'D:\\xampp7\\htdoc...', 105, Array)
#1 D:\xampp7\htdocs\dashboardpeg2\app\Controllers\Impordatapegawai.php(31): App\Models\ImpordataModel->impordatapegawai()
#2 D:\xampp7\htdocs\dashboardpeg2\system\CodeIgniter.php(832): App\Controllers\Impordatapegawai->index()
#3 D:\xampp7\htdocs\dashboardpeg2\system\CodeIgniter.php(419): CodeIgniter\CodeIgniter->runController(Object(App\Controllers\Impordatapegawai))
#4 D:\xampp7\htdocs\dashboardpeg2\system\CodeIgniter.php(326): CodeIgniter\CodeIgniter->handleRequest(NULL, Object(Config\Cache), false)
#5 D:\xampp7\htdocs\dashboardpeg2\index.php(47): CodeIgniter\CodeIgniter->run()
#6 {main}
CRITICAL - 2023-02-10 03:20:00 --> Undefined variable: file
#0 D:\xampp7\htdocs\dashboardpeg2\app\Models\ImpordataModel.php(120): CodeIgniter\Debug\Exceptions->errorHandler(8, 'Undefined varia...', 'D:\\xampp7\\htdoc...', 120, Array)
#1 D:\xampp7\htdocs\dashboardpeg2\app\Controllers\Imporkenaikanpangkat.php(32): App\Models\ImpordataModel->imporkenaikanpangkat()
#2 D:\xampp7\htdocs\dashboardpeg2\system\CodeIgniter.php(832): App\Controllers\Imporkenaikanpangkat->index()
#3 D:\xampp7\htdocs\dashboardpeg2\system\CodeIgniter.php(419): CodeIgniter\CodeIgniter->runController(Object(App\Controllers\Imporkenaikanpangkat))
#4 D:\xampp7\htdocs\dashboardpeg2\system\CodeIgniter.php(326): CodeIgniter\CodeIgniter->handleRequest(NULL, Object(Config\Cache), false)
#5 D:\xampp7\htdocs\dashboardpeg2\index.php(47): CodeIgniter\CodeIgniter->run()
#6 {main}
CRITICAL - 2023-02-10 03:20:33 --> Class 'App\Models\RuntimeException' not found
#0 D:\xampp7\htdocs\dashboardpeg2\app\Controllers\Imporkenaikanpangkat.php(32): App\Models\ImpordataModel->imporkenaikanpangkat()
#1 D:\xampp7\htdocs\dashboardpeg2\system\CodeIgniter.php(832): App\Controllers\Imporkenaikanpangkat->index()
#2 D:\xampp7\htdocs\dashboardpeg2\system\CodeIgniter.php(419): CodeIgniter\CodeIgniter->runController(Object(App\Controllers\Imporkenaikanpangkat))
#3 D:\xampp7\htdocs\dashboardpeg2\system\CodeIgniter.php(326): CodeIgniter\CodeIgniter->handleRequest(NULL, Object(Config\Cache), false)
#4 D:\xampp7\htdocs\dashboardpeg2\index.php(47): CodeIgniter\CodeIgniter->run()
#5 {main}
CRITICAL - 2023-02-10 03:21:46 --> No readers supporting the given type: 
#0 D:\xampp7\htdocs\dashboardpeg2\app\ThirdParty\Spout\src\Spout\Reader\Common\Creator\ReaderFactory.php(42): Box\Spout\Reader\Common\Creator\ReaderFactory::createFromType('')
#1 D:\xampp7\htdocs\dashboardpeg2\app\ThirdParty\Spout\src\Spout\Reader\Common\Creator\ReaderEntityFactory.php(24): Box\Spout\Reader\Common\Creator\ReaderFactory::createFromFile('D:\\xampp7\\htdoc...')
#2 D:\xampp7\htdocs\dashboardpeg2\app\Models\ImpordataModel.php(135): Box\Spout\Reader\Common\Creator\ReaderEntityFactory::createReaderFromFile('D:\\xampp7\\htdoc...')
#3 D:\xampp7\htdocs\dashboardpeg2\app\Controllers\Imporkenaikanpangkat.php(32): App\Models\ImpordataModel->imporkenaikanpangkat()
#4 D:\xampp7\htdocs\dashboardpeg2\system\CodeIgniter.php(832): App\Controllers\Imporkenaikanpangkat->index()
#5 D:\xampp7\htdocs\dashboardpeg2\system\CodeIgniter.php(419): CodeIgniter\CodeIgniter->runController(Object(App\Controllers\Imporkenaikanpangkat))
#6 D:\xampp7\htdocs\dashboardpeg2\system\CodeIgniter.php(326): CodeIgniter\CodeIgniter->handleRequest(NULL, Object(Config\Cache), false)
#7 D:\xampp7\htdocs\dashboardpeg2\index.php(47): CodeIgniter\CodeIgniter->run()
#8 {main}
CRITICAL - 2023-02-10 03:22:55 --> No readers supporting the given type: 
#0 D:\xampp7\htdocs\dashboardpeg2\app\ThirdParty\Spout\src\Spout\Reader\Common\Creator\ReaderFactory.php(42): Box\Spout\Reader\Common\Creator\ReaderFactory::createFromType('')
#1 D:\xampp7\htdocs\dashboardpeg2\app\ThirdParty\Spout\src\Spout\Reader\Common\Creator\ReaderEntityFactory.php(24): Box\Spout\Reader\Common\Creator\ReaderFactory::createFromFile('D:\\xampp7\\htdoc...')
#2 D:\xampp7\htdocs\dashboardpeg2\app\Models\ImpordataModel.php(140): Box\Spout\Reader\Common\Creator\ReaderEntityFactory::createReaderFromFile('D:\\xampp7\\htdoc...')
#3 D:\xampp7\htdocs\dashboardpeg2\app\Controllers\Imporkenaikanpangkat.php(32): App\Models\ImpordataModel->imporkenaikanpangkat()
#4 D:\xampp7\htdocs\dashboardpeg2\system\CodeIgniter.php(832): App\Controllers\Imporkenaikanpangkat->index()
#5 D:\xampp7\htdocs\dashboardpeg2\system\CodeIgniter.php(419): CodeIgniter\CodeIgniter->runController(Object(App\Controllers\Imporkenaikanpangkat))
#6 D:\xampp7\htdocs\dashboardpeg2\system\CodeIgniter.php(326): CodeIgniter\CodeIgniter->handleRequest(NULL, Object(Config\Cache), false)
#7 D:\xampp7\htdocs\dashboardpeg2\index.php(47): CodeIgniter\CodeIgniter->run()
#8 {main}
CRITICAL - 2023-02-10 03:24:18 --> The original file is not a valid file.
#0 D:\xampp7\htdocs\dashboardpeg2\system\HTTP\Files\UploadedFile.php(137): CodeIgniter\HTTP\Exceptions\HTTPException::forInvalidFile()
#1 D:\xampp7\htdocs\dashboardpeg2\app\Models\ImpordataModel.php(166): CodeIgniter\HTTP\Files\UploadedFile->move('D:\\xampp7\\htdoc...', 'format_kenaikan...')
#2 D:\xampp7\htdocs\dashboardpeg2\app\Controllers\Imporkenaikanpangkat.php(32): App\Models\ImpordataModel->imporkenaikanpangkat()
#3 D:\xampp7\htdocs\dashboardpeg2\system\CodeIgniter.php(832): App\Controllers\Imporkenaikanpangkat->index()
#4 D:\xampp7\htdocs\dashboardpeg2\system\CodeIgniter.php(419): CodeIgniter\CodeIgniter->runController(Object(App\Controllers\Imporkenaikanpangkat))
#5 D:\xampp7\htdocs\dashboardpeg2\system\CodeIgniter.php(326): CodeIgniter\CodeIgniter->handleRequest(NULL, Object(Config\Cache), false)
#6 D:\xampp7\htdocs\dashboardpeg2\index.php(47): CodeIgniter\CodeIgniter->run()
#7 {main}
CRITICAL - 2023-02-10 03:25:59 --> The original file is not a valid file.
#0 D:\xampp7\htdocs\dashboardpeg2\system\HTTP\Files\UploadedFile.php(137): CodeIgniter\HTTP\Exceptions\HTTPException::forInvalidFile()
#1 D:\xampp7\htdocs\dashboardpeg2\app\Models\ImpordataModel.php(164): CodeIgniter\HTTP\Files\UploadedFile->move('D:\\xampp7\\htdoc...', 'format_kenaikan...')
#2 D:\xampp7\htdocs\dashboardpeg2\app\Controllers\Imporkenaikanpangkat.php(32): App\Models\ImpordataModel->imporkenaikanpangkat()
#3 D:\xampp7\htdocs\dashboardpeg2\system\CodeIgniter.php(832): App\Controllers\Imporkenaikanpangkat->index()
#4 D:\xampp7\htdocs\dashboardpeg2\system\CodeIgniter.php(419): CodeIgniter\CodeIgniter->runController(Object(App\Controllers\Imporkenaikanpangkat))
#5 D:\xampp7\htdocs\dashboardpeg2\system\CodeIgniter.php(326): CodeIgniter\CodeIgniter->handleRequest(NULL, Object(Config\Cache), false)
#6 D:\xampp7\htdocs\dashboardpeg2\index.php(47): CodeIgniter\CodeIgniter->run()
#7 {main}
CRITICAL - 2023-02-10 03:26:34 --> The original file is not a valid file.
#0 D:\xampp7\htdocs\dashboardpeg2\system\HTTP\Files\UploadedFile.php(137): CodeIgniter\HTTP\Exceptions\HTTPException::forInvalidFile()
#1 D:\xampp7\htdocs\dashboardpeg2\app\Models\ImpordataModel.php(175): CodeIgniter\HTTP\Files\UploadedFile->move('D:\\xampp7\\htdoc...', 'format_kenaikan...')
#2 D:\xampp7\htdocs\dashboardpeg2\app\Controllers\Imporkenaikanpangkat.php(32): App\Models\ImpordataModel->imporkenaikanpangkat()
#3 D:\xampp7\htdocs\dashboardpeg2\system\CodeIgniter.php(832): App\Controllers\Imporkenaikanpangkat->index()
#4 D:\xampp7\htdocs\dashboardpeg2\system\CodeIgniter.php(419): CodeIgniter\CodeIgniter->runController(Object(App\Controllers\Imporkenaikanpangkat))
#5 D:\xampp7\htdocs\dashboardpeg2\system\CodeIgniter.php(326): CodeIgniter\CodeIgniter->handleRequest(NULL, Object(Config\Cache), false)
#6 D:\xampp7\htdocs\dashboardpeg2\index.php(47): CodeIgniter\CodeIgniter->run()
#7 {main}
CRITICAL - 2023-02-10 03:27:02 --> The original file is not a valid file.
#0 D:\xampp7\htdocs\dashboardpeg2\system\HTTP\Files\UploadedFile.php(137): CodeIgniter\HTTP\Exceptions\HTTPException::forInvalidFile()
#1 D:\xampp7\htdocs\dashboardpeg2\app\Models\ImpordataModel.php(174): CodeIgniter\HTTP\Files\UploadedFile->move('D:\\xampp7\\htdoc...', 'format_kenaikan...')
#2 D:\xampp7\htdocs\dashboardpeg2\app\Controllers\Imporkenaikanpangkat.php(32): App\Models\ImpordataModel->imporkenaikanpangkat()
#3 D:\xampp7\htdocs\dashboardpeg2\system\CodeIgniter.php(832): App\Controllers\Imporkenaikanpangkat->index()
#4 D:\xampp7\htdocs\dashboardpeg2\system\CodeIgniter.php(419): CodeIgniter\CodeIgniter->runController(Object(App\Controllers\Imporkenaikanpangkat))
#5 D:\xampp7\htdocs\dashboardpeg2\system\CodeIgniter.php(326): CodeIgniter\CodeIgniter->handleRequest(NULL, Object(Config\Cache), false)
#6 D:\xampp7\htdocs\dashboardpeg2\index.php(47): CodeIgniter\CodeIgniter->run()
#7 {main}
