CRITICAL - 2023-02-28 02:40:48 --> explode() expects parameter 2 to be string, object given
#0 [internal function]: CodeIgniter\Debug\Exceptions->errorHandler(2, 'explode() expec...', 'D:\\xampp7\\htdoc...', 104, Array)
#1 D:\xampp7\htdocs\dashboardpegnew\app\Helpers\util_helper.php(104): explode('/', Object(DateTime))
#2 D:\xampp7\htdocs\dashboardpegnew\app\Models\ImpordataModel.php(246): tanggalexcel(Object(DateTime))
#3 D:\xampp7\htdocs\dashboardpegnew\app\Controllers\Imporpindahinstansi.php(30): App\Models\ImpordataModel->imporpindahinstansi()
#4 D:\xampp7\htdocs\dashboardpegnew\system\CodeIgniter.php(832): App\Controllers\Imporpindahinstansi->index()
#5 D:\xampp7\htdocs\dashboardpegnew\system\CodeIgniter.php(419): CodeIgniter\CodeIgniter->runController(Object(App\Controllers\Imporpindahinstansi))
#6 D:\xampp7\htdocs\dashboardpegnew\system\CodeIgniter.php(326): CodeIgniter\CodeIgniter->handleRequest(NULL, Object(Config\Cache), false)
#7 D:\xampp7\htdocs\dashboardpegnew\index.php(47): CodeIgniter\CodeIgniter->run()
#8 {main}
CRITICAL - 2023-02-28 02:43:10 --> Object of class DateTime could not be converted to string
#0 D:\xampp7\htdocs\dashboardpegnew\system\Database\Query.php(318): strtr('INSERT INTO `tb...', Array)
#1 D:\xampp7\htdocs\dashboardpegnew\system\Database\Query.php(293): CodeIgniter\Database\Query->matchNamedBinds('INSERT INTO `tb...', Array)
#2 D:\xampp7\htdocs\dashboardpegnew\system\Database\Query.php(150): CodeIgniter\Database\Query->compileBinds()
#3 D:\xampp7\htdocs\dashboardpegnew\system\Database\BaseConnection.php(598): CodeIgniter\Database\Query->getQuery()
#4 D:\xampp7\htdocs\dashboardpegnew\system\Database\BaseBuilder.php(1771): CodeIgniter\Database\BaseConnection->query('INSERT INTO `tb...', Array, false)
#5 D:\xampp7\htdocs\dashboardpegnew\app\Models\ImpordataModel.php(257): CodeIgniter\Database\BaseBuilder->insert(Array)
#6 D:\xampp7\htdocs\dashboardpegnew\app\Controllers\Imporpindahinstansi.php(30): App\Models\ImpordataModel->imporpindahinstansi()
#7 D:\xampp7\htdocs\dashboardpegnew\system\CodeIgniter.php(832): App\Controllers\Imporpindahinstansi->index()
#8 D:\xampp7\htdocs\dashboardpegnew\system\CodeIgniter.php(419): CodeIgniter\CodeIgniter->runController(Object(App\Controllers\Imporpindahinstansi))
#9 D:\xampp7\htdocs\dashboardpegnew\system\CodeIgniter.php(326): CodeIgniter\CodeIgniter->handleRequest(NULL, Object(Config\Cache), false)
#10 D:\xampp7\htdocs\dashboardpegnew\index.php(47): CodeIgniter\CodeIgniter->run()
#11 {main}
CRITICAL - 2023-02-28 02:43:54 --> Object of class DateTime could not be converted to string
#0 D:\xampp7\htdocs\dashboardpegnew\system\Database\Query.php(318): strtr('INSERT INTO `tb...', Array)
#1 D:\xampp7\htdocs\dashboardpegnew\system\Database\Query.php(293): CodeIgniter\Database\Query->matchNamedBinds('INSERT INTO `tb...', Array)
#2 D:\xampp7\htdocs\dashboardpegnew\system\Database\Query.php(150): CodeIgniter\Database\Query->compileBinds()
#3 D:\xampp7\htdocs\dashboardpegnew\system\Database\BaseConnection.php(598): CodeIgniter\Database\Query->getQuery()
#4 D:\xampp7\htdocs\dashboardpegnew\system\Database\BaseBuilder.php(1771): CodeIgniter\Database\BaseConnection->query('INSERT INTO `tb...', Array, false)
#5 D:\xampp7\htdocs\dashboardpegnew\app\Models\ImpordataModel.php(257): CodeIgniter\Database\BaseBuilder->insert(Array)
#6 D:\xampp7\htdocs\dashboardpegnew\app\Controllers\Imporpindahinstansi.php(30): App\Models\ImpordataModel->imporpindahinstansi()
#7 D:\xampp7\htdocs\dashboardpegnew\system\CodeIgniter.php(832): App\Controllers\Imporpindahinstansi->index()
#8 D:\xampp7\htdocs\dashboardpegnew\system\CodeIgniter.php(419): CodeIgniter\CodeIgniter->runController(Object(App\Controllers\Imporpindahinstansi))
#9 D:\xampp7\htdocs\dashboardpegnew\system\CodeIgniter.php(326): CodeIgniter\CodeIgniter->handleRequest(NULL, Object(Config\Cache), false)
#10 D:\xampp7\htdocs\dashboardpegnew\index.php(47): CodeIgniter\CodeIgniter->run()
#11 {main}
CRITICAL - 2023-02-28 02:44:47 --> Undefined offset: 1
#0 D:\xampp7\htdocs\dashboardpegnew\app\Helpers\util_helper.php(106): CodeIgniter\Debug\Exceptions->errorHandler(8, 'Undefined offse...', 'D:\\xampp7\\htdoc...', 106, Array)
#1 D:\xampp7\htdocs\dashboardpegnew\app\Models\ImpordataModel.php(246): tanggalexcel('2023-02-18')
#2 D:\xampp7\htdocs\dashboardpegnew\app\Controllers\Imporpindahinstansi.php(30): App\Models\ImpordataModel->imporpindahinstansi()
#3 D:\xampp7\htdocs\dashboardpegnew\system\CodeIgniter.php(832): App\Controllers\Imporpindahinstansi->index()
#4 D:\xampp7\htdocs\dashboardpegnew\system\CodeIgniter.php(419): CodeIgniter\CodeIgniter->runController(Object(App\Controllers\Imporpindahinstansi))
#5 D:\xampp7\htdocs\dashboardpegnew\system\CodeIgniter.php(326): CodeIgniter\CodeIgniter->handleRequest(NULL, Object(Config\Cache), false)
#6 D:\xampp7\htdocs\dashboardpegnew\index.php(47): CodeIgniter\CodeIgniter->run()
#7 {main}
CRITICAL - 2023-02-28 02:48:00 --> explode() expects parameter 2 to be string, object given
#0 [internal function]: CodeIgniter\Debug\Exceptions->errorHandler(2, 'explode() expec...', 'D:\\xampp7\\htdoc...', 104, Array)
#1 D:\xampp7\htdocs\dashboardpegnew\app\Helpers\util_helper.php(104): explode('/', Object(DateTime))
#2 D:\xampp7\htdocs\dashboardpegnew\app\Models\ImpordataModel.php(246): tanggalexcel(Object(DateTime))
#3 D:\xampp7\htdocs\dashboardpegnew\app\Controllers\Imporpindahinstansi.php(30): App\Models\ImpordataModel->imporpindahinstansi()
#4 D:\xampp7\htdocs\dashboardpegnew\system\CodeIgniter.php(832): App\Controllers\Imporpindahinstansi->index()
#5 D:\xampp7\htdocs\dashboardpegnew\system\CodeIgniter.php(419): CodeIgniter\CodeIgniter->runController(Object(App\Controllers\Imporpindahinstansi))
#6 D:\xampp7\htdocs\dashboardpegnew\system\CodeIgniter.php(326): CodeIgniter\CodeIgniter->handleRequest(NULL, Object(Config\Cache), false)
#7 D:\xampp7\htdocs\dashboardpegnew\index.php(47): CodeIgniter\CodeIgniter->run()
#8 {main}
CRITICAL - 2023-02-28 02:51:25 --> Object of class DateTime could not be converted to string
#0 D:\xampp7\htdocs\dashboardpegnew\system\Database\Query.php(318): strtr('INSERT INTO `tb...', Array)
#1 D:\xampp7\htdocs\dashboardpegnew\system\Database\Query.php(293): CodeIgniter\Database\Query->matchNamedBinds('INSERT INTO `tb...', Array)
#2 D:\xampp7\htdocs\dashboardpegnew\system\Database\Query.php(150): CodeIgniter\Database\Query->compileBinds()
#3 D:\xampp7\htdocs\dashboardpegnew\system\Database\BaseConnection.php(598): CodeIgniter\Database\Query->getQuery()
#4 D:\xampp7\htdocs\dashboardpegnew\system\Database\BaseBuilder.php(1771): CodeIgniter\Database\BaseConnection->query('INSERT INTO `tb...', Array, false)
#5 D:\xampp7\htdocs\dashboardpegnew\app\Models\ImpordataModel.php(257): CodeIgniter\Database\BaseBuilder->insert(Array)
#6 D:\xampp7\htdocs\dashboardpegnew\app\Controllers\Imporpindahinstansi.php(30): App\Models\ImpordataModel->imporpindahinstansi()
#7 D:\xampp7\htdocs\dashboardpegnew\system\CodeIgniter.php(832): App\Controllers\Imporpindahinstansi->index()
#8 D:\xampp7\htdocs\dashboardpegnew\system\CodeIgniter.php(419): CodeIgniter\CodeIgniter->runController(Object(App\Controllers\Imporpindahinstansi))
#9 D:\xampp7\htdocs\dashboardpegnew\system\CodeIgniter.php(326): CodeIgniter\CodeIgniter->handleRequest(NULL, Object(Config\Cache), false)
#10 D:\xampp7\htdocs\dashboardpegnew\index.php(47): CodeIgniter\CodeIgniter->run()
#11 {main}
CRITICAL - 2023-02-28 02:59:15 --> Object of class DateTime could not be converted to string
#0 D:\xampp7\htdocs\dashboardpegnew\system\Database\Query.php(318): strtr('INSERT INTO `tb...', Array)
#1 D:\xampp7\htdocs\dashboardpegnew\system\Database\Query.php(293): CodeIgniter\Database\Query->matchNamedBinds('INSERT INTO `tb...', Array)
#2 D:\xampp7\htdocs\dashboardpegnew\system\Database\Query.php(150): CodeIgniter\Database\Query->compileBinds()
#3 D:\xampp7\htdocs\dashboardpegnew\system\Database\BaseConnection.php(598): CodeIgniter\Database\Query->getQuery()
#4 D:\xampp7\htdocs\dashboardpegnew\system\Database\BaseBuilder.php(1771): CodeIgniter\Database\BaseConnection->query('INSERT INTO `tb...', Array, false)
#5 D:\xampp7\htdocs\dashboardpegnew\app\Models\ImpordataModel.php(258): CodeIgniter\Database\BaseBuilder->insert(Array)
#6 D:\xampp7\htdocs\dashboardpegnew\app\Controllers\Imporpindahinstansi.php(30): App\Models\ImpordataModel->imporpindahinstansi()
#7 D:\xampp7\htdocs\dashboardpegnew\system\CodeIgniter.php(832): App\Controllers\Imporpindahinstansi->index()
#8 D:\xampp7\htdocs\dashboardpegnew\system\CodeIgniter.php(419): CodeIgniter\CodeIgniter->runController(Object(App\Controllers\Imporpindahinstansi))
#9 D:\xampp7\htdocs\dashboardpegnew\system\CodeIgniter.php(326): CodeIgniter\CodeIgniter->handleRequest(NULL, Object(Config\Cache), false)
#10 D:\xampp7\htdocs\dashboardpegnew\index.php(47): CodeIgniter\CodeIgniter->run()
#11 {main}
CRITICAL - 2023-02-28 02:59:39 --> Object of class DateTime could not be converted to string
#0 D:\xampp7\htdocs\dashboardpegnew\system\Database\Query.php(318): strtr('INSERT INTO `tb...', Array)
#1 D:\xampp7\htdocs\dashboardpegnew\system\Database\Query.php(293): CodeIgniter\Database\Query->matchNamedBinds('INSERT INTO `tb...', Array)
#2 D:\xampp7\htdocs\dashboardpegnew\system\Database\Query.php(150): CodeIgniter\Database\Query->compileBinds()
#3 D:\xampp7\htdocs\dashboardpegnew\system\Database\BaseConnection.php(598): CodeIgniter\Database\Query->getQuery()
#4 D:\xampp7\htdocs\dashboardpegnew\system\Database\BaseBuilder.php(1771): CodeIgniter\Database\BaseConnection->query('INSERT INTO `tb...', Array, false)
#5 D:\xampp7\htdocs\dashboardpegnew\app\Models\ImpordataModel.php(258): CodeIgniter\Database\BaseBuilder->insert(Array)
#6 D:\xampp7\htdocs\dashboardpegnew\app\Controllers\Imporpindahinstansi.php(30): App\Models\ImpordataModel->imporpindahinstansi()
#7 D:\xampp7\htdocs\dashboardpegnew\system\CodeIgniter.php(832): App\Controllers\Imporpindahinstansi->index()
#8 D:\xampp7\htdocs\dashboardpegnew\system\CodeIgniter.php(419): CodeIgniter\CodeIgniter->runController(Object(App\Controllers\Imporpindahinstansi))
#9 D:\xampp7\htdocs\dashboardpegnew\system\CodeIgniter.php(326): CodeIgniter\CodeIgniter->handleRequest(NULL, Object(Config\Cache), false)
#10 D:\xampp7\htdocs\dashboardpegnew\index.php(47): CodeIgniter\CodeIgniter->run()
#11 {main}
CRITICAL - 2023-02-28 03:02:12 --> Call to undefined method Box\Spout\Reader\XLSX\Reader::returnDatesAsStrings()
#0 D:\xampp7\htdocs\dashboardpegnew\app\Controllers\Imporpindahinstansi.php(30): App\Models\ImpordataModel->imporpindahinstansi()
#1 D:\xampp7\htdocs\dashboardpegnew\system\CodeIgniter.php(832): App\Controllers\Imporpindahinstansi->index()
#2 D:\xampp7\htdocs\dashboardpegnew\system\CodeIgniter.php(419): CodeIgniter\CodeIgniter->runController(Object(App\Controllers\Imporpindahinstansi))
#3 D:\xampp7\htdocs\dashboardpegnew\system\CodeIgniter.php(326): CodeIgniter\CodeIgniter->handleRequest(NULL, Object(Config\Cache), false)
#4 D:\xampp7\htdocs\dashboardpegnew\index.php(47): CodeIgniter\CodeIgniter->run()
#5 {main}
CRITICAL - 2023-02-28 03:02:43 --> Call to undefined method Box\Spout\Reader\XLSX\Reader::disableDateAutoConversion()
#0 D:\xampp7\htdocs\dashboardpegnew\app\Controllers\Imporpindahinstansi.php(30): App\Models\ImpordataModel->imporpindahinstansi()
#1 D:\xampp7\htdocs\dashboardpegnew\system\CodeIgniter.php(832): App\Controllers\Imporpindahinstansi->index()
#2 D:\xampp7\htdocs\dashboardpegnew\system\CodeIgniter.php(419): CodeIgniter\CodeIgniter->runController(Object(App\Controllers\Imporpindahinstansi))
#3 D:\xampp7\htdocs\dashboardpegnew\system\CodeIgniter.php(326): CodeIgniter\CodeIgniter->handleRequest(NULL, Object(Config\Cache), false)
#4 D:\xampp7\htdocs\dashboardpegnew\index.php(47): CodeIgniter\CodeIgniter->run()
#5 {main}
CRITICAL - 2023-02-28 03:03:27 --> Object of class DateTime could not be converted to string
#0 D:\xampp7\htdocs\dashboardpegnew\system\Database\Query.php(318): strtr('INSERT INTO `tb...', Array)
#1 D:\xampp7\htdocs\dashboardpegnew\system\Database\Query.php(293): CodeIgniter\Database\Query->matchNamedBinds('INSERT INTO `tb...', Array)
#2 D:\xampp7\htdocs\dashboardpegnew\system\Database\Query.php(150): CodeIgniter\Database\Query->compileBinds()
#3 D:\xampp7\htdocs\dashboardpegnew\system\Database\BaseConnection.php(598): CodeIgniter\Database\Query->getQuery()
#4 D:\xampp7\htdocs\dashboardpegnew\system\Database\BaseBuilder.php(1771): CodeIgniter\Database\BaseConnection->query('INSERT INTO `tb...', Array, false)
#5 D:\xampp7\htdocs\dashboardpegnew\app\Models\ImpordataModel.php(258): CodeIgniter\Database\BaseBuilder->insert(Array)
#6 D:\xampp7\htdocs\dashboardpegnew\app\Controllers\Imporpindahinstansi.php(30): App\Models\ImpordataModel->imporpindahinstansi()
#7 D:\xampp7\htdocs\dashboardpegnew\system\CodeIgniter.php(832): App\Controllers\Imporpindahinstansi->index()
#8 D:\xampp7\htdocs\dashboardpegnew\system\CodeIgniter.php(419): CodeIgniter\CodeIgniter->runController(Object(App\Controllers\Imporpindahinstansi))
#9 D:\xampp7\htdocs\dashboardpegnew\system\CodeIgniter.php(326): CodeIgniter\CodeIgniter->handleRequest(NULL, Object(Config\Cache), false)
#10 D:\xampp7\htdocs\dashboardpegnew\index.php(47): CodeIgniter\CodeIgniter->run()
#11 {main}
CRITICAL - 2023-02-28 03:04:55 --> syntax error, unexpected ''Y-m-d'' (T_CONSTANT_ENCAPSED_STRING), expecting ')'
#0 D:\xampp7\htdocs\dashboardpegnew\system\Autoloader\Autoloader.php(241): CodeIgniter\Autoloader\Autoloader->includeFile('D:\\xampp7\\htdoc...')
#1 D:\xampp7\htdocs\dashboardpegnew\system\Autoloader\Autoloader.php(219): CodeIgniter\Autoloader\Autoloader->loadInNamespace('App\\Models\\Impo...')
#2 [internal function]: CodeIgniter\Autoloader\Autoloader->loadClass('App\\Models\\Impo...')
#3 D:\xampp7\htdocs\dashboardpegnew\app\Controllers\Imporpindahinstansi.php(15): spl_autoload_call('App\\Models\\Impo...')
#4 D:\xampp7\htdocs\dashboardpegnew\system\CodeIgniter.php(809): App\Controllers\Imporpindahinstansi->__construct()
#5 D:\xampp7\htdocs\dashboardpegnew\system\CodeIgniter.php(410): CodeIgniter\CodeIgniter->createController()
#6 D:\xampp7\htdocs\dashboardpegnew\system\CodeIgniter.php(326): CodeIgniter\CodeIgniter->handleRequest(NULL, Object(Config\Cache), false)
#7 D:\xampp7\htdocs\dashboardpegnew\index.php(47): CodeIgniter\CodeIgniter->run()
#8 {main}
