CRITICAL - 2023-02-15 11:16:33 --> Undefined index: id_role
#0 D:\xampp7\htdocs\dashboardpeg2\app\Models\Builtin\UserModel.php(109): CodeIgniter\Debug\Exceptions->errorHandler(8, 'Undefined index...', 'D:\\xampp7\\htdoc...', 109, Array)
#1 D:\xampp7\htdocs\dashboardpeg2\app\Controllers\Builtin\User.php(193): App\Models\Builtin\UserModel->saveData(Array)
#2 D:\xampp7\htdocs\dashboardpeg2\app\Controllers\Builtin\User.php(129): App\Controllers\Builtin\User->saveData()
#3 D:\xampp7\htdocs\dashboardpeg2\system\CodeIgniter.php(832): App\Controllers\Builtin\User->add()
#4 D:\xampp7\htdocs\dashboardpeg2\system\CodeIgniter.php(419): CodeIgniter\CodeIgniter->runController(Object(App\Controllers\Builtin\User))
#5 D:\xampp7\htdocs\dashboardpeg2\system\CodeIgniter.php(326): CodeIgniter\CodeIgniter->handleRequest(NULL, Object(Config\Cache), false)
#6 D:\xampp7\htdocs\dashboardpeg2\index.php(47): CodeIgniter\CodeIgniter->run()
#7 {main}
CRITICAL - 2023-02-15 11:17:32 --> Undefined index: id_role
#0 D:\xampp7\htdocs\dashboardpeg2\app\Models\Builtin\UserModel.php(109): CodeIgniter\Debug\Exceptions->errorHandler(8, 'Undefined index...', 'D:\\xampp7\\htdoc...', 109, Array)
#1 D:\xampp7\htdocs\dashboardpeg2\app\Controllers\Builtin\User.php(193): App\Models\Builtin\UserModel->saveData(Array)
#2 D:\xampp7\htdocs\dashboardpeg2\app\Controllers\Builtin\User.php(129): App\Controllers\Builtin\User->saveData()
#3 D:\xampp7\htdocs\dashboardpeg2\system\CodeIgniter.php(832): App\Controllers\Builtin\User->add()
#4 D:\xampp7\htdocs\dashboardpeg2\system\CodeIgniter.php(419): CodeIgniter\CodeIgniter->runController(Object(App\Controllers\Builtin\User))
#5 D:\xampp7\htdocs\dashboardpeg2\system\CodeIgniter.php(326): CodeIgniter\CodeIgniter->handleRequest(NULL, Object(Config\Cache), false)
#6 D:\xampp7\htdocs\dashboardpeg2\index.php(47): CodeIgniter\CodeIgniter->run()
#7 {main}
CRITICAL - 2023-02-15 12:16:52 --> syntax error, unexpected end of file, expecting function (T_FUNCTION) or const (T_CONST)
#0 D:\xampp7\htdocs\dashboardpeg2\system\Autoloader\Autoloader.php(241): CodeIgniter\Autoloader\Autoloader->includeFile('D:\\xampp7\\htdoc...')
#1 D:\xampp7\htdocs\dashboardpeg2\system\Autoloader\Autoloader.php(219): CodeIgniter\Autoloader\Autoloader->loadInNamespace('App\\Models\\Inst...')
#2 [internal function]: CodeIgniter\Autoloader\Autoloader->loadClass('App\\Models\\Inst...')
#3 D:\xampp7\htdocs\dashboardpeg2\app\Controllers\Instansi.php(12): spl_autoload_call('App\\Models\\Inst...')
#4 D:\xampp7\htdocs\dashboardpeg2\system\CodeIgniter.php(809): App\Controllers\Instansi->__construct()
#5 D:\xampp7\htdocs\dashboardpeg2\system\CodeIgniter.php(410): CodeIgniter\CodeIgniter->createController()
#6 D:\xampp7\htdocs\dashboardpeg2\system\CodeIgniter.php(326): CodeIgniter\CodeIgniter->handleRequest(NULL, Object(Config\Cache), false)
#7 D:\xampp7\htdocs\dashboardpeg2\index.php(47): CodeIgniter\CodeIgniter->run()
#8 {main}
CRITICAL - 2023-02-15 12:16:58 --> syntax error, unexpected end of file, expecting function (T_FUNCTION) or const (T_CONST)
#0 D:\xampp7\htdocs\dashboardpeg2\system\Autoloader\Autoloader.php(241): CodeIgniter\Autoloader\Autoloader->includeFile('D:\\xampp7\\htdoc...')
#1 D:\xampp7\htdocs\dashboardpeg2\system\Autoloader\Autoloader.php(219): CodeIgniter\Autoloader\Autoloader->loadInNamespace('App\\Models\\Inst...')
#2 [internal function]: CodeIgniter\Autoloader\Autoloader->loadClass('App\\Models\\Inst...')
#3 D:\xampp7\htdocs\dashboardpeg2\app\Controllers\Instansi.php(12): spl_autoload_call('App\\Models\\Inst...')
#4 D:\xampp7\htdocs\dashboardpeg2\system\CodeIgniter.php(809): App\Controllers\Instansi->__construct()
#5 D:\xampp7\htdocs\dashboardpeg2\system\CodeIgniter.php(410): CodeIgniter\CodeIgniter->createController()
#6 D:\xampp7\htdocs\dashboardpeg2\system\CodeIgniter.php(326): CodeIgniter\CodeIgniter->handleRequest(NULL, Object(Config\Cache), false)
#7 D:\xampp7\htdocs\dashboardpeg2\index.php(47): CodeIgniter\CodeIgniter->run()
#8 {main}
CRITICAL - 2023-02-15 12:17:52 --> syntax error, unexpected end of file, expecting function (T_FUNCTION) or const (T_CONST)
#0 D:\xampp7\htdocs\dashboardpeg2\system\Autoloader\Autoloader.php(241): CodeIgniter\Autoloader\Autoloader->includeFile('D:\\xampp7\\htdoc...')
#1 D:\xampp7\htdocs\dashboardpeg2\system\Autoloader\Autoloader.php(219): CodeIgniter\Autoloader\Autoloader->loadInNamespace('App\\Models\\Inst...')
#2 [internal function]: CodeIgniter\Autoloader\Autoloader->loadClass('App\\Models\\Inst...')
#3 D:\xampp7\htdocs\dashboardpeg2\app\Controllers\Instansi.php(12): spl_autoload_call('App\\Models\\Inst...')
#4 D:\xampp7\htdocs\dashboardpeg2\system\CodeIgniter.php(809): App\Controllers\Instansi->__construct()
#5 D:\xampp7\htdocs\dashboardpeg2\system\CodeIgniter.php(410): CodeIgniter\CodeIgniter->createController()
#6 D:\xampp7\htdocs\dashboardpeg2\system\CodeIgniter.php(326): CodeIgniter\CodeIgniter->handleRequest(NULL, Object(Config\Cache), false)
#7 D:\xampp7\htdocs\dashboardpeg2\index.php(47): CodeIgniter\CodeIgniter->run()
#8 {main}
CRITICAL - 2023-02-15 12:17:55 --> syntax error, unexpected end of file, expecting function (T_FUNCTION) or const (T_CONST)
#0 D:\xampp7\htdocs\dashboardpeg2\system\Autoloader\Autoloader.php(241): CodeIgniter\Autoloader\Autoloader->includeFile('D:\\xampp7\\htdoc...')
#1 D:\xampp7\htdocs\dashboardpeg2\system\Autoloader\Autoloader.php(219): CodeIgniter\Autoloader\Autoloader->loadInNamespace('App\\Models\\Inst...')
#2 [internal function]: CodeIgniter\Autoloader\Autoloader->loadClass('App\\Models\\Inst...')
#3 D:\xampp7\htdocs\dashboardpeg2\app\Controllers\Instansi.php(12): spl_autoload_call('App\\Models\\Inst...')
#4 D:\xampp7\htdocs\dashboardpeg2\system\CodeIgniter.php(809): App\Controllers\Instansi->__construct()
#5 D:\xampp7\htdocs\dashboardpeg2\system\CodeIgniter.php(410): CodeIgniter\CodeIgniter->createController()
#6 D:\xampp7\htdocs\dashboardpeg2\system\CodeIgniter.php(326): CodeIgniter\CodeIgniter->handleRequest(NULL, Object(Config\Cache), false)
#7 D:\xampp7\htdocs\dashboardpeg2\index.php(47): CodeIgniter\CodeIgniter->run()
#8 {main}
CRITICAL - 2023-02-15 12:20:30 --> Unknown column '1574bddb75c78a6fd2251d61e2993b5146201319' in 'where clause'
#0 D:\xampp7\htdocs\dashboardpeg2\system\Database\MySQLi\Connection.php(292): mysqli->query('UPDATE `tbl_ins...', 0)
#1 D:\xampp7\htdocs\dashboardpeg2\system\Database\BaseConnection.php(670): CodeIgniter\Database\MySQLi\Connection->execute('UPDATE `tbl_ins...')
#2 D:\xampp7\htdocs\dashboardpeg2\system\Database\BaseConnection.php(598): CodeIgniter\Database\BaseConnection->simpleQuery('UPDATE `tbl_ins...')
#3 D:\xampp7\htdocs\dashboardpeg2\system\Database\BaseBuilder.php(1913): CodeIgniter\Database\BaseConnection->query('UPDATE `tbl_ins...', Array, false)
#4 D:\xampp7\htdocs\dashboardpeg2\app\Models\InstansiModel.php(128): CodeIgniter\Database\BaseBuilder->update(Array, 'id_instansi = 1...')
#5 D:\xampp7\htdocs\dashboardpeg2\app\Controllers\Instansi.php(161): App\Models\InstansiModel->saveData()
#6 D:\xampp7\htdocs\dashboardpeg2\system\CodeIgniter.php(832): App\Controllers\Instansi->edit()
#7 D:\xampp7\htdocs\dashboardpeg2\system\CodeIgniter.php(419): CodeIgniter\CodeIgniter->runController(Object(App\Controllers\Instansi))
#8 D:\xampp7\htdocs\dashboardpeg2\system\CodeIgniter.php(326): CodeIgniter\CodeIgniter->handleRequest(NULL, Object(Config\Cache), false)
#9 D:\xampp7\htdocs\dashboardpeg2\index.php(47): CodeIgniter\CodeIgniter->run()
#10 {main}
CRITICAL - 2023-02-15 12:21:15 --> Unknown column '1574bddb75c78a6fd2251d61e2993b5146201319' in 'where clause'
#0 D:\xampp7\htdocs\dashboardpeg2\system\Database\MySQLi\Connection.php(292): mysqli->query('UPDATE `tbl_ins...', 0)
#1 D:\xampp7\htdocs\dashboardpeg2\system\Database\BaseConnection.php(670): CodeIgniter\Database\MySQLi\Connection->execute('UPDATE `tbl_ins...')
#2 D:\xampp7\htdocs\dashboardpeg2\system\Database\BaseConnection.php(598): CodeIgniter\Database\BaseConnection->simpleQuery('UPDATE `tbl_ins...')
#3 D:\xampp7\htdocs\dashboardpeg2\system\Database\BaseBuilder.php(1913): CodeIgniter\Database\BaseConnection->query('UPDATE `tbl_ins...', Array, false)
#4 D:\xampp7\htdocs\dashboardpeg2\app\Models\InstansiModel.php(128): CodeIgniter\Database\BaseBuilder->update(Array, 'SHA1(id_instans...')
#5 D:\xampp7\htdocs\dashboardpeg2\app\Controllers\Instansi.php(161): App\Models\InstansiModel->saveData()
#6 D:\xampp7\htdocs\dashboardpeg2\system\CodeIgniter.php(832): App\Controllers\Instansi->edit()
#7 D:\xampp7\htdocs\dashboardpeg2\system\CodeIgniter.php(419): CodeIgniter\CodeIgniter->runController(Object(App\Controllers\Instansi))
#8 D:\xampp7\htdocs\dashboardpeg2\system\CodeIgniter.php(326): CodeIgniter\CodeIgniter->handleRequest(NULL, Object(Config\Cache), false)
#9 D:\xampp7\htdocs\dashboardpeg2\index.php(47): CodeIgniter\CodeIgniter->run()
#10 {main}
CRITICAL - 2023-02-15 12:23:21 --> Undefined variable: id_instansi
#0 D:\xampp7\htdocs\dashboardpeg2\app\Models\InstansiModel.php(172): CodeIgniter\Debug\Exceptions->errorHandler(8, 'Undefined varia...', 'D:\\xampp7\\htdoc...', 172, Array)
#1 D:\xampp7\htdocs\dashboardpeg2\app\Controllers\Instansi.php(161): App\Models\InstansiModel->saveData()
#2 D:\xampp7\htdocs\dashboardpeg2\system\CodeIgniter.php(832): App\Controllers\Instansi->edit()
#3 D:\xampp7\htdocs\dashboardpeg2\system\CodeIgniter.php(419): CodeIgniter\CodeIgniter->runController(Object(App\Controllers\Instansi))
#4 D:\xampp7\htdocs\dashboardpeg2\system\CodeIgniter.php(326): CodeIgniter\CodeIgniter->handleRequest(NULL, Object(Config\Cache), false)
#5 D:\xampp7\htdocs\dashboardpeg2\index.php(47): CodeIgniter\CodeIgniter->run()
#6 {main}
CRITICAL - 2023-02-15 12:25:31 --> Unknown column '1574bddb75c78a6fd2251d61e2993b5146201319' in 'where clause'
#0 D:\xampp7\htdocs\dashboardpeg2\system\Database\MySQLi\Connection.php(292): mysqli->query('UPDATE `tbl_ins...', 0)
#1 D:\xampp7\htdocs\dashboardpeg2\system\Database\BaseConnection.php(670): CodeIgniter\Database\MySQLi\Connection->execute('UPDATE `tbl_ins...')
#2 D:\xampp7\htdocs\dashboardpeg2\system\Database\BaseConnection.php(598): CodeIgniter\Database\BaseConnection->simpleQuery('UPDATE `tbl_ins...')
#3 D:\xampp7\htdocs\dashboardpeg2\system\Database\BaseBuilder.php(1913): CodeIgniter\Database\BaseConnection->query('UPDATE `tbl_ins...', Array, false)
#4 D:\xampp7\htdocs\dashboardpeg2\app\Models\InstansiModel.php(128): CodeIgniter\Database\BaseBuilder->update(Array, 'SHA1(id_instans...')
#5 D:\xampp7\htdocs\dashboardpeg2\app\Controllers\Instansi.php(161): App\Models\InstansiModel->saveData()
#6 D:\xampp7\htdocs\dashboardpeg2\system\CodeIgniter.php(832): App\Controllers\Instansi->edit()
#7 D:\xampp7\htdocs\dashboardpeg2\system\CodeIgniter.php(419): CodeIgniter\CodeIgniter->runController(Object(App\Controllers\Instansi))
#8 D:\xampp7\htdocs\dashboardpeg2\system\CodeIgniter.php(326): CodeIgniter\CodeIgniter->handleRequest(NULL, Object(Config\Cache), false)
#9 D:\xampp7\htdocs\dashboardpeg2\index.php(47): CodeIgniter\CodeIgniter->run()
#10 {main}
CRITICAL - 2023-02-15 14:19:15 --> Undefined variable: id_instansi
#0 D:\xampp7\htdocs\dashboardpeg2\app\Models\InstansiModel.php(98): CodeIgniter\Debug\Exceptions->errorHandler(8, 'Undefined varia...', 'D:\\xampp7\\htdoc...', 98, Array)
#1 D:\xampp7\htdocs\dashboardpeg2\app\Controllers\Instansi.php(161): App\Models\InstansiModel->saveData()
#2 D:\xampp7\htdocs\dashboardpeg2\system\CodeIgniter.php(832): App\Controllers\Instansi->edit()
#3 D:\xampp7\htdocs\dashboardpeg2\system\CodeIgniter.php(419): CodeIgniter\CodeIgniter->runController(Object(App\Controllers\Instansi))
#4 D:\xampp7\htdocs\dashboardpeg2\system\CodeIgniter.php(326): CodeIgniter\CodeIgniter->handleRequest(NULL, Object(Config\Cache), false)
#5 D:\xampp7\htdocs\dashboardpeg2\index.php(47): CodeIgniter\CodeIgniter->run()
#6 {main}
CRITICAL - 2023-02-15 14:24:05 --> You have an error in your SQL syntax; check the manual that corresponds to your MariaDB server version for the right syntax to use near 'a55b6b4563e652a23be9d623ca5055c356940' at line 2
#0 D:\xampp7\htdocs\dashboardpeg2\system\Database\MySQLi\Connection.php(292): mysqli->query('UPDATE `tbl_ins...', 0)
#1 D:\xampp7\htdocs\dashboardpeg2\system\Database\BaseConnection.php(670): CodeIgniter\Database\MySQLi\Connection->execute('UPDATE `tbl_ins...')
#2 D:\xampp7\htdocs\dashboardpeg2\system\Database\BaseConnection.php(598): CodeIgniter\Database\BaseConnection->simpleQuery('UPDATE `tbl_ins...')
#3 D:\xampp7\htdocs\dashboardpeg2\system\Database\BaseBuilder.php(1913): CodeIgniter\Database\BaseConnection->query('UPDATE `tbl_ins...', Array, false)
#4 D:\xampp7\htdocs\dashboardpeg2\app\Models\InstansiModel.php(96): CodeIgniter\Database\BaseBuilder->update(Array, 'SHA1(id_instans...')
#5 D:\xampp7\htdocs\dashboardpeg2\app\Controllers\Instansi.php(161): App\Models\InstansiModel->saveData()
#6 D:\xampp7\htdocs\dashboardpeg2\system\CodeIgniter.php(832): App\Controllers\Instansi->edit()
#7 D:\xampp7\htdocs\dashboardpeg2\system\CodeIgniter.php(419): CodeIgniter\CodeIgniter->runController(Object(App\Controllers\Instansi))
#8 D:\xampp7\htdocs\dashboardpeg2\system\CodeIgniter.php(326): CodeIgniter\CodeIgniter->handleRequest(NULL, Object(Config\Cache), false)
#9 D:\xampp7\htdocs\dashboardpeg2\index.php(47): CodeIgniter\CodeIgniter->run()
#10 {main}
CRITICAL - 2023-02-15 14:24:37 --> syntax error, unexpected '=>' (T_DOUBLE_ARROW), expecting ')'
#0 D:\xampp7\htdocs\dashboardpeg2\system\Autoloader\Autoloader.php(241): CodeIgniter\Autoloader\Autoloader->includeFile('D:\\xampp7\\htdoc...')
#1 D:\xampp7\htdocs\dashboardpeg2\system\Autoloader\Autoloader.php(219): CodeIgniter\Autoloader\Autoloader->loadInNamespace('App\\Models\\Inst...')
#2 [internal function]: CodeIgniter\Autoloader\Autoloader->loadClass('App\\Models\\Inst...')
#3 D:\xampp7\htdocs\dashboardpeg2\app\Controllers\Instansi.php(12): spl_autoload_call('App\\Models\\Inst...')
#4 D:\xampp7\htdocs\dashboardpeg2\system\CodeIgniter.php(809): App\Controllers\Instansi->__construct()
#5 D:\xampp7\htdocs\dashboardpeg2\system\CodeIgniter.php(410): CodeIgniter\CodeIgniter->createController()
#6 D:\xampp7\htdocs\dashboardpeg2\system\CodeIgniter.php(326): CodeIgniter\CodeIgniter->handleRequest(NULL, Object(Config\Cache), false)
#7 D:\xampp7\htdocs\dashboardpeg2\index.php(47): CodeIgniter\CodeIgniter->run()
#8 {main}
CRITICAL - 2023-02-15 14:24:58 --> syntax error, unexpected '=', expecting ')'
#0 D:\xampp7\htdocs\dashboardpeg2\system\Autoloader\Autoloader.php(241): CodeIgniter\Autoloader\Autoloader->includeFile('D:\\xampp7\\htdoc...')
#1 D:\xampp7\htdocs\dashboardpeg2\system\Autoloader\Autoloader.php(219): CodeIgniter\Autoloader\Autoloader->loadInNamespace('App\\Models\\Inst...')
#2 [internal function]: CodeIgniter\Autoloader\Autoloader->loadClass('App\\Models\\Inst...')
#3 D:\xampp7\htdocs\dashboardpeg2\app\Controllers\Instansi.php(12): spl_autoload_call('App\\Models\\Inst...')
#4 D:\xampp7\htdocs\dashboardpeg2\system\CodeIgniter.php(809): App\Controllers\Instansi->__construct()
#5 D:\xampp7\htdocs\dashboardpeg2\system\CodeIgniter.php(410): CodeIgniter\CodeIgniter->createController()
#6 D:\xampp7\htdocs\dashboardpeg2\system\CodeIgniter.php(326): CodeIgniter\CodeIgniter->handleRequest(NULL, Object(Config\Cache), false)
#7 D:\xampp7\htdocs\dashboardpeg2\index.php(47): CodeIgniter\CodeIgniter->run()
#8 {main}
CRITICAL - 2023-02-15 14:25:24 --> You have an error in your SQL syntax; check the manual that corresponds to your MariaDB server version for the right syntax to use near 'a55b6b4563e652a23be9d623ca5055c356940' at line 2
#0 D:\xampp7\htdocs\dashboardpeg2\system\Database\MySQLi\Connection.php(292): mysqli->query('UPDATE `tbl_ins...', 0)
#1 D:\xampp7\htdocs\dashboardpeg2\system\Database\BaseConnection.php(670): CodeIgniter\Database\MySQLi\Connection->execute('UPDATE `tbl_ins...')
#2 D:\xampp7\htdocs\dashboardpeg2\system\Database\BaseConnection.php(598): CodeIgniter\Database\BaseConnection->simpleQuery('UPDATE `tbl_ins...')
#3 D:\xampp7\htdocs\dashboardpeg2\system\Database\BaseBuilder.php(1913): CodeIgniter\Database\BaseConnection->query('UPDATE `tbl_ins...', Array, false)
#4 D:\xampp7\htdocs\dashboardpeg2\app\Models\InstansiModel.php(96): CodeIgniter\Database\BaseBuilder->update(Array, 'SHA1(id_instans...')
#5 D:\xampp7\htdocs\dashboardpeg2\app\Controllers\Instansi.php(161): App\Models\InstansiModel->saveData()
#6 D:\xampp7\htdocs\dashboardpeg2\system\CodeIgniter.php(832): App\Controllers\Instansi->edit()
#7 D:\xampp7\htdocs\dashboardpeg2\system\CodeIgniter.php(419): CodeIgniter\CodeIgniter->runController(Object(App\Controllers\Instansi))
#8 D:\xampp7\htdocs\dashboardpeg2\system\CodeIgniter.php(326): CodeIgniter\CodeIgniter->handleRequest(NULL, Object(Config\Cache), false)
#9 D:\xampp7\htdocs\dashboardpeg2\index.php(47): CodeIgniter\CodeIgniter->run()
#10 {main}
CRITICAL - 2023-02-15 14:26:43 --> You have an error in your SQL syntax; check the manual that corresponds to your MariaDB server version for the right syntax to use near 'a55b6b4563e652a23be9d623ca5055c356940' at line 2
#0 D:\xampp7\htdocs\dashboardpeg2\system\Database\MySQLi\Connection.php(292): mysqli->query('UPDATE `tbl_ins...', 0)
#1 D:\xampp7\htdocs\dashboardpeg2\system\Database\BaseConnection.php(670): CodeIgniter\Database\MySQLi\Connection->execute('UPDATE `tbl_ins...')
#2 D:\xampp7\htdocs\dashboardpeg2\system\Database\BaseConnection.php(598): CodeIgniter\Database\BaseConnection->simpleQuery('UPDATE `tbl_ins...')
#3 D:\xampp7\htdocs\dashboardpeg2\system\Database\BaseBuilder.php(1913): CodeIgniter\Database\BaseConnection->query('UPDATE `tbl_ins...', Array, false)
#4 D:\xampp7\htdocs\dashboardpeg2\app\Models\InstansiModel.php(96): CodeIgniter\Database\BaseBuilder->update(Array, 'SHA1(id_instans...')
#5 D:\xampp7\htdocs\dashboardpeg2\app\Controllers\Instansi.php(161): App\Models\InstansiModel->saveData()
#6 D:\xampp7\htdocs\dashboardpeg2\system\CodeIgniter.php(832): App\Controllers\Instansi->edit()
#7 D:\xampp7\htdocs\dashboardpeg2\system\CodeIgniter.php(419): CodeIgniter\CodeIgniter->runController(Object(App\Controllers\Instansi))
#8 D:\xampp7\htdocs\dashboardpeg2\system\CodeIgniter.php(326): CodeIgniter\CodeIgniter->handleRequest(NULL, Object(Config\Cache), false)
#9 D:\xampp7\htdocs\dashboardpeg2\index.php(47): CodeIgniter\CodeIgniter->run()
#10 {main}
CRITICAL - 2023-02-15 14:27:55 --> Undefined variable: id_user
#0 D:\xampp7\htdocs\dashboardpeg2\app\Models\InstansiModel.php(150): CodeIgniter\Debug\Exceptions->errorHandler(8, 'Undefined varia...', 'D:\\xampp7\\htdoc...', 150, Array)
#1 D:\xampp7\htdocs\dashboardpeg2\app\Controllers\Instansi.php(161): App\Models\InstansiModel->saveData()
#2 D:\xampp7\htdocs\dashboardpeg2\system\CodeIgniter.php(832): App\Controllers\Instansi->edit()
#3 D:\xampp7\htdocs\dashboardpeg2\system\CodeIgniter.php(419): CodeIgniter\CodeIgniter->runController(Object(App\Controllers\Instansi))
#4 D:\xampp7\htdocs\dashboardpeg2\system\CodeIgniter.php(326): CodeIgniter\CodeIgniter->handleRequest(NULL, Object(Config\Cache), false)
#5 D:\xampp7\htdocs\dashboardpeg2\index.php(47): CodeIgniter\CodeIgniter->run()
#6 {main}
CRITICAL - 2023-02-15 14:28:13 --> You have an error in your SQL syntax; check the manual that corresponds to your MariaDB server version for the right syntax to use near 'a55b6b4563e652a23be9d623ca5055c356940' at line 2
#0 D:\xampp7\htdocs\dashboardpeg2\system\Database\MySQLi\Connection.php(292): mysqli->query('UPDATE `tbl_ins...', 0)
#1 D:\xampp7\htdocs\dashboardpeg2\system\Database\BaseConnection.php(670): CodeIgniter\Database\MySQLi\Connection->execute('UPDATE `tbl_ins...')
#2 D:\xampp7\htdocs\dashboardpeg2\system\Database\BaseConnection.php(598): CodeIgniter\Database\BaseConnection->simpleQuery('UPDATE `tbl_ins...')
#3 D:\xampp7\htdocs\dashboardpeg2\system\Database\BaseBuilder.php(1913): CodeIgniter\Database\BaseConnection->query('UPDATE `tbl_ins...', Array, false)
#4 D:\xampp7\htdocs\dashboardpeg2\app\Models\InstansiModel.php(150): CodeIgniter\Database\BaseBuilder->update(Array, 'SHA1(id_instans...')
#5 D:\xampp7\htdocs\dashboardpeg2\app\Controllers\Instansi.php(161): App\Models\InstansiModel->saveData()
#6 D:\xampp7\htdocs\dashboardpeg2\system\CodeIgniter.php(832): App\Controllers\Instansi->edit()
#7 D:\xampp7\htdocs\dashboardpeg2\system\CodeIgniter.php(419): CodeIgniter\CodeIgniter->runController(Object(App\Controllers\Instansi))
#8 D:\xampp7\htdocs\dashboardpeg2\system\CodeIgniter.php(326): CodeIgniter\CodeIgniter->handleRequest(NULL, Object(Config\Cache), false)
#9 D:\xampp7\htdocs\dashboardpeg2\index.php(47): CodeIgniter\CodeIgniter->run()
#10 {main}
CRITICAL - 2023-02-15 14:31:23 --> Duplicate entry '716-23' for key 'PRIMARY'
#0 D:\xampp7\htdocs\dashboardpeg2\system\Database\MySQLi\Connection.php(292): mysqli->query('INSERT INTO `tb...', 0)
#1 D:\xampp7\htdocs\dashboardpeg2\system\Database\BaseConnection.php(670): CodeIgniter\Database\MySQLi\Connection->execute('INSERT INTO `tb...')
#2 D:\xampp7\htdocs\dashboardpeg2\system\Database\BaseConnection.php(598): CodeIgniter\Database\BaseConnection->simpleQuery('INSERT INTO `tb...')
#3 D:\xampp7\htdocs\dashboardpeg2\system\Database\BaseBuilder.php(1648): CodeIgniter\Database\BaseConnection->query('INSERT INTO `tb...', NULL, false)
#4 D:\xampp7\htdocs\dashboardpeg2\app\Models\InstansiModel.php(156): CodeIgniter\Database\BaseBuilder->insertBatch(Array)
#5 D:\xampp7\htdocs\dashboardpeg2\app\Controllers\Instansi.php(161): App\Models\InstansiModel->saveData()
#6 D:\xampp7\htdocs\dashboardpeg2\system\CodeIgniter.php(832): App\Controllers\Instansi->edit()
#7 D:\xampp7\htdocs\dashboardpeg2\system\CodeIgniter.php(419): CodeIgniter\CodeIgniter->runController(Object(App\Controllers\Instansi))
#8 D:\xampp7\htdocs\dashboardpeg2\system\CodeIgniter.php(326): CodeIgniter\CodeIgniter->handleRequest(NULL, Object(Config\Cache), false)
#9 D:\xampp7\htdocs\dashboardpeg2\index.php(47): CodeIgniter\CodeIgniter->run()
#10 {main}
CRITICAL - 2023-02-15 14:33:27 --> Duplicate entry '0-22' for key 'PRIMARY'
#0 D:\xampp7\htdocs\dashboardpeg2\system\Database\MySQLi\Connection.php(292): mysqli->query('INSERT INTO `tb...', 0)
#1 D:\xampp7\htdocs\dashboardpeg2\system\Database\BaseConnection.php(670): CodeIgniter\Database\MySQLi\Connection->execute('INSERT INTO `tb...')
#2 D:\xampp7\htdocs\dashboardpeg2\system\Database\BaseConnection.php(598): CodeIgniter\Database\BaseConnection->simpleQuery('INSERT INTO `tb...')
#3 D:\xampp7\htdocs\dashboardpeg2\system\Database\BaseBuilder.php(1648): CodeIgniter\Database\BaseConnection->query('INSERT INTO `tb...', NULL, false)
#4 D:\xampp7\htdocs\dashboardpeg2\app\Models\InstansiModel.php(156): CodeIgniter\Database\BaseBuilder->insertBatch(Array)
#5 D:\xampp7\htdocs\dashboardpeg2\app\Controllers\Instansi.php(161): App\Models\InstansiModel->saveData()
#6 D:\xampp7\htdocs\dashboardpeg2\system\CodeIgniter.php(832): App\Controllers\Instansi->edit()
#7 D:\xampp7\htdocs\dashboardpeg2\system\CodeIgniter.php(419): CodeIgniter\CodeIgniter->runController(Object(App\Controllers\Instansi))
#8 D:\xampp7\htdocs\dashboardpeg2\system\CodeIgniter.php(326): CodeIgniter\CodeIgniter->handleRequest(NULL, Object(Config\Cache), false)
#9 D:\xampp7\htdocs\dashboardpeg2\index.php(47): CodeIgniter\CodeIgniter->run()
#10 {main}
