CRITICAL - 2023-02-26 09:31:24 --> strtoupper() expects parameter 1 to be string, object given
#0 [internal function]: CodeIgniter\Debug\Exceptions->errorHandler(2, 'strtoupper() ex...', 'D:\\xampp7\\htdoc...', 148, Array)
#1 D:\xampp7\htdocs\dashboardpegnew\app\Models\ImpordataModel.php(148): strtoupper(Object(DateTime))
#2 D:\xampp7\htdocs\dashboardpegnew\app\Controllers\Imporkenaikanpangkat.php(30): App\Models\ImpordataModel->imporkenaikanpangkat()
#3 D:\xampp7\htdocs\dashboardpegnew\system\CodeIgniter.php(832): App\Controllers\Imporkenaikanpangkat->index()
#4 D:\xampp7\htdocs\dashboardpegnew\system\CodeIgniter.php(419): CodeIgniter\CodeIgniter->runController(Object(App\Controllers\Imporkenaikanpangkat))
#5 D:\xampp7\htdocs\dashboardpegnew\system\CodeIgniter.php(326): CodeIgniter\CodeIgniter->handleRequest(NULL, Object(Config\Cache), false)
#6 D:\xampp7\htdocs\dashboardpegnew\index.php(47): CodeIgniter\CodeIgniter->run()
#7 {main}
CRITICAL - 2023-02-26 09:54:45 --> Trying to get property 'total_usulan_kp' of non-object
#0 D:\xampp7\htdocs\dashboardpegnew\app\Views\themes\modern\dashboard_mutasi.php(8): CodeIgniter\Debug\Exceptions->errorHandler(8, 'Trying to get p...', 'D:\\xampp7\\htdoc...', 8, Array)
#1 D:\xampp7\htdocs\dashboardpegnew\system\View\View.php(210): include('D:\\xampp7\\htdoc...')
#2 D:\xampp7\htdocs\dashboardpegnew\system\View\View.php(213): CodeIgniter\View\View->CodeIgniter\View\{closure}()
#3 D:\xampp7\htdocs\dashboardpegnew\system\Common.php(1089): CodeIgniter\View\View->render('themes/modern/d...', Array, true)
#4 D:\xampp7\htdocs\dashboardpegnew\app\Controllers\BaseController.php(248): view('themes/modern/d...', Array)
#5 D:\xampp7\htdocs\dashboardpegnew\app\Controllers\DashboardMutasi.php(33): App\Controllers\BaseController->view('dashboard_mutas...', Array)
#6 D:\xampp7\htdocs\dashboardpegnew\system\CodeIgniter.php(832): App\Controllers\DashboardMutasi->index()
#7 D:\xampp7\htdocs\dashboardpegnew\system\CodeIgniter.php(419): CodeIgniter\CodeIgniter->runController(Object(App\Controllers\DashboardMutasi))
#8 D:\xampp7\htdocs\dashboardpegnew\system\CodeIgniter.php(326): CodeIgniter\CodeIgniter->handleRequest(NULL, Object(Config\Cache), false)
#9 D:\xampp7\htdocs\dashboardpegnew\index.php(47): CodeIgniter\CodeIgniter->run()
#10 {main}
CRITICAL - 2023-02-26 09:56:10 --> Trying to get property 'total_usulan_kp' of non-object
#0 D:\xampp7\htdocs\dashboardpegnew\app\Views\themes\modern\dashboard_mutasi.php(8): CodeIgniter\Debug\Exceptions->errorHandler(8, 'Trying to get p...', 'D:\\xampp7\\htdoc...', 8, Array)
#1 D:\xampp7\htdocs\dashboardpegnew\system\View\View.php(210): include('D:\\xampp7\\htdoc...')
#2 D:\xampp7\htdocs\dashboardpegnew\system\View\View.php(213): CodeIgniter\View\View->CodeIgniter\View\{closure}()
#3 D:\xampp7\htdocs\dashboardpegnew\system\Common.php(1089): CodeIgniter\View\View->render('themes/modern/d...', Array, true)
#4 D:\xampp7\htdocs\dashboardpegnew\app\Controllers\BaseController.php(248): view('themes/modern/d...', Array)
#5 D:\xampp7\htdocs\dashboardpegnew\app\Controllers\DashboardMutasi.php(33): App\Controllers\BaseController->view('dashboard_mutas...', Array)
#6 D:\xampp7\htdocs\dashboardpegnew\system\CodeIgniter.php(832): App\Controllers\DashboardMutasi->index()
#7 D:\xampp7\htdocs\dashboardpegnew\system\CodeIgniter.php(419): CodeIgniter\CodeIgniter->runController(Object(App\Controllers\DashboardMutasi))
#8 D:\xampp7\htdocs\dashboardpegnew\system\CodeIgniter.php(326): CodeIgniter\CodeIgniter->handleRequest(NULL, Object(Config\Cache), false)
#9 D:\xampp7\htdocs\dashboardpegnew\index.php(47): CodeIgniter\CodeIgniter->run()
#10 {main}
CRITICAL - 2023-02-26 10:02:30 --> Undefined property: stdClass::$jumlah_pegawai
#0 D:\xampp7\htdocs\dashboardpegnew\app\Views\themes\modern\dashboard_mutasi.php(183): CodeIgniter\Debug\Exceptions->errorHandler(8, 'Undefined prope...', 'D:\\xampp7\\htdoc...', 183, Array)
#1 D:\xampp7\htdocs\dashboardpegnew\system\View\View.php(210): include('D:\\xampp7\\htdoc...')
#2 D:\xampp7\htdocs\dashboardpegnew\system\View\View.php(213): CodeIgniter\View\View->CodeIgniter\View\{closure}()
#3 D:\xampp7\htdocs\dashboardpegnew\system\Common.php(1089): CodeIgniter\View\View->render('themes/modern/d...', Array, true)
#4 D:\xampp7\htdocs\dashboardpegnew\app\Controllers\BaseController.php(248): view('themes/modern/d...', Array)
#5 D:\xampp7\htdocs\dashboardpegnew\app\Controllers\DashboardMutasi.php(35): App\Controllers\BaseController->view('dashboard_mutas...', Array)
#6 D:\xampp7\htdocs\dashboardpegnew\system\CodeIgniter.php(832): App\Controllers\DashboardMutasi->index()
#7 D:\xampp7\htdocs\dashboardpegnew\system\CodeIgniter.php(419): CodeIgniter\CodeIgniter->runController(Object(App\Controllers\DashboardMutasi))
#8 D:\xampp7\htdocs\dashboardpegnew\system\CodeIgniter.php(326): CodeIgniter\CodeIgniter->handleRequest(NULL, Object(Config\Cache), false)
#9 D:\xampp7\htdocs\dashboardpegnew\index.php(47): CodeIgniter\CodeIgniter->run()
#10 {main}
CRITICAL - 2023-02-26 10:08:40 --> Too few arguments to function App\Models\DashboardModel::count_usulan_kp_by_status(), 0 passed in D:\xampp7\htdocs\dashboardpegnew\app\Controllers\DashboardMutasi.php on line 35 and exactly 1 expected
#0 D:\xampp7\htdocs\dashboardpegnew\app\Controllers\DashboardMutasi.php(35): App\Models\DashboardModel->count_usulan_kp_by_status()
#1 D:\xampp7\htdocs\dashboardpegnew\system\CodeIgniter.php(832): App\Controllers\DashboardMutasi->index()
#2 D:\xampp7\htdocs\dashboardpegnew\system\CodeIgniter.php(419): CodeIgniter\CodeIgniter->runController(Object(App\Controllers\DashboardMutasi))
#3 D:\xampp7\htdocs\dashboardpegnew\system\CodeIgniter.php(326): CodeIgniter\CodeIgniter->handleRequest(NULL, Object(Config\Cache), false)
#4 D:\xampp7\htdocs\dashboardpegnew\index.php(47): CodeIgniter\CodeIgniter->run()
#5 {main}
CRITICAL - 2023-02-26 10:08:53 --> Undefined variable: count_str
#0 D:\xampp7\htdocs\dashboardpegnew\app\Views\themes\modern\dashboard_mutasi.php(226): CodeIgniter\Debug\Exceptions->errorHandler(8, 'Undefined varia...', 'D:\\xampp7\\htdoc...', 226, Array)
#1 D:\xampp7\htdocs\dashboardpegnew\system\View\View.php(210): include('D:\\xampp7\\htdoc...')
#2 D:\xampp7\htdocs\dashboardpegnew\system\View\View.php(213): CodeIgniter\View\View->CodeIgniter\View\{closure}()
#3 D:\xampp7\htdocs\dashboardpegnew\system\Common.php(1089): CodeIgniter\View\View->render('themes/modern/d...', Array, true)
#4 D:\xampp7\htdocs\dashboardpegnew\app\Controllers\BaseController.php(248): view('themes/modern/d...', Array)
#5 D:\xampp7\htdocs\dashboardpegnew\app\Controllers\DashboardMutasi.php(36): App\Controllers\BaseController->view('dashboard_mutas...', Array)
#6 D:\xampp7\htdocs\dashboardpegnew\system\CodeIgniter.php(832): App\Controllers\DashboardMutasi->index()
#7 D:\xampp7\htdocs\dashboardpegnew\system\CodeIgniter.php(419): CodeIgniter\CodeIgniter->runController(Object(App\Controllers\DashboardMutasi))
#8 D:\xampp7\htdocs\dashboardpegnew\system\CodeIgniter.php(326): CodeIgniter\CodeIgniter->handleRequest(NULL, Object(Config\Cache), false)
#9 D:\xampp7\htdocs\dashboardpegnew\index.php(47): CodeIgniter\CodeIgniter->run()
#10 {main}
CRITICAL - 2023-02-26 10:10:49 --> Undefined property: stdClass::$status
#0 D:\xampp7\htdocs\dashboardpegnew\app\Views\themes\modern\dashboard_mutasi.php(183): CodeIgniter\Debug\Exceptions->errorHandler(8, 'Undefined prope...', 'D:\\xampp7\\htdoc...', 183, Array)
#1 D:\xampp7\htdocs\dashboardpegnew\system\View\View.php(210): include('D:\\xampp7\\htdoc...')
#2 D:\xampp7\htdocs\dashboardpegnew\system\View\View.php(213): CodeIgniter\View\View->CodeIgniter\View\{closure}()
#3 D:\xampp7\htdocs\dashboardpegnew\system\Common.php(1089): CodeIgniter\View\View->render('themes/modern/d...', Array, true)
#4 D:\xampp7\htdocs\dashboardpegnew\app\Controllers\BaseController.php(248): view('themes/modern/d...', Array)
#5 D:\xampp7\htdocs\dashboardpegnew\app\Controllers\DashboardMutasi.php(36): App\Controllers\BaseController->view('dashboard_mutas...', Array)
#6 D:\xampp7\htdocs\dashboardpegnew\system\CodeIgniter.php(832): App\Controllers\DashboardMutasi->index()
#7 D:\xampp7\htdocs\dashboardpegnew\system\CodeIgniter.php(419): CodeIgniter\CodeIgniter->runController(Object(App\Controllers\DashboardMutasi))
#8 D:\xampp7\htdocs\dashboardpegnew\system\CodeIgniter.php(326): CodeIgniter\CodeIgniter->handleRequest(NULL, Object(Config\Cache), false)
#9 D:\xampp7\htdocs\dashboardpegnew\index.php(47): CodeIgniter\CodeIgniter->run()
#10 {main}
CRITICAL - 2023-02-26 10:11:49 --> Trying to get property 'jumlah_status' of non-object
#0 D:\xampp7\htdocs\dashboardpegnew\app\Views\themes\modern\dashboard1.php(8): CodeIgniter\Debug\Exceptions->errorHandler(8, 'Trying to get p...', 'D:\\xampp7\\htdoc...', 8, Array)
#1 D:\xampp7\htdocs\dashboardpegnew\system\View\View.php(210): include('D:\\xampp7\\htdoc...')
#2 D:\xampp7\htdocs\dashboardpegnew\system\View\View.php(213): CodeIgniter\View\View->CodeIgniter\View\{closure}()
#3 D:\xampp7\htdocs\dashboardpegnew\system\Common.php(1089): CodeIgniter\View\View->render('themes/modern/d...', Array, true)
#4 D:\xampp7\htdocs\dashboardpegnew\app\Controllers\BaseController.php(248): view('themes/modern/d...', Array)
#5 D:\xampp7\htdocs\dashboardpegnew\app\Controllers\Dashboard.php(42): App\Controllers\BaseController->view('dashboard1.php', Array)
#6 D:\xampp7\htdocs\dashboardpegnew\system\CodeIgniter.php(832): App\Controllers\Dashboard->index()
#7 D:\xampp7\htdocs\dashboardpegnew\system\CodeIgniter.php(419): CodeIgniter\CodeIgniter->runController(Object(App\Controllers\Dashboard))
#8 D:\xampp7\htdocs\dashboardpegnew\system\CodeIgniter.php(326): CodeIgniter\CodeIgniter->handleRequest(NULL, Object(Config\Cache), false)
#9 D:\xampp7\htdocs\dashboardpegnew\index.php(47): CodeIgniter\CodeIgniter->run()
#10 {main}
CRITICAL - 2023-02-26 10:34:41 --> Cannot redeclare App\Models\DashboardModel::count_usulan_kp()
#0 [internal function]: CodeIgniter\Debug\Exceptions->shutdownHandler()
#1 {main}
CRITICAL - 2023-02-26 10:37:24 --> Table 'dashboardpegnew.tbl_pindahinstansi' doesn't exist
#0 D:\xampp7\htdocs\dashboardpegnew\system\Database\MySQLi\Connection.php(292): mysqli->query('SELECT ti.nama_...', 0)
#1 D:\xampp7\htdocs\dashboardpegnew\system\Database\BaseConnection.php(670): CodeIgniter\Database\MySQLi\Connection->execute('SELECT ti.nama_...')
#2 D:\xampp7\htdocs\dashboardpegnew\system\Database\BaseConnection.php(598): CodeIgniter\Database\BaseConnection->simpleQuery('SELECT ti.nama_...')
#3 D:\xampp7\htdocs\dashboardpegnew\app\Models\DashboardModel.php(93): CodeIgniter\Database\BaseConnection->query('SELECT ti.nama_...')
#4 D:\xampp7\htdocs\dashboardpegnew\app\Controllers\DashboardMutasi.php(38): App\Models\DashboardModel->count_usulan_pindahinstansi()
#5 D:\xampp7\htdocs\dashboardpegnew\system\CodeIgniter.php(832): App\Controllers\DashboardMutasi->index()
#6 D:\xampp7\htdocs\dashboardpegnew\system\CodeIgniter.php(419): CodeIgniter\CodeIgniter->runController(Object(App\Controllers\DashboardMutasi))
#7 D:\xampp7\htdocs\dashboardpegnew\system\CodeIgniter.php(326): CodeIgniter\CodeIgniter->handleRequest(NULL, Object(Config\Cache), false)
#8 D:\xampp7\htdocs\dashboardpegnew\index.php(47): CodeIgniter\CodeIgniter->run()
#9 {main}
CRITICAL - 2023-02-26 10:42:06 --> Trying to get property 'jumlah_status' of non-object
#0 D:\xampp7\htdocs\dashboardpegnew\app\Views\themes\modern\dashboard1.php(8): CodeIgniter\Debug\Exceptions->errorHandler(8, 'Trying to get p...', 'D:\\xampp7\\htdoc...', 8, Array)
#1 D:\xampp7\htdocs\dashboardpegnew\system\View\View.php(210): include('D:\\xampp7\\htdoc...')
#2 D:\xampp7\htdocs\dashboardpegnew\system\View\View.php(213): CodeIgniter\View\View->CodeIgniter\View\{closure}()
#3 D:\xampp7\htdocs\dashboardpegnew\system\Common.php(1089): CodeIgniter\View\View->render('themes/modern/d...', Array, true)
#4 D:\xampp7\htdocs\dashboardpegnew\app\Controllers\BaseController.php(248): view('themes/modern/d...', Array)
#5 D:\xampp7\htdocs\dashboardpegnew\app\Controllers\Dashboard.php(42): App\Controllers\BaseController->view('dashboard1.php', Array)
#6 D:\xampp7\htdocs\dashboardpegnew\system\CodeIgniter.php(832): App\Controllers\Dashboard->index()
#7 D:\xampp7\htdocs\dashboardpegnew\system\CodeIgniter.php(419): CodeIgniter\CodeIgniter->runController(Object(App\Controllers\Dashboard))
#8 D:\xampp7\htdocs\dashboardpegnew\system\CodeIgniter.php(326): CodeIgniter\CodeIgniter->handleRequest(NULL, Object(Config\Cache), false)
#9 D:\xampp7\htdocs\dashboardpegnew\index.php(47): CodeIgniter\CodeIgniter->run()
#10 {main}
CRITICAL - 2023-02-26 10:42:15 --> Trying to get property 'jumlah_status' of non-object
#0 D:\xampp7\htdocs\dashboardpegnew\app\Views\themes\modern\dashboard1.php(8): CodeIgniter\Debug\Exceptions->errorHandler(8, 'Trying to get p...', 'D:\\xampp7\\htdoc...', 8, Array)
#1 D:\xampp7\htdocs\dashboardpegnew\system\View\View.php(210): include('D:\\xampp7\\htdoc...')
#2 D:\xampp7\htdocs\dashboardpegnew\system\View\View.php(213): CodeIgniter\View\View->CodeIgniter\View\{closure}()
#3 D:\xampp7\htdocs\dashboardpegnew\system\Common.php(1089): CodeIgniter\View\View->render('themes/modern/d...', Array, true)
#4 D:\xampp7\htdocs\dashboardpegnew\app\Controllers\BaseController.php(248): view('themes/modern/d...', Array)
#5 D:\xampp7\htdocs\dashboardpegnew\app\Controllers\Dashboard.php(42): App\Controllers\BaseController->view('dashboard1.php', Array)
#6 D:\xampp7\htdocs\dashboardpegnew\system\CodeIgniter.php(832): App\Controllers\Dashboard->index()
#7 D:\xampp7\htdocs\dashboardpegnew\system\CodeIgniter.php(419): CodeIgniter\CodeIgniter->runController(Object(App\Controllers\Dashboard))
#8 D:\xampp7\htdocs\dashboardpegnew\system\CodeIgniter.php(326): CodeIgniter\CodeIgniter->handleRequest(NULL, Object(Config\Cache), false)
#9 D:\xampp7\htdocs\dashboardpegnew\index.php(47): CodeIgniter\CodeIgniter->run()
#10 {main}
CRITICAL - 2023-02-26 10:43:18 --> Trying to get property 'jumlah_status' of non-object
#0 D:\xampp7\htdocs\dashboardpegnew\app\Views\themes\modern\dashboard1.php(8): CodeIgniter\Debug\Exceptions->errorHandler(8, 'Trying to get p...', 'D:\\xampp7\\htdoc...', 8, Array)
#1 D:\xampp7\htdocs\dashboardpegnew\system\View\View.php(210): include('D:\\xampp7\\htdoc...')
#2 D:\xampp7\htdocs\dashboardpegnew\system\View\View.php(213): CodeIgniter\View\View->CodeIgniter\View\{closure}()
#3 D:\xampp7\htdocs\dashboardpegnew\system\Common.php(1089): CodeIgniter\View\View->render('themes/modern/d...', Array, true)
#4 D:\xampp7\htdocs\dashboardpegnew\app\Controllers\BaseController.php(248): view('themes/modern/d...', Array)
#5 D:\xampp7\htdocs\dashboardpegnew\app\Controllers\Dashboard.php(42): App\Controllers\BaseController->view('dashboard1.php', Array)
#6 D:\xampp7\htdocs\dashboardpegnew\system\CodeIgniter.php(832): App\Controllers\Dashboard->index()
#7 D:\xampp7\htdocs\dashboardpegnew\system\CodeIgniter.php(419): CodeIgniter\CodeIgniter->runController(Object(App\Controllers\Dashboard))
#8 D:\xampp7\htdocs\dashboardpegnew\system\CodeIgniter.php(326): CodeIgniter\CodeIgniter->handleRequest(NULL, Object(Config\Cache), false)
#9 D:\xampp7\htdocs\dashboardpegnew\index.php(47): CodeIgniter\CodeIgniter->run()
#10 {main}
CRITICAL - 2023-02-26 11:04:34 --> Undefined variable: count_total_usulan_kp
#0 D:\xampp7\htdocs\dashboardpegnew\app\Views\themes\modern\dashboard_pensiun.php(8): CodeIgniter\Debug\Exceptions->errorHandler(8, 'Undefined varia...', 'D:\\xampp7\\htdoc...', 8, Array)
#1 D:\xampp7\htdocs\dashboardpegnew\system\View\View.php(210): include('D:\\xampp7\\htdoc...')
#2 D:\xampp7\htdocs\dashboardpegnew\system\View\View.php(213): CodeIgniter\View\View->CodeIgniter\View\{closure}()
#3 D:\xampp7\htdocs\dashboardpegnew\system\Common.php(1089): CodeIgniter\View\View->render('themes/modern/d...', Array, true)
#4 D:\xampp7\htdocs\dashboardpegnew\app\Controllers\BaseController.php(248): view('themes/modern/d...', Array)
#5 D:\xampp7\htdocs\dashboardpegnew\app\Controllers\DashboardPensiun.php(33): App\Controllers\BaseController->view('dashboard_pensi...', Array)
#6 D:\xampp7\htdocs\dashboardpegnew\system\CodeIgniter.php(832): App\Controllers\DashboardPensiun->index()
#7 D:\xampp7\htdocs\dashboardpegnew\system\CodeIgniter.php(419): CodeIgniter\CodeIgniter->runController(Object(App\Controllers\DashboardPensiun))
#8 D:\xampp7\htdocs\dashboardpegnew\system\CodeIgniter.php(326): CodeIgniter\CodeIgniter->handleRequest(NULL, Object(Config\Cache), false)
#9 D:\xampp7\htdocs\dashboardpegnew\index.php(47): CodeIgniter\CodeIgniter->run()
#10 {main}
CRITICAL - 2023-02-26 11:04:43 --> Undefined variable: count_usulan_kp
#0 D:\xampp7\htdocs\dashboardpegnew\app\Views\themes\modern\dashboard_pensiun.php(90): CodeIgniter\Debug\Exceptions->errorHandler(8, 'Undefined varia...', 'D:\\xampp7\\htdoc...', 90, Array)
#1 D:\xampp7\htdocs\dashboardpegnew\system\View\View.php(210): include('D:\\xampp7\\htdoc...')
#2 D:\xampp7\htdocs\dashboardpegnew\system\View\View.php(213): CodeIgniter\View\View->CodeIgniter\View\{closure}()
#3 D:\xampp7\htdocs\dashboardpegnew\system\Common.php(1089): CodeIgniter\View\View->render('themes/modern/d...', Array, true)
#4 D:\xampp7\htdocs\dashboardpegnew\app\Controllers\BaseController.php(248): view('themes/modern/d...', Array)
#5 D:\xampp7\htdocs\dashboardpegnew\app\Controllers\DashboardPensiun.php(33): App\Controllers\BaseController->view('dashboard_pensi...', Array)
#6 D:\xampp7\htdocs\dashboardpegnew\system\CodeIgniter.php(832): App\Controllers\DashboardPensiun->index()
#7 D:\xampp7\htdocs\dashboardpegnew\system\CodeIgniter.php(419): CodeIgniter\CodeIgniter->runController(Object(App\Controllers\DashboardPensiun))
#8 D:\xampp7\htdocs\dashboardpegnew\system\CodeIgniter.php(326): CodeIgniter\CodeIgniter->handleRequest(NULL, Object(Config\Cache), false)
#9 D:\xampp7\htdocs\dashboardpegnew\index.php(47): CodeIgniter\CodeIgniter->run()
#10 {main}
CRITICAL - 2023-02-26 11:04:57 --> Undefined variable: count_usulan_kp
#0 D:\xampp7\htdocs\dashboardpegnew\app\Views\themes\modern\dashboard_pensiun.php(90): CodeIgniter\Debug\Exceptions->errorHandler(8, 'Undefined varia...', 'D:\\xampp7\\htdoc...', 90, Array)
#1 D:\xampp7\htdocs\dashboardpegnew\system\View\View.php(210): include('D:\\xampp7\\htdoc...')
#2 D:\xampp7\htdocs\dashboardpegnew\system\View\View.php(213): CodeIgniter\View\View->CodeIgniter\View\{closure}()
#3 D:\xampp7\htdocs\dashboardpegnew\system\Common.php(1089): CodeIgniter\View\View->render('themes/modern/d...', Array, true)
#4 D:\xampp7\htdocs\dashboardpegnew\app\Controllers\BaseController.php(248): view('themes/modern/d...', Array)
#5 D:\xampp7\htdocs\dashboardpegnew\app\Controllers\DashboardPensiun.php(33): App\Controllers\BaseController->view('dashboard_pensi...', Array)
#6 D:\xampp7\htdocs\dashboardpegnew\system\CodeIgniter.php(832): App\Controllers\DashboardPensiun->index()
#7 D:\xampp7\htdocs\dashboardpegnew\system\CodeIgniter.php(419): CodeIgniter\CodeIgniter->runController(Object(App\Controllers\DashboardPensiun))
#8 D:\xampp7\htdocs\dashboardpegnew\system\CodeIgniter.php(326): CodeIgniter\CodeIgniter->handleRequest(NULL, Object(Config\Cache), false)
#9 D:\xampp7\htdocs\dashboardpegnew\index.php(47): CodeIgniter\CodeIgniter->run()
#10 {main}
CRITICAL - 2023-02-26 11:09:30 --> Undefined variable: status_usulan
#0 D:\xampp7\htdocs\dashboardpegnew\app\Views\themes\modern\dashboard_pensiun.php(10): CodeIgniter\Debug\Exceptions->errorHandler(8, 'Undefined varia...', 'D:\\xampp7\\htdoc...', 10, Array)
#1 D:\xampp7\htdocs\dashboardpegnew\system\View\View.php(210): include('D:\\xampp7\\htdoc...')
#2 D:\xampp7\htdocs\dashboardpegnew\system\View\View.php(213): CodeIgniter\View\View->CodeIgniter\View\{closure}()
#3 D:\xampp7\htdocs\dashboardpegnew\system\Common.php(1089): CodeIgniter\View\View->render('themes/modern/d...', Array, true)
#4 D:\xampp7\htdocs\dashboardpegnew\app\Controllers\BaseController.php(248): view('themes/modern/d...', Array)
#5 D:\xampp7\htdocs\dashboardpegnew\app\Controllers\DashboardPensiun.php(33): App\Controllers\BaseController->view('dashboard_pensi...', Array)
#6 D:\xampp7\htdocs\dashboardpegnew\system\CodeIgniter.php(832): App\Controllers\DashboardPensiun->index()
#7 D:\xampp7\htdocs\dashboardpegnew\system\CodeIgniter.php(419): CodeIgniter\CodeIgniter->runController(Object(App\Controllers\DashboardPensiun))
#8 D:\xampp7\htdocs\dashboardpegnew\system\CodeIgniter.php(326): CodeIgniter\CodeIgniter->handleRequest(NULL, Object(Config\Cache), false)
#9 D:\xampp7\htdocs\dashboardpegnew\index.php(47): CodeIgniter\CodeIgniter->run()
#10 {main}
CRITICAL - 2023-02-26 11:18:36 --> Trying to get property 'total_usulan_pensiun' of non-object
#0 D:\xampp7\htdocs\dashboardpegnew\app\Views\themes\modern\dashboard_pensiun.php(12): CodeIgniter\Debug\Exceptions->errorHandler(8, 'Trying to get p...', 'D:\\xampp7\\htdoc...', 12, Array)
#1 D:\xampp7\htdocs\dashboardpegnew\system\View\View.php(210): include('D:\\xampp7\\htdoc...')
#2 D:\xampp7\htdocs\dashboardpegnew\system\View\View.php(213): CodeIgniter\View\View->CodeIgniter\View\{closure}()
#3 D:\xampp7\htdocs\dashboardpegnew\system\Common.php(1089): CodeIgniter\View\View->render('themes/modern/d...', Array, true)
#4 D:\xampp7\htdocs\dashboardpegnew\app\Controllers\BaseController.php(248): view('themes/modern/d...', Array)
#5 D:\xampp7\htdocs\dashboardpegnew\app\Controllers\DashboardPensiun.php(33): App\Controllers\BaseController->view('dashboard_pensi...', Array)
#6 D:\xampp7\htdocs\dashboardpegnew\system\CodeIgniter.php(832): App\Controllers\DashboardPensiun->index()
#7 D:\xampp7\htdocs\dashboardpegnew\system\CodeIgniter.php(419): CodeIgniter\CodeIgniter->runController(Object(App\Controllers\DashboardPensiun))
#8 D:\xampp7\htdocs\dashboardpegnew\system\CodeIgniter.php(326): CodeIgniter\CodeIgniter->handleRequest(NULL, Object(Config\Cache), false)
#9 D:\xampp7\htdocs\dashboardpegnew\index.php(47): CodeIgniter\CodeIgniter->run()
#10 {main}
CRITICAL - 2023-02-26 11:18:56 --> Trying to get property 'total_usulan_pensiun' of non-object
#0 D:\xampp7\htdocs\dashboardpegnew\app\Views\themes\modern\dashboard_pensiun.php(12): CodeIgniter\Debug\Exceptions->errorHandler(8, 'Trying to get p...', 'D:\\xampp7\\htdoc...', 12, Array)
#1 D:\xampp7\htdocs\dashboardpegnew\system\View\View.php(210): include('D:\\xampp7\\htdoc...')
#2 D:\xampp7\htdocs\dashboardpegnew\system\View\View.php(213): CodeIgniter\View\View->CodeIgniter\View\{closure}()
#3 D:\xampp7\htdocs\dashboardpegnew\system\Common.php(1089): CodeIgniter\View\View->render('themes/modern/d...', Array, true)
#4 D:\xampp7\htdocs\dashboardpegnew\app\Controllers\BaseController.php(248): view('themes/modern/d...', Array)
#5 D:\xampp7\htdocs\dashboardpegnew\app\Controllers\DashboardPensiun.php(33): App\Controllers\BaseController->view('dashboard_pensi...', Array)
#6 D:\xampp7\htdocs\dashboardpegnew\system\CodeIgniter.php(832): App\Controllers\DashboardPensiun->index()
#7 D:\xampp7\htdocs\dashboardpegnew\system\CodeIgniter.php(419): CodeIgniter\CodeIgniter->runController(Object(App\Controllers\DashboardPensiun))
#8 D:\xampp7\htdocs\dashboardpegnew\system\CodeIgniter.php(326): CodeIgniter\CodeIgniter->handleRequest(NULL, Object(Config\Cache), false)
#9 D:\xampp7\htdocs\dashboardpegnew\index.php(47): CodeIgniter\CodeIgniter->run()
#10 {main}
CRITICAL - 2023-02-26 11:19:40 --> Array to string conversion
#0 D:\xampp7\htdocs\dashboardpegnew\app\Views\themes\modern\dashboard_pensiun.php(9): CodeIgniter\Debug\Exceptions->errorHandler(8, 'Array to string...', 'D:\\xampp7\\htdoc...', 9, Array)
#1 D:\xampp7\htdocs\dashboardpegnew\system\View\View.php(210): include('D:\\xampp7\\htdoc...')
#2 D:\xampp7\htdocs\dashboardpegnew\system\View\View.php(213): CodeIgniter\View\View->CodeIgniter\View\{closure}()
#3 D:\xampp7\htdocs\dashboardpegnew\system\Common.php(1089): CodeIgniter\View\View->render('themes/modern/d...', Array, true)
#4 D:\xampp7\htdocs\dashboardpegnew\app\Controllers\BaseController.php(248): view('themes/modern/d...', Array)
#5 D:\xampp7\htdocs\dashboardpegnew\app\Controllers\DashboardPensiun.php(33): App\Controllers\BaseController->view('dashboard_pensi...', Array)
#6 D:\xampp7\htdocs\dashboardpegnew\system\CodeIgniter.php(832): App\Controllers\DashboardPensiun->index()
#7 D:\xampp7\htdocs\dashboardpegnew\system\CodeIgniter.php(419): CodeIgniter\CodeIgniter->runController(Object(App\Controllers\DashboardPensiun))
#8 D:\xampp7\htdocs\dashboardpegnew\system\CodeIgniter.php(326): CodeIgniter\CodeIgniter->handleRequest(NULL, Object(Config\Cache), false)
#9 D:\xampp7\htdocs\dashboardpegnew\index.php(47): CodeIgniter\CodeIgniter->run()
#10 {main}
CRITICAL - 2023-02-26 11:20:13 --> Undefined offset: 4
#0 D:\xampp7\htdocs\dashboardpegnew\app\Views\themes\modern\dashboard_pensiun.php(9): CodeIgniter\Debug\Exceptions->errorHandler(8, 'Undefined offse...', 'D:\\xampp7\\htdoc...', 9, Array)
#1 D:\xampp7\htdocs\dashboardpegnew\system\View\View.php(210): include('D:\\xampp7\\htdoc...')
#2 D:\xampp7\htdocs\dashboardpegnew\system\View\View.php(213): CodeIgniter\View\View->CodeIgniter\View\{closure}()
#3 D:\xampp7\htdocs\dashboardpegnew\system\Common.php(1089): CodeIgniter\View\View->render('themes/modern/d...', Array, true)
#4 D:\xampp7\htdocs\dashboardpegnew\app\Controllers\BaseController.php(248): view('themes/modern/d...', Array)
#5 D:\xampp7\htdocs\dashboardpegnew\app\Controllers\DashboardPensiun.php(33): App\Controllers\BaseController->view('dashboard_pensi...', Array)
#6 D:\xampp7\htdocs\dashboardpegnew\system\CodeIgniter.php(832): App\Controllers\DashboardPensiun->index()
#7 D:\xampp7\htdocs\dashboardpegnew\system\CodeIgniter.php(419): CodeIgniter\CodeIgniter->runController(Object(App\Controllers\DashboardPensiun))
#8 D:\xampp7\htdocs\dashboardpegnew\system\CodeIgniter.php(326): CodeIgniter\CodeIgniter->handleRequest(NULL, Object(Config\Cache), false)
#9 D:\xampp7\htdocs\dashboardpegnew\index.php(47): CodeIgniter\CodeIgniter->run()
#10 {main}
CRITICAL - 2023-02-26 11:56:31 --> Trying to get property 'jumlah_status' of non-object
#0 D:\xampp7\htdocs\dashboardpegnew\app\Views\themes\modern\dashboard1.php(8): CodeIgniter\Debug\Exceptions->errorHandler(8, 'Trying to get p...', 'D:\\xampp7\\htdoc...', 8, Array)
#1 D:\xampp7\htdocs\dashboardpegnew\system\View\View.php(210): include('D:\\xampp7\\htdoc...')
#2 D:\xampp7\htdocs\dashboardpegnew\system\View\View.php(213): CodeIgniter\View\View->CodeIgniter\View\{closure}()
#3 D:\xampp7\htdocs\dashboardpegnew\system\Common.php(1089): CodeIgniter\View\View->render('themes/modern/d...', Array, true)
#4 D:\xampp7\htdocs\dashboardpegnew\app\Controllers\BaseController.php(248): view('themes/modern/d...', Array)
#5 D:\xampp7\htdocs\dashboardpegnew\app\Controllers\Dashboard.php(42): App\Controllers\BaseController->view('dashboard1.php', Array)
#6 D:\xampp7\htdocs\dashboardpegnew\system\CodeIgniter.php(832): App\Controllers\Dashboard->index()
#7 D:\xampp7\htdocs\dashboardpegnew\system\CodeIgniter.php(419): CodeIgniter\CodeIgniter->runController(Object(App\Controllers\Dashboard))
#8 D:\xampp7\htdocs\dashboardpegnew\system\CodeIgniter.php(326): CodeIgniter\CodeIgniter->handleRequest(NULL, Object(Config\Cache), false)
#9 D:\xampp7\htdocs\dashboardpegnew\index.php(47): CodeIgniter\CodeIgniter->run()
#10 {main}
CRITICAL - 2023-02-26 11:58:23 --> Invalid file: themes/modern/dashboard1.php
#0 D:\xampp7\htdocs\dashboardpegnew\system\View\View.php(198): CodeIgniter\Exceptions\FrameworkException::forInvalidFile('themes/modern/d...')
#1 D:\xampp7\htdocs\dashboardpegnew\system\Common.php(1089): CodeIgniter\View\View->render('themes/modern/d...', Array, true)
#2 D:\xampp7\htdocs\dashboardpegnew\app\Controllers\BaseController.php(248): view('themes/modern/d...', Array)
#3 D:\xampp7\htdocs\dashboardpegnew\app\Controllers\DashboardAdmin.php(42): App\Controllers\BaseController->view('dashboard1.php', Array)
#4 D:\xampp7\htdocs\dashboardpegnew\system\CodeIgniter.php(832): App\Controllers\DashboardAdmin->index()
#5 D:\xampp7\htdocs\dashboardpegnew\system\CodeIgniter.php(419): CodeIgniter\CodeIgniter->runController(Object(App\Controllers\DashboardAdmin))
#6 D:\xampp7\htdocs\dashboardpegnew\system\CodeIgniter.php(326): CodeIgniter\CodeIgniter->handleRequest(NULL, Object(Config\Cache), false)
#7 D:\xampp7\htdocs\dashboardpegnew\index.php(47): CodeIgniter\CodeIgniter->run()
#8 {main}
CRITICAL - 2023-02-26 11:58:33 --> Trying to get property 'jumlah_status' of non-object
#0 D:\xampp7\htdocs\dashboardpegnew\app\Views\themes\modern\dashboard_admin.php(8): CodeIgniter\Debug\Exceptions->errorHandler(8, 'Trying to get p...', 'D:\\xampp7\\htdoc...', 8, Array)
#1 D:\xampp7\htdocs\dashboardpegnew\system\View\View.php(210): include('D:\\xampp7\\htdoc...')
#2 D:\xampp7\htdocs\dashboardpegnew\system\View\View.php(213): CodeIgniter\View\View->CodeIgniter\View\{closure}()
#3 D:\xampp7\htdocs\dashboardpegnew\system\Common.php(1089): CodeIgniter\View\View->render('themes/modern/d...', Array, true)
#4 D:\xampp7\htdocs\dashboardpegnew\app\Controllers\BaseController.php(248): view('themes/modern/d...', Array)
#5 D:\xampp7\htdocs\dashboardpegnew\app\Controllers\DashboardAdmin.php(42): App\Controllers\BaseController->view('dashboard_admin...', Array)
#6 D:\xampp7\htdocs\dashboardpegnew\system\CodeIgniter.php(832): App\Controllers\DashboardAdmin->index()
#7 D:\xampp7\htdocs\dashboardpegnew\system\CodeIgniter.php(419): CodeIgniter\CodeIgniter->runController(Object(App\Controllers\DashboardAdmin))
#8 D:\xampp7\htdocs\dashboardpegnew\system\CodeIgniter.php(326): CodeIgniter\CodeIgniter->handleRequest(NULL, Object(Config\Cache), false)
#9 D:\xampp7\htdocs\dashboardpegnew\index.php(47): CodeIgniter\CodeIgniter->run()
#10 {main}
