CRITICAL - 2023-02-14 09:16:20 --> Undefined index: id_mahasiswa
#0 D:\xampp7\htdocs\dashboardpeg2\app\Controllers\Instansi.php(61): CodeIgniter\Debug\Exceptions->errorHandler(8, 'Undefined index...', 'D:\\xampp7\\htdoc...', 61, Array)
#1 D:\xampp7\htdocs\dashboardpeg2\system\CodeIgniter.php(832): App\Controllers\Instansi->getDataDT()
#2 D:\xampp7\htdocs\dashboardpeg2\system\CodeIgniter.php(419): CodeIgniter\CodeIgniter->runController(Object(App\Controllers\Instansi))
#3 D:\xampp7\htdocs\dashboardpeg2\system\CodeIgniter.php(326): CodeIgniter\CodeIgniter->handleRequest(NULL, Object(Config\Cache), false)
#4 D:\xampp7\htdocs\dashboardpeg2\index.php(47): CodeIgniter\CodeIgniter->run()
#5 {main}
CRITICAL - 2023-02-14 09:20:11 --> You must set the database table to be used with your query.
#0 D:\xampp7\htdocs\dashboardpeg2\system\Model.php(545): CodeIgniter\Database\BaseConnection->table(NULL)
#1 D:\xampp7\htdocs\dashboardpeg2\system\Model.php(722): CodeIgniter\Model->builder()
#2 D:\xampp7\htdocs\dashboardpeg2\app\Controllers\Instansi.php(151): CodeIgniter\Model->__call('getInstansi', Array)
#3 D:\xampp7\htdocs\dashboardpeg2\app\Controllers\Instansi.php(117): App\Controllers\Instansi->setData('b1d5781111d84f7...')
#4 D:\xampp7\htdocs\dashboardpeg2\system\CodeIgniter.php(832): App\Controllers\Instansi->edit()
#5 D:\xampp7\htdocs\dashboardpeg2\system\CodeIgniter.php(419): CodeIgniter\CodeIgniter->runController(Object(App\Controllers\Instansi))
#6 D:\xampp7\htdocs\dashboardpeg2\system\CodeIgniter.php(326): CodeIgniter\CodeIgniter->handleRequest(NULL, Object(Config\Cache), false)
#7 D:\xampp7\htdocs\dashboardpeg2\index.php(47): CodeIgniter\CodeIgniter->run()
#8 {main}
CRITICAL - 2023-02-14 09:28:58 --> You must set the database table to be used with your query.
#0 D:\xampp7\htdocs\dashboardpeg2\system\Model.php(545): CodeIgniter\Database\BaseConnection->table(NULL)
#1 D:\xampp7\htdocs\dashboardpeg2\system\Model.php(722): CodeIgniter\Model->builder()
#2 D:\xampp7\htdocs\dashboardpeg2\app\Controllers\Instansi.php(158): CodeIgniter\Model->__call('getInstansiUser', Array)
#3 D:\xampp7\htdocs\dashboardpeg2\app\Controllers\Instansi.php(117): App\Controllers\Instansi->setData('b1d5781111d84f7...')
#4 D:\xampp7\htdocs\dashboardpeg2\system\CodeIgniter.php(832): App\Controllers\Instansi->edit()
#5 D:\xampp7\htdocs\dashboardpeg2\system\CodeIgniter.php(419): CodeIgniter\CodeIgniter->runController(Object(App\Controllers\Instansi))
#6 D:\xampp7\htdocs\dashboardpeg2\system\CodeIgniter.php(326): CodeIgniter\CodeIgniter->handleRequest(NULL, Object(Config\Cache), false)
#7 D:\xampp7\htdocs\dashboardpeg2\index.php(47): CodeIgniter\CodeIgniter->run()
#8 {main}
CRITICAL - 2023-02-14 09:34:13 --> Undefined index: id_user
#0 D:\xampp7\htdocs\dashboardpeg2\app\Views\themes\modern\header.php(120): CodeIgniter\Debug\Exceptions->errorHandler(8, 'Undefined index...', 'D:\\xampp7\\htdoc...', 120, Array)
#1 D:\xampp7\htdocs\dashboardpeg2\system\View\View.php(210): include('D:\\xampp7\\htdoc...')
#2 D:\xampp7\htdocs\dashboardpeg2\system\View\View.php(213): CodeIgniter\View\View->CodeIgniter\View\{closure}()
#3 D:\xampp7\htdocs\dashboardpeg2\system\Common.php(1089): CodeIgniter\View\View->render('themes/modern/h...', Array, true)
#4 D:\xampp7\htdocs\dashboardpeg2\app\Controllers\BaseController.php(247): view('themes/modern/h...', Array)
#5 D:\xampp7\htdocs\dashboardpeg2\app\Controllers\Instansi.php(132): App\Controllers\BaseController->view('instansi-form.p...', Array)
#6 D:\xampp7\htdocs\dashboardpeg2\system\CodeIgniter.php(832): App\Controllers\Instansi->edit()
#7 D:\xampp7\htdocs\dashboardpeg2\system\CodeIgniter.php(419): CodeIgniter\CodeIgniter->runController(Object(App\Controllers\Instansi))
#8 D:\xampp7\htdocs\dashboardpeg2\system\CodeIgniter.php(326): CodeIgniter\CodeIgniter->handleRequest(NULL, Object(Config\Cache), false)
#9 D:\xampp7\htdocs\dashboardpeg2\index.php(47): CodeIgniter\CodeIgniter->run()
#10 {main}
CRITICAL - 2023-02-14 09:34:51 --> Array to string conversion
#0 D:\xampp7\htdocs\dashboardpeg2\app\Helpers\html_helper.php(48): CodeIgniter\Debug\Exceptions->errorHandler(8, 'Array to string...', 'D:\\xampp7\\htdoc...', 48, Array)
#1 D:\xampp7\htdocs\dashboardpeg2\app\Views\themes\modern\instansi-form.php(48): options(Array, Array, NULL)
#2 D:\xampp7\htdocs\dashboardpeg2\system\View\View.php(210): include('D:\\xampp7\\htdoc...')
#3 D:\xampp7\htdocs\dashboardpeg2\system\View\View.php(213): CodeIgniter\View\View->CodeIgniter\View\{closure}()
#4 D:\xampp7\htdocs\dashboardpeg2\system\Common.php(1089): CodeIgniter\View\View->render('themes/modern/i...', Array, true)
#5 D:\xampp7\htdocs\dashboardpeg2\app\Controllers\BaseController.php(248): view('themes/modern/i...', Array)
#6 D:\xampp7\htdocs\dashboardpeg2\app\Controllers\Instansi.php(132): App\Controllers\BaseController->view('instansi-form.p...', Array)
#7 D:\xampp7\htdocs\dashboardpeg2\system\CodeIgniter.php(832): App\Controllers\Instansi->edit()
#8 D:\xampp7\htdocs\dashboardpeg2\system\CodeIgniter.php(419): CodeIgniter\CodeIgniter->runController(Object(App\Controllers\Instansi))
#9 D:\xampp7\htdocs\dashboardpeg2\system\CodeIgniter.php(326): CodeIgniter\CodeIgniter->handleRequest(NULL, Object(Config\Cache), false)
#10 D:\xampp7\htdocs\dashboardpeg2\index.php(47): CodeIgniter\CodeIgniter->run()
#11 {main}
CRITICAL - 2023-02-14 10:59:16 --> Array to string conversion
#0 D:\xampp7\htdocs\dashboardpeg2\app\Helpers\html_helper.php(48): CodeIgniter\Debug\Exceptions->errorHandler(8, 'Array to string...', 'D:\\xampp7\\htdoc...', 48, Array)
#1 D:\xampp7\htdocs\dashboardpeg2\app\Views\themes\modern\instansi-form.php(48): options(Array, Array, NULL)
#2 D:\xampp7\htdocs\dashboardpeg2\system\View\View.php(210): include('D:\\xampp7\\htdoc...')
#3 D:\xampp7\htdocs\dashboardpeg2\system\View\View.php(213): CodeIgniter\View\View->CodeIgniter\View\{closure}()
#4 D:\xampp7\htdocs\dashboardpeg2\system\Common.php(1089): CodeIgniter\View\View->render('themes/modern/i...', Array, true)
#5 D:\xampp7\htdocs\dashboardpeg2\app\Controllers\BaseController.php(248): view('themes/modern/i...', Array)
#6 D:\xampp7\htdocs\dashboardpeg2\app\Controllers\Instansi.php(132): App\Controllers\BaseController->view('instansi-form.p...', Array)
#7 D:\xampp7\htdocs\dashboardpeg2\system\CodeIgniter.php(832): App\Controllers\Instansi->edit()
#8 D:\xampp7\htdocs\dashboardpeg2\system\CodeIgniter.php(419): CodeIgniter\CodeIgniter->runController(Object(App\Controllers\Instansi))
#9 D:\xampp7\htdocs\dashboardpeg2\system\CodeIgniter.php(326): CodeIgniter\CodeIgniter->handleRequest(NULL, Object(Config\Cache), false)
#10 D:\xampp7\htdocs\dashboardpeg2\index.php(47): CodeIgniter\CodeIgniter->run()
#11 {main}
CRITICAL - 2023-02-14 11:01:36 --> Array to string conversion
#0 D:\xampp7\htdocs\dashboardpeg2\app\Helpers\html_helper.php(48): CodeIgniter\Debug\Exceptions->errorHandler(8, 'Array to string...', 'D:\\xampp7\\htdoc...', 48, Array)
#1 D:\xampp7\htdocs\dashboardpeg2\app\Views\themes\modern\instansi-form.php(48): options(Array, Array, NULL)
#2 D:\xampp7\htdocs\dashboardpeg2\system\View\View.php(210): include('D:\\xampp7\\htdoc...')
#3 D:\xampp7\htdocs\dashboardpeg2\system\View\View.php(213): CodeIgniter\View\View->CodeIgniter\View\{closure}()
#4 D:\xampp7\htdocs\dashboardpeg2\system\Common.php(1089): CodeIgniter\View\View->render('themes/modern/i...', Array, true)
#5 D:\xampp7\htdocs\dashboardpeg2\app\Controllers\BaseController.php(248): view('themes/modern/i...', Array)
#6 D:\xampp7\htdocs\dashboardpeg2\app\Controllers\Instansi.php(132): App\Controllers\BaseController->view('instansi-form.p...', Array)
#7 D:\xampp7\htdocs\dashboardpeg2\system\CodeIgniter.php(832): App\Controllers\Instansi->edit()
#8 D:\xampp7\htdocs\dashboardpeg2\system\CodeIgniter.php(419): CodeIgniter\CodeIgniter->runController(Object(App\Controllers\Instansi))
#9 D:\xampp7\htdocs\dashboardpeg2\system\CodeIgniter.php(326): CodeIgniter\CodeIgniter->handleRequest(NULL, Object(Config\Cache), false)
#10 D:\xampp7\htdocs\dashboardpeg2\index.php(47): CodeIgniter\CodeIgniter->run()
#11 {main}
CRITICAL - 2023-02-14 11:02:03 --> Array to string conversion
#0 D:\xampp7\htdocs\dashboardpeg2\app\Helpers\html_helper.php(48): CodeIgniter\Debug\Exceptions->errorHandler(8, 'Array to string...', 'D:\\xampp7\\htdoc...', 48, Array)
#1 D:\xampp7\htdocs\dashboardpeg2\app\Views\themes\modern\instansi-form.php(48): options(Array, Array, NULL)
#2 D:\xampp7\htdocs\dashboardpeg2\system\View\View.php(210): include('D:\\xampp7\\htdoc...')
#3 D:\xampp7\htdocs\dashboardpeg2\system\View\View.php(213): CodeIgniter\View\View->CodeIgniter\View\{closure}()
#4 D:\xampp7\htdocs\dashboardpeg2\system\Common.php(1089): CodeIgniter\View\View->render('themes/modern/i...', Array, true)
#5 D:\xampp7\htdocs\dashboardpeg2\app\Controllers\BaseController.php(248): view('themes/modern/i...', Array)
#6 D:\xampp7\htdocs\dashboardpeg2\app\Controllers\Instansi.php(132): App\Controllers\BaseController->view('instansi-form.p...', Array)
#7 D:\xampp7\htdocs\dashboardpeg2\system\CodeIgniter.php(832): App\Controllers\Instansi->edit()
#8 D:\xampp7\htdocs\dashboardpeg2\system\CodeIgniter.php(419): CodeIgniter\CodeIgniter->runController(Object(App\Controllers\Instansi))
#9 D:\xampp7\htdocs\dashboardpeg2\system\CodeIgniter.php(326): CodeIgniter\CodeIgniter->handleRequest(NULL, Object(Config\Cache), false)
#10 D:\xampp7\htdocs\dashboardpeg2\index.php(47): CodeIgniter\CodeIgniter->run()
#11 {main}
CRITICAL - 2023-02-14 11:02:35 --> Array to string conversion
#0 D:\xampp7\htdocs\dashboardpeg2\app\Helpers\html_helper.php(48): CodeIgniter\Debug\Exceptions->errorHandler(8, 'Array to string...', 'D:\\xampp7\\htdoc...', 48, Array)
#1 D:\xampp7\htdocs\dashboardpeg2\app\Views\themes\modern\instansi-form.php(42): options(Array, Array)
#2 D:\xampp7\htdocs\dashboardpeg2\system\View\View.php(210): include('D:\\xampp7\\htdoc...')
#3 D:\xampp7\htdocs\dashboardpeg2\system\View\View.php(213): CodeIgniter\View\View->CodeIgniter\View\{closure}()
#4 D:\xampp7\htdocs\dashboardpeg2\system\Common.php(1089): CodeIgniter\View\View->render('themes/modern/i...', Array, true)
#5 D:\xampp7\htdocs\dashboardpeg2\app\Controllers\BaseController.php(248): view('themes/modern/i...', Array)
#6 D:\xampp7\htdocs\dashboardpeg2\app\Controllers\Instansi.php(132): App\Controllers\BaseController->view('instansi-form.p...', Array)
#7 D:\xampp7\htdocs\dashboardpeg2\system\CodeIgniter.php(832): App\Controllers\Instansi->edit()
#8 D:\xampp7\htdocs\dashboardpeg2\system\CodeIgniter.php(419): CodeIgniter\CodeIgniter->runController(Object(App\Controllers\Instansi))
#9 D:\xampp7\htdocs\dashboardpeg2\system\CodeIgniter.php(326): CodeIgniter\CodeIgniter->handleRequest(NULL, Object(Config\Cache), false)
#10 D:\xampp7\htdocs\dashboardpeg2\index.php(47): CodeIgniter\CodeIgniter->run()
#11 {main}
CRITICAL - 2023-02-14 11:02:41 --> Array to string conversion
#0 D:\xampp7\htdocs\dashboardpeg2\app\Helpers\html_helper.php(48): CodeIgniter\Debug\Exceptions->errorHandler(8, 'Array to string...', 'D:\\xampp7\\htdoc...', 48, Array)
#1 D:\xampp7\htdocs\dashboardpeg2\app\Views\themes\modern\instansi-form.php(48): options(Array, Array, NULL)
#2 D:\xampp7\htdocs\dashboardpeg2\system\View\View.php(210): include('D:\\xampp7\\htdoc...')
#3 D:\xampp7\htdocs\dashboardpeg2\system\View\View.php(213): CodeIgniter\View\View->CodeIgniter\View\{closure}()
#4 D:\xampp7\htdocs\dashboardpeg2\system\Common.php(1089): CodeIgniter\View\View->render('themes/modern/i...', Array, true)
#5 D:\xampp7\htdocs\dashboardpeg2\app\Controllers\BaseController.php(248): view('themes/modern/i...', Array)
#6 D:\xampp7\htdocs\dashboardpeg2\app\Controllers\Instansi.php(132): App\Controllers\BaseController->view('instansi-form.p...', Array)
#7 D:\xampp7\htdocs\dashboardpeg2\system\CodeIgniter.php(832): App\Controllers\Instansi->edit()
#8 D:\xampp7\htdocs\dashboardpeg2\system\CodeIgniter.php(419): CodeIgniter\CodeIgniter->runController(Object(App\Controllers\Instansi))
#9 D:\xampp7\htdocs\dashboardpeg2\system\CodeIgniter.php(326): CodeIgniter\CodeIgniter->handleRequest(NULL, Object(Config\Cache), false)
#10 D:\xampp7\htdocs\dashboardpeg2\index.php(47): CodeIgniter\CodeIgniter->run()
#11 {main}
CRITICAL - 2023-02-14 11:04:51 --> syntax error, unexpected 'Operator' (T_STRING)
#0 D:\xampp7\htdocs\dashboardpeg2\system\Autoloader\Autoloader.php(241): CodeIgniter\Autoloader\Autoloader->includeFile('D:\\xampp7\\htdoc...')
#1 D:\xampp7\htdocs\dashboardpeg2\system\Autoloader\Autoloader.php(219): CodeIgniter\Autoloader\Autoloader->loadInNamespace('App\\Models\\Inst...')
#2 [internal function]: CodeIgniter\Autoloader\Autoloader->loadClass('App\\Models\\Inst...')
#3 D:\xampp7\htdocs\dashboardpeg2\app\Controllers\Instansi.php(12): spl_autoload_call('App\\Models\\Inst...')
#4 D:\xampp7\htdocs\dashboardpeg2\system\CodeIgniter.php(809): App\Controllers\Instansi->__construct()
#5 D:\xampp7\htdocs\dashboardpeg2\system\CodeIgniter.php(410): CodeIgniter\CodeIgniter->createController()
#6 D:\xampp7\htdocs\dashboardpeg2\system\CodeIgniter.php(326): CodeIgniter\CodeIgniter->handleRequest(NULL, Object(Config\Cache), false)
#7 D:\xampp7\htdocs\dashboardpeg2\index.php(47): CodeIgniter\CodeIgniter->run()
#8 {main}
CRITICAL - 2023-02-14 11:05:15 --> Array to string conversion
#0 D:\xampp7\htdocs\dashboardpeg2\app\Helpers\html_helper.php(48): CodeIgniter\Debug\Exceptions->errorHandler(8, 'Array to string...', 'D:\\xampp7\\htdoc...', 48, Array)
#1 D:\xampp7\htdocs\dashboardpeg2\app\Views\themes\modern\instansi-form.php(48): options(Array, Array, NULL)
#2 D:\xampp7\htdocs\dashboardpeg2\system\View\View.php(210): include('D:\\xampp7\\htdoc...')
#3 D:\xampp7\htdocs\dashboardpeg2\system\View\View.php(213): CodeIgniter\View\View->CodeIgniter\View\{closure}()
#4 D:\xampp7\htdocs\dashboardpeg2\system\Common.php(1089): CodeIgniter\View\View->render('themes/modern/i...', Array, true)
#5 D:\xampp7\htdocs\dashboardpeg2\app\Controllers\BaseController.php(248): view('themes/modern/i...', Array)
#6 D:\xampp7\htdocs\dashboardpeg2\app\Controllers\Instansi.php(132): App\Controllers\BaseController->view('instansi-form.p...', Array)
#7 D:\xampp7\htdocs\dashboardpeg2\system\CodeIgniter.php(832): App\Controllers\Instansi->edit()
#8 D:\xampp7\htdocs\dashboardpeg2\system\CodeIgniter.php(419): CodeIgniter\CodeIgniter->runController(Object(App\Controllers\Instansi))
#9 D:\xampp7\htdocs\dashboardpeg2\system\CodeIgniter.php(326): CodeIgniter\CodeIgniter->handleRequest(NULL, Object(Config\Cache), false)
#10 D:\xampp7\htdocs\dashboardpeg2\index.php(47): CodeIgniter\CodeIgniter->run()
#11 {main}
CRITICAL - 2023-02-14 11:05:30 --> Array to string conversion
#0 D:\xampp7\htdocs\dashboardpeg2\app\Helpers\html_helper.php(48): CodeIgniter\Debug\Exceptions->errorHandler(8, 'Array to string...', 'D:\\xampp7\\htdoc...', 48, Array)
#1 D:\xampp7\htdocs\dashboardpeg2\app\Views\themes\modern\instansi-form.php(48): options(Array, Array, NULL)
#2 D:\xampp7\htdocs\dashboardpeg2\system\View\View.php(210): include('D:\\xampp7\\htdoc...')
#3 D:\xampp7\htdocs\dashboardpeg2\system\View\View.php(213): CodeIgniter\View\View->CodeIgniter\View\{closure}()
#4 D:\xampp7\htdocs\dashboardpeg2\system\Common.php(1089): CodeIgniter\View\View->render('themes/modern/i...', Array, true)
#5 D:\xampp7\htdocs\dashboardpeg2\app\Controllers\BaseController.php(248): view('themes/modern/i...', Array)
#6 D:\xampp7\htdocs\dashboardpeg2\app\Controllers\Instansi.php(132): App\Controllers\BaseController->view('instansi-form.p...', Array)
#7 D:\xampp7\htdocs\dashboardpeg2\system\CodeIgniter.php(832): App\Controllers\Instansi->edit()
#8 D:\xampp7\htdocs\dashboardpeg2\system\CodeIgniter.php(419): CodeIgniter\CodeIgniter->runController(Object(App\Controllers\Instansi))
#9 D:\xampp7\htdocs\dashboardpeg2\system\CodeIgniter.php(326): CodeIgniter\CodeIgniter->handleRequest(NULL, Object(Config\Cache), false)
#10 D:\xampp7\htdocs\dashboardpeg2\index.php(47): CodeIgniter\CodeIgniter->run()
#11 {main}
CRITICAL - 2023-02-14 11:08:35 --> Array to string conversion
#0 D:\xampp7\htdocs\dashboardpeg2\app\Helpers\html_helper.php(48): CodeIgniter\Debug\Exceptions->errorHandler(8, 'Array to string...', 'D:\\xampp7\\htdoc...', 48, Array)
#1 D:\xampp7\htdocs\dashboardpeg2\app\Views\themes\modern\instansi-form.php(48): options(Array, Array, NULL)
#2 D:\xampp7\htdocs\dashboardpeg2\system\View\View.php(210): include('D:\\xampp7\\htdoc...')
#3 D:\xampp7\htdocs\dashboardpeg2\system\View\View.php(213): CodeIgniter\View\View->CodeIgniter\View\{closure}()
#4 D:\xampp7\htdocs\dashboardpeg2\system\Common.php(1089): CodeIgniter\View\View->render('themes/modern/i...', Array, true)
#5 D:\xampp7\htdocs\dashboardpeg2\app\Controllers\BaseController.php(248): view('themes/modern/i...', Array)
#6 D:\xampp7\htdocs\dashboardpeg2\app\Controllers\Instansi.php(132): App\Controllers\BaseController->view('instansi-form.p...', Array)
#7 D:\xampp7\htdocs\dashboardpeg2\system\CodeIgniter.php(832): App\Controllers\Instansi->edit()
#8 D:\xampp7\htdocs\dashboardpeg2\system\CodeIgniter.php(419): CodeIgniter\CodeIgniter->runController(Object(App\Controllers\Instansi))
#9 D:\xampp7\htdocs\dashboardpeg2\system\CodeIgniter.php(326): CodeIgniter\CodeIgniter->handleRequest(NULL, Object(Config\Cache), false)
#10 D:\xampp7\htdocs\dashboardpeg2\index.php(47): CodeIgniter\CodeIgniter->run()
#11 {main}
CRITICAL - 2023-02-14 11:09:02 --> Call to undefined method App\Controllers\Instansi::setData()
#0 D:\xampp7\htdocs\dashboardpeg2\system\CodeIgniter.php(832): App\Controllers\Instansi->edit()
#1 D:\xampp7\htdocs\dashboardpeg2\system\CodeIgniter.php(419): CodeIgniter\CodeIgniter->runController(Object(App\Controllers\Instansi))
#2 D:\xampp7\htdocs\dashboardpeg2\system\CodeIgniter.php(326): CodeIgniter\CodeIgniter->handleRequest(NULL, Object(Config\Cache), false)
#3 D:\xampp7\htdocs\dashboardpeg2\index.php(47): CodeIgniter\CodeIgniter->run()
#4 {main}
CRITICAL - 2023-02-14 11:09:24 --> Undefined variable: data_instansi
#0 D:\xampp7\htdocs\dashboardpeg2\app\Controllers\Instansi.php(123): CodeIgniter\Debug\Exceptions->errorHandler(8, 'Undefined varia...', 'D:\\xampp7\\htdoc...', 123, Array)
#1 D:\xampp7\htdocs\dashboardpeg2\system\CodeIgniter.php(832): App\Controllers\Instansi->edit()
#2 D:\xampp7\htdocs\dashboardpeg2\system\CodeIgniter.php(419): CodeIgniter\CodeIgniter->runController(Object(App\Controllers\Instansi))
#3 D:\xampp7\htdocs\dashboardpeg2\system\CodeIgniter.php(326): CodeIgniter\CodeIgniter->handleRequest(NULL, Object(Config\Cache), false)
#4 D:\xampp7\htdocs\dashboardpeg2\index.php(47): CodeIgniter\CodeIgniter->run()
#5 {main}
CRITICAL - 2023-02-14 11:09:51 --> Array to string conversion
#0 D:\xampp7\htdocs\dashboardpeg2\app\Helpers\html_helper.php(48): CodeIgniter\Debug\Exceptions->errorHandler(8, 'Array to string...', 'D:\\xampp7\\htdoc...', 48, Array)
#1 D:\xampp7\htdocs\dashboardpeg2\app\Views\themes\modern\instansi-form.php(48): options(Array, Array, NULL)
#2 D:\xampp7\htdocs\dashboardpeg2\system\View\View.php(210): include('D:\\xampp7\\htdoc...')
#3 D:\xampp7\htdocs\dashboardpeg2\system\View\View.php(213): CodeIgniter\View\View->CodeIgniter\View\{closure}()
#4 D:\xampp7\htdocs\dashboardpeg2\system\Common.php(1089): CodeIgniter\View\View->render('themes/modern/i...', Array, true)
#5 D:\xampp7\htdocs\dashboardpeg2\app\Controllers\BaseController.php(248): view('themes/modern/i...', Array)
#6 D:\xampp7\htdocs\dashboardpeg2\app\Controllers\Instansi.php(132): App\Controllers\BaseController->view('instansi-form.p...', Array)
#7 D:\xampp7\htdocs\dashboardpeg2\system\CodeIgniter.php(832): App\Controllers\Instansi->edit()
#8 D:\xampp7\htdocs\dashboardpeg2\system\CodeIgniter.php(419): CodeIgniter\CodeIgniter->runController(Object(App\Controllers\Instansi))
#9 D:\xampp7\htdocs\dashboardpeg2\system\CodeIgniter.php(326): CodeIgniter\CodeIgniter->handleRequest(NULL, Object(Config\Cache), false)
#10 D:\xampp7\htdocs\dashboardpeg2\index.php(47): CodeIgniter\CodeIgniter->run()
#11 {main}
CRITICAL - 2023-02-14 11:10:53 --> Array to string conversion
#0 D:\xampp7\htdocs\dashboardpeg2\app\Helpers\html_helper.php(48): CodeIgniter\Debug\Exceptions->errorHandler(8, 'Array to string...', 'D:\\xampp7\\htdoc...', 48, Array)
#1 D:\xampp7\htdocs\dashboardpeg2\app\Views\themes\modern\instansi-form.php(48): options(Array, Array, NULL)
#2 D:\xampp7\htdocs\dashboardpeg2\system\View\View.php(210): include('D:\\xampp7\\htdoc...')
#3 D:\xampp7\htdocs\dashboardpeg2\system\View\View.php(213): CodeIgniter\View\View->CodeIgniter\View\{closure}()
#4 D:\xampp7\htdocs\dashboardpeg2\system\Common.php(1089): CodeIgniter\View\View->render('themes/modern/i...', Array, true)
#5 D:\xampp7\htdocs\dashboardpeg2\app\Controllers\BaseController.php(248): view('themes/modern/i...', Array)
#6 D:\xampp7\htdocs\dashboardpeg2\app\Controllers\Instansi.php(132): App\Controllers\BaseController->view('instansi-form.p...', Array)
#7 D:\xampp7\htdocs\dashboardpeg2\system\CodeIgniter.php(832): App\Controllers\Instansi->edit()
#8 D:\xampp7\htdocs\dashboardpeg2\system\CodeIgniter.php(419): CodeIgniter\CodeIgniter->runController(Object(App\Controllers\Instansi))
#9 D:\xampp7\htdocs\dashboardpeg2\system\CodeIgniter.php(326): CodeIgniter\CodeIgniter->handleRequest(NULL, Object(Config\Cache), false)
#10 D:\xampp7\htdocs\dashboardpeg2\index.php(47): CodeIgniter\CodeIgniter->run()
#11 {main}
CRITICAL - 2023-02-14 11:16:55 --> Undefined variable: penghadap
#0 D:\xampp7\htdocs\dashboardpeg2\app\Views\themes\modern\multiple-fileupload-form.php(68): CodeIgniter\Debug\Exceptions->errorHandler(8, 'Undefined varia...', 'D:\\xampp7\\htdoc...', 68, Array)
#1 D:\xampp7\htdocs\dashboardpeg2\system\View\View.php(210): include('D:\\xampp7\\htdoc...')
#2 D:\xampp7\htdocs\dashboardpeg2\system\View\View.php(213): CodeIgniter\View\View->CodeIgniter\View\{closure}()
#3 D:\xampp7\htdocs\dashboardpeg2\system\Common.php(1089): CodeIgniter\View\View->render('themes/modern/m...', Array, true)
#4 D:\xampp7\htdocs\dashboardpeg2\app\Controllers\BaseController.php(248): view('themes/modern/m...', Array)
#5 D:\xampp7\htdocs\dashboardpeg2\app\Controllers\Instansi.php(127): App\Controllers\BaseController->view('multiple-fileup...', Array)
#6 D:\xampp7\htdocs\dashboardpeg2\system\CodeIgniter.php(832): App\Controllers\Instansi->add()
#7 D:\xampp7\htdocs\dashboardpeg2\system\CodeIgniter.php(419): CodeIgniter\CodeIgniter->runController(Object(App\Controllers\Instansi))
#8 D:\xampp7\htdocs\dashboardpeg2\system\CodeIgniter.php(326): CodeIgniter\CodeIgniter->handleRequest(NULL, Object(Config\Cache), false)
#9 D:\xampp7\htdocs\dashboardpeg2\index.php(47): CodeIgniter\CodeIgniter->run()
#10 {main}
CRITICAL - 2023-02-14 11:18:13 --> Array to string conversion
#0 D:\xampp7\htdocs\dashboardpeg2\app\Helpers\html_helper.php(48): CodeIgniter\Debug\Exceptions->errorHandler(8, 'Array to string...', 'D:\\xampp7\\htdoc...', 48, Array)
#1 D:\xampp7\htdocs\dashboardpeg2\app\Views\themes\modern\instansi-form.php(48): options(Array, Array, NULL)
#2 D:\xampp7\htdocs\dashboardpeg2\system\View\View.php(210): include('D:\\xampp7\\htdoc...')
#3 D:\xampp7\htdocs\dashboardpeg2\system\View\View.php(213): CodeIgniter\View\View->CodeIgniter\View\{closure}()
#4 D:\xampp7\htdocs\dashboardpeg2\system\Common.php(1089): CodeIgniter\View\View->render('themes/modern/i...', Array, true)
#5 D:\xampp7\htdocs\dashboardpeg2\app\Controllers\BaseController.php(248): view('themes/modern/i...', Array)
#6 D:\xampp7\htdocs\dashboardpeg2\app\Controllers\Instansi.php(127): App\Controllers\BaseController->view('instansi-form.p...', Array)
#7 D:\xampp7\htdocs\dashboardpeg2\system\CodeIgniter.php(832): App\Controllers\Instansi->add()
#8 D:\xampp7\htdocs\dashboardpeg2\system\CodeIgniter.php(419): CodeIgniter\CodeIgniter->runController(Object(App\Controllers\Instansi))
#9 D:\xampp7\htdocs\dashboardpeg2\system\CodeIgniter.php(326): CodeIgniter\CodeIgniter->handleRequest(NULL, Object(Config\Cache), false)
#10 D:\xampp7\htdocs\dashboardpeg2\index.php(47): CodeIgniter\CodeIgniter->run()
#11 {main}
CRITICAL - 2023-02-14 11:19:24 --> Array to string conversion
#0 D:\xampp7\htdocs\dashboardpeg2\app\Helpers\html_helper.php(48): CodeIgniter\Debug\Exceptions->errorHandler(8, 'Array to string...', 'D:\\xampp7\\htdoc...', 48, Array)
#1 D:\xampp7\htdocs\dashboardpeg2\app\Views\themes\modern\instansi-form.php(48): options(Array, Array, NULL)
#2 D:\xampp7\htdocs\dashboardpeg2\system\View\View.php(210): include('D:\\xampp7\\htdoc...')
#3 D:\xampp7\htdocs\dashboardpeg2\system\View\View.php(213): CodeIgniter\View\View->CodeIgniter\View\{closure}()
#4 D:\xampp7\htdocs\dashboardpeg2\system\Common.php(1089): CodeIgniter\View\View->render('themes/modern/i...', Array, true)
#5 D:\xampp7\htdocs\dashboardpeg2\app\Controllers\BaseController.php(248): view('themes/modern/i...', Array)
#6 D:\xampp7\htdocs\dashboardpeg2\app\Controllers\Instansi.php(127): App\Controllers\BaseController->view('instansi-form.p...', Array)
#7 D:\xampp7\htdocs\dashboardpeg2\system\CodeIgniter.php(832): App\Controllers\Instansi->add()
#8 D:\xampp7\htdocs\dashboardpeg2\system\CodeIgniter.php(419): CodeIgniter\CodeIgniter->runController(Object(App\Controllers\Instansi))
#9 D:\xampp7\htdocs\dashboardpeg2\system\CodeIgniter.php(326): CodeIgniter\CodeIgniter->handleRequest(NULL, Object(Config\Cache), false)
#10 D:\xampp7\htdocs\dashboardpeg2\index.php(47): CodeIgniter\CodeIgniter->run()
#11 {main}
CRITICAL - 2023-02-14 11:21:18 --> Array to string conversion
#0 D:\xampp7\htdocs\dashboardpeg2\app\Helpers\html_helper.php(48): CodeIgniter\Debug\Exceptions->errorHandler(8, 'Array to string...', 'D:\\xampp7\\htdoc...', 48, Array)
#1 D:\xampp7\htdocs\dashboardpeg2\app\Views\themes\modern\instansi-form.php(48): options(Array, Array, NULL)
#2 D:\xampp7\htdocs\dashboardpeg2\system\View\View.php(210): include('D:\\xampp7\\htdoc...')
#3 D:\xampp7\htdocs\dashboardpeg2\system\View\View.php(213): CodeIgniter\View\View->CodeIgniter\View\{closure}()
#4 D:\xampp7\htdocs\dashboardpeg2\system\Common.php(1089): CodeIgniter\View\View->render('themes/modern/i...', Array, true)
#5 D:\xampp7\htdocs\dashboardpeg2\app\Controllers\BaseController.php(248): view('themes/modern/i...', Array)
#6 D:\xampp7\htdocs\dashboardpeg2\app\Controllers\Instansi.php(127): App\Controllers\BaseController->view('instansi-form.p...', Array)
#7 D:\xampp7\htdocs\dashboardpeg2\system\CodeIgniter.php(832): App\Controllers\Instansi->add()
#8 D:\xampp7\htdocs\dashboardpeg2\system\CodeIgniter.php(419): CodeIgniter\CodeIgniter->runController(Object(App\Controllers\Instansi))
#9 D:\xampp7\htdocs\dashboardpeg2\system\CodeIgniter.php(326): CodeIgniter\CodeIgniter->handleRequest(NULL, Object(Config\Cache), false)
#10 D:\xampp7\htdocs\dashboardpeg2\index.php(47): CodeIgniter\CodeIgniter->run()
#11 {main}
CRITICAL - 2023-02-14 11:24:42 --> Array to string conversion
#0 D:\xampp7\htdocs\dashboardpeg2\app\Helpers\html_helper.php(48): CodeIgniter\Debug\Exceptions->errorHandler(8, 'Array to string...', 'D:\\xampp7\\htdoc...', 48, Array)
#1 D:\xampp7\htdocs\dashboardpeg2\app\Views\themes\modern\instansi-form.php(48): options(Array, Array, NULL)
#2 D:\xampp7\htdocs\dashboardpeg2\system\View\View.php(210): include('D:\\xampp7\\htdoc...')
#3 D:\xampp7\htdocs\dashboardpeg2\system\View\View.php(213): CodeIgniter\View\View->CodeIgniter\View\{closure}()
#4 D:\xampp7\htdocs\dashboardpeg2\system\Common.php(1089): CodeIgniter\View\View->render('themes/modern/i...', Array, true)
#5 D:\xampp7\htdocs\dashboardpeg2\app\Controllers\BaseController.php(248): view('themes/modern/i...', Array)
#6 D:\xampp7\htdocs\dashboardpeg2\app\Controllers\Instansi.php(127): App\Controllers\BaseController->view('instansi-form.p...', Array)
#7 D:\xampp7\htdocs\dashboardpeg2\system\CodeIgniter.php(832): App\Controllers\Instansi->add()
#8 D:\xampp7\htdocs\dashboardpeg2\system\CodeIgniter.php(419): CodeIgniter\CodeIgniter->runController(Object(App\Controllers\Instansi))
#9 D:\xampp7\htdocs\dashboardpeg2\system\CodeIgniter.php(326): CodeIgniter\CodeIgniter->handleRequest(NULL, Object(Config\Cache), false)
#10 D:\xampp7\htdocs\dashboardpeg2\index.php(47): CodeIgniter\CodeIgniter->run()
#11 {main}
CRITICAL - 2023-02-14 11:25:26 --> Array to string conversion
#0 D:\xampp7\htdocs\dashboardpeg2\app\Helpers\html_helper.php(48): CodeIgniter\Debug\Exceptions->errorHandler(8, 'Array to string...', 'D:\\xampp7\\htdoc...', 48, Array)
#1 D:\xampp7\htdocs\dashboardpeg2\app\Views\themes\modern\instansi-form.php(48): options(Array, Array, NULL)
#2 D:\xampp7\htdocs\dashboardpeg2\system\View\View.php(210): include('D:\\xampp7\\htdoc...')
#3 D:\xampp7\htdocs\dashboardpeg2\system\View\View.php(213): CodeIgniter\View\View->CodeIgniter\View\{closure}()
#4 D:\xampp7\htdocs\dashboardpeg2\system\Common.php(1089): CodeIgniter\View\View->render('themes/modern/i...', Array, true)
#5 D:\xampp7\htdocs\dashboardpeg2\app\Controllers\BaseController.php(248): view('themes/modern/i...', Array)
#6 D:\xampp7\htdocs\dashboardpeg2\app\Controllers\Instansi.php(127): App\Controllers\BaseController->view('instansi-form.p...', Array)
#7 D:\xampp7\htdocs\dashboardpeg2\system\CodeIgniter.php(832): App\Controllers\Instansi->add()
#8 D:\xampp7\htdocs\dashboardpeg2\system\CodeIgniter.php(419): CodeIgniter\CodeIgniter->runController(Object(App\Controllers\Instansi))
#9 D:\xampp7\htdocs\dashboardpeg2\system\CodeIgniter.php(326): CodeIgniter\CodeIgniter->handleRequest(NULL, Object(Config\Cache), false)
#10 D:\xampp7\htdocs\dashboardpeg2\index.php(47): CodeIgniter\CodeIgniter->run()
#11 {main}
CRITICAL - 2023-02-14 11:26:36 --> Array to string conversion
#0 D:\xampp7\htdocs\dashboardpeg2\app\Helpers\html_helper.php(48): CodeIgniter\Debug\Exceptions->errorHandler(8, 'Array to string...', 'D:\\xampp7\\htdoc...', 48, Array)
#1 D:\xampp7\htdocs\dashboardpeg2\app\Views\themes\modern\instansi-form.php(48): options(Array, Array, NULL)
#2 D:\xampp7\htdocs\dashboardpeg2\system\View\View.php(210): include('D:\\xampp7\\htdoc...')
#3 D:\xampp7\htdocs\dashboardpeg2\system\View\View.php(213): CodeIgniter\View\View->CodeIgniter\View\{closure}()
#4 D:\xampp7\htdocs\dashboardpeg2\system\Common.php(1089): CodeIgniter\View\View->render('themes/modern/i...', Array, true)
#5 D:\xampp7\htdocs\dashboardpeg2\app\Controllers\BaseController.php(248): view('themes/modern/i...', Array)
#6 D:\xampp7\htdocs\dashboardpeg2\app\Controllers\Instansi.php(127): App\Controllers\BaseController->view('instansi-form.p...', Array)
#7 D:\xampp7\htdocs\dashboardpeg2\system\CodeIgniter.php(832): App\Controllers\Instansi->add()
#8 D:\xampp7\htdocs\dashboardpeg2\system\CodeIgniter.php(419): CodeIgniter\CodeIgniter->runController(Object(App\Controllers\Instansi))
#9 D:\xampp7\htdocs\dashboardpeg2\system\CodeIgniter.php(326): CodeIgniter\CodeIgniter->handleRequest(NULL, Object(Config\Cache), false)
#10 D:\xampp7\htdocs\dashboardpeg2\index.php(47): CodeIgniter\CodeIgniter->run()
#11 {main}
CRITICAL - 2023-02-14 11:29:49 --> [] operator not supported for strings
#0 D:\xampp7\htdocs\dashboardpeg2\app\Controllers\Instansi.php(175): App\Controllers\Instansi->setData('77de68daecd823b...')
#1 D:\xampp7\htdocs\dashboardpeg2\system\CodeIgniter.php(832): App\Controllers\Instansi->edit()
#2 D:\xampp7\htdocs\dashboardpeg2\system\CodeIgniter.php(419): CodeIgniter\CodeIgniter->runController(Object(App\Controllers\Instansi))
#3 D:\xampp7\htdocs\dashboardpeg2\system\CodeIgniter.php(326): CodeIgniter\CodeIgniter->handleRequest(NULL, Object(Config\Cache), false)
#4 D:\xampp7\htdocs\dashboardpeg2\index.php(47): CodeIgniter\CodeIgniter->run()
#5 {main}
